14:46:53.809 [main                     ] DEBUG Logger               - Configured Logger
14:46:53.834 [main                     ] DEBUG GameApplication      - Logging settings
Title: Javatar Game
Version: 1.0
Width: 800
Height: 600
Fullscreen: true
Intro: false
Profiling: false
Single step:false
App Mode: DEVELOPER
Menu Key: ESCAPE
Stage Style: DECORATED
Scene Factory: class com.almasb.fxgl.app.scene.SceneFactory

14:46:54.701 [JavaFX Application Thread] DEBUG FXGLApplication      - Initializing FXGL
14:46:54.707 [JavaFX Application Thread] INFO  Engine               - FXGL-11.14 (01.03.2021 16.59) on WINDOWS (J:15.0.2 FX:15)
14:46:54.708 [JavaFX Application Thread] DEBUG Engine               - JRE Vendor Name: Amazon.com Inc.
14:46:54.708 [JavaFX Application Thread] DEBUG Engine               - Running on OS: Windows 10 version 10.0
14:46:54.709 [JavaFX Application Thread] DEBUG Engine               - Architecture: amd64
14:46:54.710 [JavaFX Application Thread] INFO  Engine               - Source code and latest versions at: https://github.com/AlmasB/FXGL
14:46:54.711 [JavaFX Application Thread] INFO  Engine               -              Join the FXGL chat at: https://gitter.im/AlmasB/FXGL
14:46:54.937 [JavaFX Application Thread] DEBUG PrimaryStageWindow   - Creating a JavaFX scene
14:46:55.052 [JavaFX Application Thread] DEBUG PrimaryStageWindow   - Target settings size: 800.0 x 600.0
14:46:55.053 [JavaFX Application Thread] DEBUG PrimaryStageWindow   - Scaled scene size:    800.0 x 600.0
14:46:55.053 [JavaFX Application Thread] DEBUG PrimaryStageWindow   - Scaled ratio: (1.0, 1.0)
14:46:55.055 [JavaFX Application Thread] DEBUG PrimaryStageWindow   - Set initial scene to FXGLStartupScene
14:46:55.070 [JavaFX Application Thread] DEBUG PrimaryStageWindow   - Opening main window
14:46:55.235 [JavaFX Application Thread] DEBUG PrimaryStageWindow   - Window border size: (14.567138671875, 37.6119384765625)
14:46:55.235 [JavaFX Application Thread] DEBUG PrimaryStageWindow   - Scaled size: 800.0 x 600.0
14:46:55.236 [JavaFX Application Thread] DEBUG PrimaryStageWindow   - Scaled ratio: (1.0, 1.0)
14:46:55.236 [JavaFX Application Thread] DEBUG PrimaryStageWindow   - Scene size: 800.0 x 600.0
14:46:55.236 [JavaFX Application Thread] DEBUG PrimaryStageWindow   - Stage size: 814.567138671875 x 637.6119384765625
14:46:55.352 [JavaFX Application Thread] DEBUG PrimaryStageWindow   - Going fullscreen
14:46:55.392 [FXGL Background Thread 1 ] DEBUG Engine               - Initializing environment variables
14:46:55.467 [FXGL Background Thread 1 ] DEBUG FXGLAssetLoaderServi - User app class for loading assets: class Game
14:46:55.467 [FXGL Background Thread 1 ] DEBUG GameApplicationServi - Applying CSS: fxgl_dark.css
14:46:55.470 [FXGL Background Thread 1 ] DEBUG FXGLAssetLoaderServi - Loading from file system: jar:file:/C:/Users/Sander/.m2/repository/com/github/almasb/fxgl/11.14/fxgl-11.14.jar!/fxglassets/ui/css/fxgl_dark.css
14:46:55.576 [FXGL Background Thread 1 ] DEBUG GameApplicationServi - Initializing application scenes
14:46:55.672 [FXGL Background Thread 1 ] DEBUG GameWorld            - Game world initialized
14:46:55.752 [FXGL Background Thread 1 ] DEBUG PhysicsWorld         - Physics world initialized: appHeight=600, physics.ppm=50,0
14:46:55.752 [FXGL Background Thread 1 ] DEBUG PhysicsWorld         - Using strategy: BRUTE_FORCE
14:46:55.755 [FXGL Background Thread 1 ] DEBUG GameScene            - Game scene initialized: 800x600
14:46:55.796 [FXGL Background Thread 1 ] DEBUG FXGLAssetLoaderServi - Loading from file system: jar:file:/C:/Users/Sander/.m2/repository/com/github/almasb/fxgl/11.14/fxgl-11.14.jar!/fxglassets/textures/particles/trace_horizontal.png
14:46:55.858 [FXGL Background Thread 1 ] DEBUG FXGL.DefaultMenu     - createMenuBodyGameMenu()
14:46:55.876 [FXGL Background Thread 1 ] DEBUG FXGL.DefaultMenu     - createOptionsMenu()
14:46:55.884 [FXGL Background Thread 1 ] DEBUG FXGLAssetLoaderServi - Loading from file system: jar:file:/C:/Users/Sander/.m2/repository/com/github/almasb/fxgl/11.14/fxgl-11.14.jar!/fxglassets/textures/particles/smoke.png
14:46:55.965 [FXGL Background Thread 1 ] DEBUG GameApplicationServi - Application scenes initialized
14:46:55.980 [FXGL Background Thread 1 ] DEBUG SystemBundleService  - Loading FXGL system data
14:46:55.985 [FXGL Background Thread 1 ] DEBUG FileSystemAccess     - Reading from: C:\Users\Sander\IdeaProjects\demo\iposeGameProject\system\fxgl.bundle
14:46:55.993 [FXGL Background Thread 1 ] DEBUG SystemBundleService  - Bundle FXGL: {}
14:46:55.994 [FXGL Background Thread 1 ] DEBUG UpdaterService       - Checking for updates
14:46:56.003 [FXGL Background Thread 1 ] DEBUG FXGLApplication      - Loading default localization
14:46:56.004 [FXGL Background Thread 1 ] DEBUG FXGLAssetLoaderServi - Loading from file system: jar:file:/C:/Users/Sander/.m2/repository/com/github/almasb/fxgl/11.14/fxgl-11.14.jar!/fxglassets/languages/english.lang
14:46:56.040 [FXGL Background Thread 4 ] DEBUG FXGLApplication      - Loading fonts
14:46:56.041 [FXGL Background Thread 4 ] DEBUG FXGLAssetLoaderServi - Loading from file system: jar:file:/C:/Users/Sander/.m2/repository/com/github/almasb/fxgl/11.14/fxgl-11.14.jar!/fxglassets/ui/fonts/VarelaRound-Regular.ttf
14:46:56.047 [FXGL Background Thread 1 ] INFO  FXGLApplication      - FXGL initialization took: 0,655 sec
14:46:56.064 [JavaFX Application Thread] DEBUG Input                - Registered new binding: action0 - D
14:46:56.065 [JavaFX Application Thread] DEBUG Input                - Registered new binding: action1 - A
14:46:56.065 [JavaFX Application Thread] DEBUG Input                - Registered new binding: action2 - W
14:46:56.066 [JavaFX Application Thread] DEBUG Input                - Registered new binding: action3 - S
14:46:56.067 [JavaFX Application Thread] DEBUG Input                - Registered new binding: Shoot - Space
14:46:56.068 [JavaFX Application Thread] DEBUG Input                - Registered new binding: action4 - Q
14:46:56.068 [JavaFX Application Thread] DEBUG Input                - Registered new binding: action5 - E
14:46:56.069 [JavaFX Application Thread] WARN  FXGLAssetLoaderServi - Asset "/assets/music/test.mp3" was not found!
14:46:56.070 [JavaFX Application Thread] WARN  FXGLAssetLoaderServi - Failed to load MUSIC
14:46:56.083 [JavaFX Application Thread] DEBUG AudioPlayer          - Playing music com.almasb.fxgl.audio.Music@28e0946a
14:46:56.086 [JavaFX Application Thread] DEBUG FXGLAssetLoaderServi - Loading from file system: jar:file:/C:/Users/Sander/.m2/repository/com/github/almasb/fxgl/11.14/fxgl-11.14.jar!/fxglassets/textures/fxgl_icon.png
14:46:56.129 [JavaFX Application Thread] DEBUG FXGLAssetLoaderServi - Loading from file system: jar:file:/C:/Users/Sander/.m2/repository/com/github/almasb/fxgl/11.14/fxgl-11.14.jar!/fxglassets/ui/cursors/fxgl_default.png
14:46:56.131 [JavaFX Application Thread] DEBUG Input                - Registered new binding: Screenshot - P
14:46:56.133 [JavaFX Application Thread] DEBUG Input                - Registered new binding: System info dump - CTRL+9
14:46:56.134 [JavaFX Application Thread] DEBUG Input                - Registered new binding: Restart - CTRL+R
14:46:56.135 [JavaFX Application Thread] DEBUG Input                - Registered new binding: Toggle Debug Camera - CTRL+C
14:46:56.139 [JavaFX Application Thread] DEBUG LoopRunner           - Starting loop
14:46:56.139 [JavaFX Application Thread] DEBUG LoopRunner           - Initializing JavaFX AnimationTimerLoop
14:46:56.142 [JavaFX Application Thread] DEBUG GameApplicationServi - Starting new game
14:46:56.142 [JavaFX Application Thread] DEBUG Input                - Clearing active input actions
14:46:56.175 [JavaFX Application Thread] DEBUG GameApplicationServi - Removing overlay from FXGLStartupScene and adding to FXGLLoadingScene
14:46:56.175 [JavaFX Application Thread] DEBUG PrimaryStageWindow   - FXGLStartupScene -> FXGLLoadingScene
14:46:56.176 [JavaFX Application Thread] DEBUG GameApplicationServi - Clearing previous game
14:46:56.176 [JavaFX Application Thread] DEBUG GameScene            - Clearing game scene
14:46:56.176 [JavaFX Application Thread] DEBUG GameWorld            - Clearing game world
14:46:56.176 [JavaFX Application Thread] DEBUG PhysicsWorld         - Clearing physics world
14:46:56.179 [FXGL Background Thread 1 ] DEBUG FXGLApplication      - Initializing game
14:46:56.279 [FXGL Background Thread 1 ] WARN  TMXLevelLoader       - TiledMap generated from 1.8.4. Supported version: 1.2.3. Some features may not be parsed fully.
14:46:56.318 [FXGL Background Thread 1 ] DEBUG TMXLevelLoader       - Parsed raw map: TiledMap(width=15, height=10, tilewidth=70, tileheight=70, orientation=orthogonal, layers=[Layer(width=15, height=10, name=Tilelaag 1, type=tilelayer, visible=false, x=0, y=0, data=[1, 2, 2, 2, 2, 2, 2, 2, 2, 2, 2, 2, 2, 2, 2, 27, 28, 28, 28, 28, 28, 28, 28, 28, 28, 28, 28, 28, 28, 28, 27, 28, 28, 28, 28, 28, 28, 28, 28, 28, 28, 28, 28, 28, 28, 27, 28, 28, 28, 28, 28, 28, 28, 28, 28, 28, 28, 28, 28, 28, 27, 28, 28, 28, 28, 28, 28, 28, 28, 28, 28, 28, 28, 28, 28, 27, 28, 28, 28, 28, 28, 28, 28, 28, 28, 28, 28, 28, 28, 28, 27, 28, 28, 28, 28, 28, 28, 28, 28, 28, 28, 28, 28, 28, 28, 27, 28, 28, 28, 28, 28, 28, 28, 28, 28, 28, 28, 28, 28, 28, 27, 28, 28, 28, 28, 28, 28, 28, 28, 28, 28, 28, 28, 28, 28, 27, 28, 28, 28, 28, 28, 28, 28, 28, 28, 28, 28, 28, 28, 28], objects=[], opacity=0.0, draworder=), Layer(width=0, height=0, name=Objectlaag 1, type=objectgroup, visible=false, x=0, y=0, data=[], objects=[com.almasb.fxgl.entity.level.tiled.TiledObject@21edc62, com.almasb.fxgl.entity.level.tiled.TiledObject@4fe4a496, com.almasb.fxgl.entity.level.tiled.TiledObject@38b83245, com.almasb.fxgl.entity.level.tiled.TiledObject@3e2252cc, com.almasb.fxgl.entity.level.tiled.TiledObject@4aab74a6], opacity=0.0, draworder=)], tilesets=[Tileset(firstgid=1, image=../../../../Downloads/PC Computer - The Binding of Isaac Rebirth - Caves.png, name=PC Computer - The Binding of Isaac Rebirth - Caves, tilewidth=70, tileheight=70, imagewidth=1903, imageheight=468, margin=0, spacing=2, columns=26, tilecount=156, transparentcolor=, tiles=[])], backgroundcolor=, renderorder=right-down, nextobjectid=6, version=1, tiledversion=1.8.4, type=map, infinite=false, hexsidelength=0, staggeraxis=, staggerindex=, properties={}, propertytypes={})
14:46:56.319 [FXGL Background Thread 1 ] DEBUG TMXLevelLoader       - Creating tile layer entities
14:46:56.321 [FXGL Background Thread 1 ] DEBUG TilesetLoader        - Loading view for layer Tilelaag 1
14:46:56.323 [FXGL Background Thread 1 ] DEBUG TilesetLoader        - Created buffer with size 1050.0x700.0
14:46:56.459 [FXGL Background Thread 1 ] DEBUG TilesetLoader        - Writing to buffer: dst=0,0, w=70,h=70, src=0,0
14:46:56.460 [FXGL Background Thread 1 ] DEBUG TilesetLoader        - Writing to buffer: dst=70,0, w=70,h=70, src=72,0
14:46:56.461 [FXGL Background Thread 1 ] DEBUG TilesetLoader        - Writing to buffer: dst=140,0, w=70,h=70, src=72,0
14:46:56.461 [FXGL Background Thread 1 ] DEBUG TilesetLoader        - Writing to buffer: dst=210,0, w=70,h=70, src=72,0
14:46:56.461 [FXGL Background Thread 1 ] DEBUG TilesetLoader        - Writing to buffer: dst=280,0, w=70,h=70, src=72,0
14:46:56.462 [FXGL Background Thread 1 ] DEBUG TilesetLoader        - Writing to buffer: dst=350,0, w=70,h=70, src=72,0
14:46:56.462 [FXGL Background Thread 1 ] DEBUG TilesetLoader        - Writing to buffer: dst=420,0, w=70,h=70, src=72,0
14:46:56.463 [FXGL Background Thread 1 ] DEBUG TilesetLoader        - Writing to buffer: dst=490,0, w=70,h=70, src=72,0
14:46:56.463 [FXGL Background Thread 1 ] DEBUG TilesetLoader        - Writing to buffer: dst=560,0, w=70,h=70, src=72,0
14:46:56.463 [FXGL Background Thread 1 ] DEBUG TilesetLoader        - Writing to buffer: dst=630,0, w=70,h=70, src=72,0
14:46:56.464 [FXGL Background Thread 1 ] DEBUG TilesetLoader        - Writing to buffer: dst=700,0, w=70,h=70, src=72,0
14:46:56.464 [FXGL Background Thread 1 ] DEBUG TilesetLoader        - Writing to buffer: dst=770,0, w=70,h=70, src=72,0
14:46:56.464 [FXGL Background Thread 1 ] DEBUG TilesetLoader        - Writing to buffer: dst=840,0, w=70,h=70, src=72,0
14:46:56.465 [FXGL Background Thread 1 ] DEBUG TilesetLoader        - Writing to buffer: dst=910,0, w=70,h=70, src=72,0
14:46:56.465 [FXGL Background Thread 1 ] DEBUG TilesetLoader        - Writing to buffer: dst=980,0, w=70,h=70, src=72,0
14:46:56.465 [FXGL Background Thread 1 ] DEBUG TilesetLoader        - Writing to buffer: dst=0,70, w=70,h=70, src=0,72
14:46:56.466 [FXGL Background Thread 1 ] DEBUG TilesetLoader        - Writing to buffer: dst=70,70, w=70,h=70, src=72,72
14:46:56.467 [FXGL Background Thread 1 ] DEBUG TilesetLoader        - Writing to buffer: dst=140,70, w=70,h=70, src=72,72
14:46:56.467 [FXGL Background Thread 1 ] DEBUG TilesetLoader        - Writing to buffer: dst=210,70, w=70,h=70, src=72,72
14:46:56.467 [FXGL Background Thread 1 ] DEBUG TilesetLoader        - Writing to buffer: dst=280,70, w=70,h=70, src=72,72
14:46:56.468 [FXGL Background Thread 1 ] DEBUG TilesetLoader        - Writing to buffer: dst=350,70, w=70,h=70, src=72,72
14:46:56.469 [FXGL Background Thread 1 ] DEBUG TilesetLoader        - Writing to buffer: dst=420,70, w=70,h=70, src=72,72
14:46:56.469 [FXGL Background Thread 1 ] DEBUG TilesetLoader        - Writing to buffer: dst=490,70, w=70,h=70, src=72,72
14:46:56.469 [FXGL Background Thread 1 ] DEBUG TilesetLoader        - Writing to buffer: dst=560,70, w=70,h=70, src=72,72
14:46:56.469 [FXGL Background Thread 1 ] DEBUG TilesetLoader        - Writing to buffer: dst=630,70, w=70,h=70, src=72,72
14:46:56.470 [FXGL Background Thread 1 ] DEBUG TilesetLoader        - Writing to buffer: dst=700,70, w=70,h=70, src=72,72
14:46:56.471 [FXGL Background Thread 1 ] DEBUG TilesetLoader        - Writing to buffer: dst=770,70, w=70,h=70, src=72,72
14:46:56.471 [FXGL Background Thread 1 ] DEBUG TilesetLoader        - Writing to buffer: dst=840,70, w=70,h=70, src=72,72
14:46:56.471 [FXGL Background Thread 1 ] DEBUG TilesetLoader        - Writing to buffer: dst=910,70, w=70,h=70, src=72,72
14:46:56.471 [FXGL Background Thread 1 ] DEBUG TilesetLoader        - Writing to buffer: dst=980,70, w=70,h=70, src=72,72
14:46:56.472 [FXGL Background Thread 1 ] DEBUG TilesetLoader        - Writing to buffer: dst=0,140, w=70,h=70, src=0,72
14:46:56.472 [FXGL Background Thread 1 ] DEBUG TilesetLoader        - Writing to buffer: dst=70,140, w=70,h=70, src=72,72
14:46:56.472 [FXGL Background Thread 1 ] DEBUG TilesetLoader        - Writing to buffer: dst=140,140, w=70,h=70, src=72,72
14:46:56.472 [FXGL Background Thread 1 ] DEBUG TilesetLoader        - Writing to buffer: dst=210,140, w=70,h=70, src=72,72
14:46:56.473 [FXGL Background Thread 1 ] DEBUG TilesetLoader        - Writing to buffer: dst=280,140, w=70,h=70, src=72,72
14:46:56.473 [FXGL Background Thread 1 ] DEBUG TilesetLoader        - Writing to buffer: dst=350,140, w=70,h=70, src=72,72
14:46:56.473 [FXGL Background Thread 1 ] DEBUG TilesetLoader        - Writing to buffer: dst=420,140, w=70,h=70, src=72,72
14:46:56.474 [FXGL Background Thread 1 ] DEBUG TilesetLoader        - Writing to buffer: dst=490,140, w=70,h=70, src=72,72
14:46:56.474 [FXGL Background Thread 1 ] DEBUG TilesetLoader        - Writing to buffer: dst=560,140, w=70,h=70, src=72,72
14:46:56.474 [FXGL Background Thread 1 ] DEBUG TilesetLoader        - Writing to buffer: dst=630,140, w=70,h=70, src=72,72
14:46:56.474 [FXGL Background Thread 1 ] DEBUG TilesetLoader        - Writing to buffer: dst=700,140, w=70,h=70, src=72,72
14:46:56.475 [FXGL Background Thread 1 ] DEBUG TilesetLoader        - Writing to buffer: dst=770,140, w=70,h=70, src=72,72
14:46:56.475 [FXGL Background Thread 1 ] DEBUG TilesetLoader        - Writing to buffer: dst=840,140, w=70,h=70, src=72,72
14:46:56.475 [FXGL Background Thread 1 ] DEBUG TilesetLoader        - Writing to buffer: dst=910,140, w=70,h=70, src=72,72
14:46:56.475 [FXGL Background Thread 1 ] DEBUG TilesetLoader        - Writing to buffer: dst=980,140, w=70,h=70, src=72,72
14:46:56.476 [FXGL Background Thread 1 ] DEBUG TilesetLoader        - Writing to buffer: dst=0,210, w=70,h=70, src=0,72
14:46:56.476 [FXGL Background Thread 1 ] DEBUG TilesetLoader        - Writing to buffer: dst=70,210, w=70,h=70, src=72,72
14:46:56.476 [FXGL Background Thread 1 ] DEBUG TilesetLoader        - Writing to buffer: dst=140,210, w=70,h=70, src=72,72
14:46:56.477 [FXGL Background Thread 1 ] DEBUG TilesetLoader        - Writing to buffer: dst=210,210, w=70,h=70, src=72,72
14:46:56.477 [FXGL Background Thread 1 ] DEBUG TilesetLoader        - Writing to buffer: dst=280,210, w=70,h=70, src=72,72
14:46:56.477 [FXGL Background Thread 1 ] DEBUG TilesetLoader        - Writing to buffer: dst=350,210, w=70,h=70, src=72,72
14:46:56.477 [FXGL Background Thread 1 ] DEBUG TilesetLoader        - Writing to buffer: dst=420,210, w=70,h=70, src=72,72
14:46:56.478 [FXGL Background Thread 1 ] DEBUG TilesetLoader        - Writing to buffer: dst=490,210, w=70,h=70, src=72,72
14:46:56.478 [FXGL Background Thread 1 ] DEBUG TilesetLoader        - Writing to buffer: dst=560,210, w=70,h=70, src=72,72
14:46:56.478 [FXGL Background Thread 1 ] DEBUG TilesetLoader        - Writing to buffer: dst=630,210, w=70,h=70, src=72,72
14:46:56.478 [FXGL Background Thread 1 ] DEBUG TilesetLoader        - Writing to buffer: dst=700,210, w=70,h=70, src=72,72
14:46:56.479 [FXGL Background Thread 1 ] DEBUG TilesetLoader        - Writing to buffer: dst=770,210, w=70,h=70, src=72,72
14:46:56.479 [FXGL Background Thread 1 ] DEBUG TilesetLoader        - Writing to buffer: dst=840,210, w=70,h=70, src=72,72
14:46:56.479 [FXGL Background Thread 1 ] DEBUG TilesetLoader        - Writing to buffer: dst=910,210, w=70,h=70, src=72,72
14:46:56.479 [FXGL Background Thread 1 ] DEBUG TilesetLoader        - Writing to buffer: dst=980,210, w=70,h=70, src=72,72
14:46:56.480 [FXGL Background Thread 1 ] DEBUG TilesetLoader        - Writing to buffer: dst=0,280, w=70,h=70, src=0,72
14:46:56.480 [FXGL Background Thread 1 ] DEBUG TilesetLoader        - Writing to buffer: dst=70,280, w=70,h=70, src=72,72
14:46:56.480 [FXGL Background Thread 1 ] DEBUG TilesetLoader        - Writing to buffer: dst=140,280, w=70,h=70, src=72,72
14:46:56.481 [FXGL Background Thread 1 ] DEBUG TilesetLoader        - Writing to buffer: dst=210,280, w=70,h=70, src=72,72
14:46:56.481 [FXGL Background Thread 1 ] DEBUG TilesetLoader        - Writing to buffer: dst=280,280, w=70,h=70, src=72,72
14:46:56.481 [FXGL Background Thread 1 ] DEBUG TilesetLoader        - Writing to buffer: dst=350,280, w=70,h=70, src=72,72
14:46:56.482 [FXGL Background Thread 1 ] DEBUG TilesetLoader        - Writing to buffer: dst=420,280, w=70,h=70, src=72,72
14:46:56.482 [FXGL Background Thread 1 ] DEBUG TilesetLoader        - Writing to buffer: dst=490,280, w=70,h=70, src=72,72
14:46:56.482 [FXGL Background Thread 1 ] DEBUG TilesetLoader        - Writing to buffer: dst=560,280, w=70,h=70, src=72,72
14:46:56.482 [FXGL Background Thread 1 ] DEBUG TilesetLoader        - Writing to buffer: dst=630,280, w=70,h=70, src=72,72
14:46:56.483 [FXGL Background Thread 1 ] DEBUG TilesetLoader        - Writing to buffer: dst=700,280, w=70,h=70, src=72,72
14:46:56.483 [FXGL Background Thread 1 ] DEBUG TilesetLoader        - Writing to buffer: dst=770,280, w=70,h=70, src=72,72
14:46:56.483 [FXGL Background Thread 1 ] DEBUG TilesetLoader        - Writing to buffer: dst=840,280, w=70,h=70, src=72,72
14:46:56.483 [FXGL Background Thread 1 ] DEBUG TilesetLoader        - Writing to buffer: dst=910,280, w=70,h=70, src=72,72
14:46:56.484 [FXGL Background Thread 1 ] DEBUG TilesetLoader        - Writing to buffer: dst=980,280, w=70,h=70, src=72,72
14:46:56.484 [FXGL Background Thread 1 ] DEBUG TilesetLoader        - Writing to buffer: dst=0,350, w=70,h=70, src=0,72
14:46:56.484 [FXGL Background Thread 1 ] DEBUG TilesetLoader        - Writing to buffer: dst=70,350, w=70,h=70, src=72,72
14:46:56.485 [FXGL Background Thread 1 ] DEBUG TilesetLoader        - Writing to buffer: dst=140,350, w=70,h=70, src=72,72
14:46:56.485 [FXGL Background Thread 1 ] DEBUG TilesetLoader        - Writing to buffer: dst=210,350, w=70,h=70, src=72,72
14:46:56.485 [FXGL Background Thread 1 ] DEBUG TilesetLoader        - Writing to buffer: dst=280,350, w=70,h=70, src=72,72
14:46:56.485 [FXGL Background Thread 1 ] DEBUG TilesetLoader        - Writing to buffer: dst=350,350, w=70,h=70, src=72,72
14:46:56.486 [FXGL Background Thread 1 ] DEBUG TilesetLoader        - Writing to buffer: dst=420,350, w=70,h=70, src=72,72
14:46:56.486 [FXGL Background Thread 1 ] DEBUG TilesetLoader        - Writing to buffer: dst=490,350, w=70,h=70, src=72,72
14:46:56.486 [FXGL Background Thread 1 ] DEBUG TilesetLoader        - Writing to buffer: dst=560,350, w=70,h=70, src=72,72
14:46:56.486 [FXGL Background Thread 1 ] DEBUG TilesetLoader        - Writing to buffer: dst=630,350, w=70,h=70, src=72,72
14:46:56.487 [FXGL Background Thread 1 ] DEBUG TilesetLoader        - Writing to buffer: dst=700,350, w=70,h=70, src=72,72
14:46:56.487 [FXGL Background Thread 1 ] DEBUG TilesetLoader        - Writing to buffer: dst=770,350, w=70,h=70, src=72,72
14:46:56.487 [FXGL Background Thread 1 ] DEBUG TilesetLoader        - Writing to buffer: dst=840,350, w=70,h=70, src=72,72
14:46:56.487 [FXGL Background Thread 1 ] DEBUG TilesetLoader        - Writing to buffer: dst=910,350, w=70,h=70, src=72,72
14:46:56.488 [FXGL Background Thread 1 ] DEBUG TilesetLoader        - Writing to buffer: dst=980,350, w=70,h=70, src=72,72
14:46:56.488 [FXGL Background Thread 1 ] DEBUG TilesetLoader        - Writing to buffer: dst=0,420, w=70,h=70, src=0,72
14:46:56.488 [FXGL Background Thread 1 ] DEBUG TilesetLoader        - Writing to buffer: dst=70,420, w=70,h=70, src=72,72
14:46:56.489 [FXGL Background Thread 1 ] DEBUG TilesetLoader        - Writing to buffer: dst=140,420, w=70,h=70, src=72,72
14:46:56.490 [FXGL Background Thread 1 ] DEBUG TilesetLoader        - Writing to buffer: dst=210,420, w=70,h=70, src=72,72
14:46:56.490 [FXGL Background Thread 1 ] DEBUG TilesetLoader        - Writing to buffer: dst=280,420, w=70,h=70, src=72,72
14:46:56.491 [FXGL Background Thread 1 ] DEBUG TilesetLoader        - Writing to buffer: dst=350,420, w=70,h=70, src=72,72
14:46:56.491 [FXGL Background Thread 1 ] DEBUG TilesetLoader        - Writing to buffer: dst=420,420, w=70,h=70, src=72,72
14:46:56.491 [FXGL Background Thread 1 ] DEBUG TilesetLoader        - Writing to buffer: dst=490,420, w=70,h=70, src=72,72
14:46:56.492 [FXGL Background Thread 1 ] DEBUG TilesetLoader        - Writing to buffer: dst=560,420, w=70,h=70, src=72,72
14:46:56.492 [FXGL Background Thread 1 ] DEBUG TilesetLoader        - Writing to buffer: dst=630,420, w=70,h=70, src=72,72
14:46:56.492 [FXGL Background Thread 1 ] DEBUG TilesetLoader        - Writing to buffer: dst=700,420, w=70,h=70, src=72,72
14:46:56.492 [FXGL Background Thread 1 ] DEBUG TilesetLoader        - Writing to buffer: dst=770,420, w=70,h=70, src=72,72
14:46:56.493 [FXGL Background Thread 1 ] DEBUG TilesetLoader        - Writing to buffer: dst=840,420, w=70,h=70, src=72,72
14:46:56.493 [FXGL Background Thread 1 ] DEBUG TilesetLoader        - Writing to buffer: dst=910,420, w=70,h=70, src=72,72
14:46:56.493 [FXGL Background Thread 1 ] DEBUG TilesetLoader        - Writing to buffer: dst=980,420, w=70,h=70, src=72,72
14:46:56.494 [FXGL Background Thread 1 ] DEBUG TilesetLoader        - Writing to buffer: dst=0,490, w=70,h=70, src=0,72
14:46:56.494 [FXGL Background Thread 1 ] DEBUG TilesetLoader        - Writing to buffer: dst=70,490, w=70,h=70, src=72,72
14:46:56.494 [FXGL Background Thread 1 ] DEBUG TilesetLoader        - Writing to buffer: dst=140,490, w=70,h=70, src=72,72
14:46:56.495 [FXGL Background Thread 1 ] DEBUG TilesetLoader        - Writing to buffer: dst=210,490, w=70,h=70, src=72,72
14:46:56.495 [FXGL Background Thread 1 ] DEBUG TilesetLoader        - Writing to buffer: dst=280,490, w=70,h=70, src=72,72
14:46:56.496 [FXGL Background Thread 1 ] DEBUG TilesetLoader        - Writing to buffer: dst=350,490, w=70,h=70, src=72,72
14:46:56.496 [FXGL Background Thread 1 ] DEBUG TilesetLoader        - Writing to buffer: dst=420,490, w=70,h=70, src=72,72
14:46:56.496 [FXGL Background Thread 1 ] DEBUG TilesetLoader        - Writing to buffer: dst=490,490, w=70,h=70, src=72,72
14:46:56.497 [FXGL Background Thread 1 ] DEBUG TilesetLoader        - Writing to buffer: dst=560,490, w=70,h=70, src=72,72
14:46:56.497 [FXGL Background Thread 1 ] DEBUG TilesetLoader        - Writing to buffer: dst=630,490, w=70,h=70, src=72,72
14:46:56.497 [FXGL Background Thread 1 ] DEBUG TilesetLoader        - Writing to buffer: dst=700,490, w=70,h=70, src=72,72
14:46:56.497 [FXGL Background Thread 1 ] DEBUG TilesetLoader        - Writing to buffer: dst=770,490, w=70,h=70, src=72,72
14:46:56.498 [FXGL Background Thread 1 ] DEBUG TilesetLoader        - Writing to buffer: dst=840,490, w=70,h=70, src=72,72
14:46:56.498 [FXGL Background Thread 1 ] DEBUG TilesetLoader        - Writing to buffer: dst=910,490, w=70,h=70, src=72,72
14:46:56.498 [FXGL Background Thread 1 ] DEBUG TilesetLoader        - Writing to buffer: dst=980,490, w=70,h=70, src=72,72
14:46:56.499 [FXGL Background Thread 1 ] DEBUG TilesetLoader        - Writing to buffer: dst=0,560, w=70,h=70, src=0,72
14:46:56.499 [FXGL Background Thread 1 ] DEBUG TilesetLoader        - Writing to buffer: dst=70,560, w=70,h=70, src=72,72
14:46:56.499 [FXGL Background Thread 1 ] DEBUG TilesetLoader        - Writing to buffer: dst=140,560, w=70,h=70, src=72,72
14:46:56.499 [FXGL Background Thread 1 ] DEBUG TilesetLoader        - Writing to buffer: dst=210,560, w=70,h=70, src=72,72
14:46:56.501 [FXGL Background Thread 1 ] DEBUG TilesetLoader        - Writing to buffer: dst=280,560, w=70,h=70, src=72,72
14:46:56.502 [FXGL Background Thread 1 ] DEBUG TilesetLoader        - Writing to buffer: dst=350,560, w=70,h=70, src=72,72
14:46:56.502 [FXGL Background Thread 1 ] DEBUG TilesetLoader        - Writing to buffer: dst=420,560, w=70,h=70, src=72,72
14:46:56.503 [FXGL Background Thread 1 ] DEBUG TilesetLoader        - Writing to buffer: dst=490,560, w=70,h=70, src=72,72
14:46:56.503 [FXGL Background Thread 1 ] DEBUG TilesetLoader        - Writing to buffer: dst=560,560, w=70,h=70, src=72,72
14:46:56.503 [FXGL Background Thread 1 ] DEBUG TilesetLoader        - Writing to buffer: dst=630,560, w=70,h=70, src=72,72
14:46:56.504 [FXGL Background Thread 1 ] DEBUG TilesetLoader        - Writing to buffer: dst=700,560, w=70,h=70, src=72,72
14:46:56.504 [FXGL Background Thread 1 ] DEBUG TilesetLoader        - Writing to buffer: dst=770,560, w=70,h=70, src=72,72
14:46:56.505 [FXGL Background Thread 1 ] DEBUG TilesetLoader        - Writing to buffer: dst=840,560, w=70,h=70, src=72,72
14:46:56.506 [FXGL Background Thread 1 ] DEBUG TilesetLoader        - Writing to buffer: dst=910,560, w=70,h=70, src=72,72
14:46:56.509 [FXGL Background Thread 1 ] DEBUG TilesetLoader        - Writing to buffer: dst=980,560, w=70,h=70, src=72,72
14:46:56.509 [FXGL Background Thread 1 ] DEBUG TilesetLoader        - Writing to buffer: dst=0,630, w=70,h=70, src=0,72
14:46:56.509 [FXGL Background Thread 1 ] DEBUG TilesetLoader        - Writing to buffer: dst=70,630, w=70,h=70, src=72,72
14:46:56.510 [FXGL Background Thread 1 ] DEBUG TilesetLoader        - Writing to buffer: dst=140,630, w=70,h=70, src=72,72
14:46:56.510 [FXGL Background Thread 1 ] DEBUG TilesetLoader        - Writing to buffer: dst=210,630, w=70,h=70, src=72,72
14:46:56.511 [FXGL Background Thread 1 ] DEBUG TilesetLoader        - Writing to buffer: dst=280,630, w=70,h=70, src=72,72
14:46:56.511 [FXGL Background Thread 1 ] DEBUG TilesetLoader        - Writing to buffer: dst=350,630, w=70,h=70, src=72,72
14:46:56.511 [FXGL Background Thread 1 ] DEBUG TilesetLoader        - Writing to buffer: dst=420,630, w=70,h=70, src=72,72
14:46:56.511 [FXGL Background Thread 1 ] DEBUG TilesetLoader        - Writing to buffer: dst=490,630, w=70,h=70, src=72,72
14:46:56.512 [FXGL Background Thread 1 ] DEBUG TilesetLoader        - Writing to buffer: dst=560,630, w=70,h=70, src=72,72
14:46:56.517 [FXGL Background Thread 1 ] DEBUG TilesetLoader        - Writing to buffer: dst=630,630, w=70,h=70, src=72,72
14:46:56.517 [FXGL Background Thread 1 ] DEBUG TilesetLoader        - Writing to buffer: dst=700,630, w=70,h=70, src=72,72
14:46:56.518 [FXGL Background Thread 1 ] DEBUG TilesetLoader        - Writing to buffer: dst=770,630, w=70,h=70, src=72,72
14:46:56.524 [FXGL Background Thread 1 ] DEBUG TilesetLoader        - Writing to buffer: dst=840,630, w=70,h=70, src=72,72
14:46:56.526 [FXGL Background Thread 1 ] DEBUG TilesetLoader        - Writing to buffer: dst=910,630, w=70,h=70, src=72,72
14:46:56.527 [FXGL Background Thread 1 ] DEBUG TilesetLoader        - Writing to buffer: dst=980,630, w=70,h=70, src=72,72
14:46:56.529 [FXGL Background Thread 1 ] DEBUG TMXLevelLoader       - Creating object layer entities
14:46:56.544 [FXGL Background Thread 4 ] DEBUG FXGLAssetLoaderServi - Loading from file system: jar:file:/C:/Users/Sander/.m2/repository/com/github/almasb/fxgl/11.14/fxgl-11.14.jar!/fxglassets/ui/fonts/Abel-Regular.ttf
14:46:56.564 [FXGL Background Thread 4 ] DEBUG FXGLAssetLoaderServi - Loading from file system: jar:file:/C:/Users/Sander/.m2/repository/com/github/almasb/fxgl/11.14/fxgl-11.14.jar!/fxglassets/ui/fonts/lucida_console.ttf
14:46:56.591 [FXGL Background Thread 1 ] WARN  FXGLAssetLoaderServi - Asset "/assets/textures/-left.png" was not found!
14:46:56.591 [FXGL Background Thread 1 ] WARN  FXGLAssetLoaderServi - Failed to load IMAGE
14:46:56.611 [FXGL Background Thread 4 ] DEBUG FXGLAssetLoaderServi - Loading from file system: jar:file:/C:/Users/Sander/.m2/repository/com/github/almasb/fxgl/11.14/fxgl-11.14.jar!/fxglassets/ui/fonts/Courier-Prime.ttf
14:46:56.631 [FXGL Background Thread 1 ] WARN  FXGLAssetLoaderServi - Asset "/assets/textures/-right.png" was not found!
14:46:56.631 [FXGL Background Thread 1 ] WARN  FXGLAssetLoaderServi - Failed to load IMAGE
14:46:56.632 [FXGL Background Thread 1 ] WARN  FXGLAssetLoaderServi - Asset "/assets/textures/-up-down.png" was not found!
14:46:56.633 [FXGL Background Thread 1 ] WARN  FXGLAssetLoaderServi - Failed to load IMAGE
14:46:56.645 [FXGL Background Thread 1 ] DEBUG GameWorld            - Clearing removable entities
14:46:56.647 [FXGL Background Thread 1 ] DEBUG GameWorld            - Setting level: com.almasb.fxgl.entity.level.Level@171ba471
14:46:56.666 [FXGL Background Thread 1 ] DEBUG FXGLAssetLoaderServi - Loading from file system: file:/C:/Users/Sander/IdeaProjects/demo/iposeGameProject/target/classes/assets/textures/among-us.gif
14:46:56.691 [JavaFX Application Thread] DEBUG FXGLApplication      - Registering font factories with UI factory
14:46:57.045 [FXGL Background Thread 2 ] INFO  UpdaterService       - Your current version:  11.14
14:46:57.045 [FXGL Background Thread 2 ] INFO  UpdaterService       - Latest stable version: 17.1
14:46:57.068 [FXGL Background Thread 1 ] INFO  FXGLApplication      - Game initialization took: 0,889 sec
14:46:57.088 [JavaFX Application Thread] DEBUG Input                - Clearing active input actions
14:46:57.120 [JavaFX Application Thread] DEBUG GameApplicationServi - Removing overlay from FXGLLoadingScene and adding to GameScene
14:46:57.121 [JavaFX Application Thread] DEBUG PrimaryStageWindow   - FXGLLoadingScene -> GameScene
14:46:59.002 [FXGL Background Thread 3 ] DEBUG Engine               - Logging environment variables
14:46:59.002 [FXGL Background Thread 3 ] DEBUG Engine               - achievements: []
14:46:59.002 [FXGL Background Thread 3 ] DEBUG Engine               - actualHeight: 773.7313232421875
14:46:59.002 [FXGL Background Thread 3 ] DEBUG Engine               - actualHeightProperty: ReadOnlyDoubleProperty [value: 773.7313232421875]
14:46:59.002 [FXGL Background Thread 3 ] DEBUG Engine               - actualWidth: 1375.5223388671875
14:46:59.003 [FXGL Background Thread 3 ] DEBUG Engine               - actualWidthProperty: ReadOnlyDoubleProperty [value: 1375.5223388671875]
14:46:59.003 [FXGL Background Thread 3 ] DEBUG Engine               - appIcon: fxgl_icon.png
14:46:59.003 [FXGL Background Thread 3 ] DEBUG Engine               - applicationMode: DEVELOPER
14:46:59.003 [FXGL Background Thread 3 ] DEBUG Engine               - cSSList: [fxgl_dark.css]
14:46:59.003 [FXGL Background Thread 3 ] DEBUG Engine               - collisionDetectionStrategy: BRUTE_FORCE
14:46:59.004 [FXGL Background Thread 3 ] DEBUG Engine               - configClass: Optional.empty
14:46:59.004 [FXGL Background Thread 3 ] DEBUG Engine               - credits: []
14:46:59.005 [FXGL Background Thread 3 ] DEBUG Engine               - devBBoxColorProperty: ObjectProperty [value: 0xff0000ff]
14:46:59.006 [FXGL Background Thread 3 ] DEBUG Engine               - devEnableDebugCameraProperty: BooleanProperty [value: false]
14:46:59.006 [FXGL Background Thread 3 ] DEBUG Engine               - devSensorColorProperty: ObjectProperty [value: 0xffff00ff]
14:46:59.006 [FXGL Background Thread 3 ] DEBUG Engine               - devShowBBoxProperty: BooleanProperty [value: false]
14:46:59.007 [FXGL Background Thread 3 ] DEBUG Engine               - devShowPositionProperty: BooleanProperty [value: false]
14:46:59.007 [FXGL Background Thread 3 ] DEBUG Engine               - enabledMenuItems: []
14:46:59.007 [FXGL Background Thread 3 ] DEBUG Engine               - engineServices: [class com.almasb.fxgl.app.services.FXGLAssetLoaderService, class com.almasb.fxgl.app.FXGLApplication$GameApplicationService, class com.almasb.fxgl.app.services.FXGLDialogService, class com.almasb.fxgl.app.services.IOTaskExecutorService, class com.almasb.fxgl.event.EventBusService, class com.almasb.fxgl.io.FileSystemService, class com.almasb.fxgl.localization.LocalizationService, class com.almasb.fxgl.app.services.SystemBundleService, class com.almasb.fxgl.profile.SaveLoadService, class com.almasb.fxgl.ui.FXGLUIFactoryServiceProvider, class com.almasb.fxgl.ui.FXGLDialogFactoryServiceProvider, class com.almasb.fxgl.audio.AudioPlayer, class com.almasb.fxgl.notification.impl.NotificationServiceProvider, class com.almasb.fxgl.achievement.AchievementService, class com.almasb.fxgl.cutscene.CutsceneService, class com.almasb.fxgl.minigames.MiniGameService, class com.almasb.fxgl.net.NetService, class com.almasb.fxgl.app.services.UpdaterService, class com.almasb.fxgl.dev.DevService]
14:46:59.008 [FXGL Background Thread 3 ] DEBUG Engine               - fontGame: Abel-Regular.ttf
14:46:59.008 [FXGL Background Thread 3 ] DEBUG Engine               - fontMono: lucida_console.ttf
14:46:59.008 [FXGL Background Thread 3 ] DEBUG Engine               - fontText: Courier-Prime.ttf
14:46:59.008 [FXGL Background Thread 3 ] DEBUG Engine               - fontUI: VarelaRound-Regular.ttf
14:46:59.009 [FXGL Background Thread 3 ] DEBUG Engine               - fullScreen: BooleanProperty [value: true]
14:46:59.009 [FXGL Background Thread 3 ] DEBUG Engine               - gameDifficulty: MEDIUM
14:46:59.010 [FXGL Background Thread 3 ] DEBUG Engine               - gameDifficultyProperty: ObjectProperty [value: MEDIUM]
14:46:59.010 [FXGL Background Thread 3 ] DEBUG Engine               - globalMusicVolume: 0.5
14:46:59.011 [FXGL Background Thread 3 ] DEBUG Engine               - globalMusicVolumeProperty: DoubleProperty [value: 100.0]
14:46:59.011 [FXGL Background Thread 3 ] DEBUG Engine               - globalSoundVolume: 0.5
14:46:59.011 [FXGL Background Thread 3 ] DEBUG Engine               - globalSoundVolumeProperty: DoubleProperty [value: 0.5]
14:46:59.011 [FXGL Background Thread 3 ] DEBUG Engine               - height: 600
14:46:59.012 [FXGL Background Thread 3 ] DEBUG Engine               - isAndroid: false
14:46:59.012 [FXGL Background Thread 3 ] DEBUG Engine               - isBrowser: false
14:46:59.012 [FXGL Background Thread 3 ] DEBUG Engine               - isClickFeedbackEnabled: false
14:46:59.013 [FXGL Background Thread 3 ] DEBUG Engine               - isCloseConfirmation: false
14:46:59.013 [FXGL Background Thread 3 ] DEBUG Engine               - isDesktop: true
14:46:59.013 [FXGL Background Thread 3 ] DEBUG Engine               - isDeveloperMenuEnabled: false
14:46:59.013 [FXGL Background Thread 3 ] DEBUG Engine               - isEntityPreloadEnabled: true
14:46:59.014 [FXGL Background Thread 3 ] DEBUG Engine               - isExperimental3D: false
14:46:59.014 [FXGL Background Thread 3 ] DEBUG Engine               - isExperimentalNative: false
14:46:59.014 [FXGL Background Thread 3 ] DEBUG Engine               - isExperimentalTiledLargeMap: false
14:46:59.015 [FXGL Background Thread 3 ] DEBUG Engine               - isFileSystemWriteAllowed: true
14:46:59.017 [FXGL Background Thread 3 ] DEBUG Engine               - isFullScreenAllowed: true
14:46:59.017 [FXGL Background Thread 3 ] DEBUG Engine               - isFullScreenFromStart: true
14:46:59.018 [FXGL Background Thread 3 ] DEBUG Engine               - isGameMenuEnabled: true
14:46:59.019 [FXGL Background Thread 3 ] DEBUG Engine               - isIOS: false
14:46:59.019 [FXGL Background Thread 3 ] DEBUG Engine               - isIntroEnabled: false
14:46:59.020 [FXGL Background Thread 3 ] DEBUG Engine               - isLinux: false
14:46:59.020 [FXGL Background Thread 3 ] DEBUG Engine               - isMac: false
14:46:59.020 [FXGL Background Thread 3 ] DEBUG Engine               - isMainMenuEnabled: false
14:46:59.021 [FXGL Background Thread 3 ] DEBUG Engine               - isManualResizeEnabled: false
14:46:59.021 [FXGL Background Thread 3 ] DEBUG Engine               - isMobile: false
14:46:59.021 [FXGL Background Thread 3 ] DEBUG Engine               - isPreserveResizeRatio: false
14:46:59.021 [FXGL Background Thread 3 ] DEBUG Engine               - isProfilingEnabled: false
14:46:59.022 [FXGL Background Thread 3 ] DEBUG Engine               - isScaleAffectedOnResize: true
14:46:59.022 [FXGL Background Thread 3 ] DEBUG Engine               - isSingleStep: false
14:46:59.022 [FXGL Background Thread 3 ] DEBUG Engine               - isUserProfileEnabled: false
14:46:59.022 [FXGL Background Thread 3 ] DEBUG Engine               - isWindows: true
14:46:59.023 [FXGL Background Thread 3 ] DEBUG Engine               - language: ObjectProperty [value: ENGLISH]
14:46:59.023 [FXGL Background Thread 3 ] DEBUG Engine               - menuKey: ESCAPE
14:46:59.023 [FXGL Background Thread 3 ] DEBUG Engine               - notificationViewClass: class com.almasb.fxgl.notification.view.XboxNotificationView
14:46:59.024 [FXGL Background Thread 3 ] DEBUG Engine               - pixelsPerMeter: 50.0
14:46:59.024 [FXGL Background Thread 3 ] DEBUG Engine               - platform: WINDOWS
14:46:59.024 [FXGL Background Thread 3 ] DEBUG Engine               - prefHeightProperty: ReadOnlyDoubleProperty [value: 600.0]
14:46:59.024 [FXGL Background Thread 3 ] DEBUG Engine               - prefWidthProperty: ReadOnlyDoubleProperty [value: 800.0]
14:46:59.024 [FXGL Background Thread 3 ] DEBUG Engine               - profileDir: profiles/
14:46:59.025 [FXGL Background Thread 3 ] DEBUG Engine               - profileName: StringProperty [value: DEFAULT]
14:46:59.025 [FXGL Background Thread 3 ] DEBUG Engine               - randomSeed: -1
14:46:59.025 [FXGL Background Thread 3 ] DEBUG Engine               - runtimeInfo: RuntimeInfo(platform=WINDOWS, version=11.14, build=01.03.2021 16.59)
14:46:59.025 [FXGL Background Thread 3 ] DEBUG Engine               - saveFileExt: sav
14:46:59.026 [FXGL Background Thread 3 ] DEBUG Engine               - scaledHeightProp$fxgl: DoubleProperty [bound, value: 773.7313232421875]
14:46:59.026 [FXGL Background Thread 3 ] DEBUG Engine               - scaledWidthProp$fxgl: DoubleProperty [bound, value: 1375.5223388671875]
14:46:59.026 [FXGL Background Thread 3 ] DEBUG Engine               - sceneFactory: com.almasb.fxgl.app.scene.SceneFactory@13868e1
14:46:59.026 [FXGL Background Thread 3 ] DEBUG Engine               - secondsIn24h: 60
14:46:59.026 [FXGL Background Thread 3 ] DEBUG Engine               - soundMenuBack: menu/back.wav
14:46:59.027 [FXGL Background Thread 3 ] DEBUG Engine               - soundMenuPress: menu/press.wav
14:46:59.027 [FXGL Background Thread 3 ] DEBUG Engine               - soundMenuSelect: menu/select.wav
14:46:59.027 [FXGL Background Thread 3 ] DEBUG Engine               - soundNotification: core/notification.wav
14:46:59.027 [FXGL Background Thread 3 ] DEBUG Engine               - stageStyle: DECORATED
14:46:59.027 [FXGL Background Thread 3 ] DEBUG Engine               - supportedLanguages: [ENGLISH, FRENCH, GERMAN, HUNGARIAN, RUSSIAN]
14:46:59.027 [FXGL Background Thread 3 ] DEBUG Engine               - ticksPerSecond: -1
14:46:59.027 [FXGL Background Thread 3 ] DEBUG Engine               - title: Javatar Game
14:46:59.028 [FXGL Background Thread 3 ] DEBUG Engine               - urlGithub: https://github.com/AlmasB/FXGL
14:46:59.028 [FXGL Background Thread 3 ] DEBUG Engine               - urlLeaderboard: http://fxgl-top.herokuapp.com/
14:46:59.028 [FXGL Background Thread 3 ] DEBUG Engine               - urlPOM: https://raw.githubusercontent.com/AlmasB/FXGL/release/README.md
14:46:59.028 [FXGL Background Thread 3 ] DEBUG Engine               - userAppClass: class Game
14:46:59.028 [FXGL Background Thread 3 ] DEBUG Engine               - version: 1.0
14:46:59.029 [FXGL Background Thread 3 ] DEBUG Engine               - versionCheckDays: 7
14:46:59.029 [FXGL Background Thread 3 ] DEBUG Engine               - width: 800
14:46:59.029 [FXGL Background Thread 3 ] DEBUG Engine               - Logging services
14:46:59.029 [FXGL Background Thread 3 ] DEBUG Engine               - class com.almasb.fxgl.app.services.FXGLAssetLoaderService
14:46:59.029 [FXGL Background Thread 3 ] DEBUG Engine               - class com.almasb.fxgl.app.FXGLApplication$GameApplicationService
14:46:59.030 [FXGL Background Thread 3 ] DEBUG Engine               - class com.almasb.fxgl.app.services.FXGLDialogService
14:46:59.030 [FXGL Background Thread 3 ] DEBUG Engine               - class com.almasb.fxgl.app.services.IOTaskExecutorService
14:46:59.030 [FXGL Background Thread 3 ] DEBUG Engine               - class com.almasb.fxgl.event.EventBusService
14:46:59.031 [FXGL Background Thread 3 ] DEBUG Engine               - class com.almasb.fxgl.io.FileSystemService
14:46:59.031 [FXGL Background Thread 3 ] DEBUG Engine               - class com.almasb.fxgl.localization.LocalizationService
14:46:59.032 [FXGL Background Thread 3 ] DEBUG Engine               - class com.almasb.fxgl.app.services.SystemBundleService
14:46:59.033 [FXGL Background Thread 3 ] DEBUG Engine               - class com.almasb.fxgl.profile.SaveLoadService
14:46:59.033 [FXGL Background Thread 3 ] DEBUG Engine               - class com.almasb.fxgl.ui.FXGLUIFactoryServiceProvider
14:46:59.033 [FXGL Background Thread 3 ] DEBUG Engine               - class com.almasb.fxgl.ui.FXGLDialogFactoryServiceProvider
14:46:59.034 [FXGL Background Thread 3 ] DEBUG Engine               - class com.almasb.fxgl.audio.AudioPlayer
14:46:59.034 [FXGL Background Thread 3 ] DEBUG Engine               - class com.almasb.fxgl.notification.impl.NotificationServiceProvider
14:46:59.034 [FXGL Background Thread 3 ] DEBUG Engine               - class com.almasb.fxgl.achievement.AchievementService
14:46:59.034 [FXGL Background Thread 3 ] DEBUG Engine               - class com.almasb.fxgl.cutscene.CutsceneService
14:46:59.034 [FXGL Background Thread 3 ] DEBUG Engine               - class com.almasb.fxgl.minigames.MiniGameService
14:46:59.035 [FXGL Background Thread 3 ] DEBUG Engine               - class com.almasb.fxgl.net.NetService
14:46:59.035 [FXGL Background Thread 3 ] DEBUG Engine               - class com.almasb.fxgl.app.services.UpdaterService
14:46:59.035 [FXGL Background Thread 3 ] DEBUG Engine               - class com.almasb.fxgl.dev.DevService
14:46:59.688 [JavaFX Application Thread] DEBUG PrimaryStageWindow   - Push state: FXGLDefaultMenu
14:46:59.700 [JavaFX Application Thread] DEBUG Input                - Clearing active input actions
14:46:59.705 [JavaFX Application Thread] DEBUG GameApplicationServi - Removing overlay from GameScene and adding to FXGLDefaultMenu
14:46:59.706 [JavaFX Application Thread] DEBUG PrimaryStageWindow   - GameScene -> FXGLDefaultMenu
14:47:01.182 [JavaFX Application Thread] DEBUG Menu                 - fireExit()
14:47:01.191 [JavaFX Application Thread] DEBUG PrimaryStageWindow   - Push state: DialogSubScene
14:47:01.192 [JavaFX Application Thread] DEBUG Input                - Clearing active input actions
14:47:01.194 [JavaFX Application Thread] DEBUG GameApplicationServi - Removing overlay from FXGLDefaultMenu and adding to DialogSubScene
14:47:01.194 [JavaFX Application Thread] DEBUG PrimaryStageWindow   - FXGLDefaultMenu -> DialogSubScene
14:47:02.264 [JavaFX Application Thread] DEBUG PrimaryStageWindow   - Pop state: DialogSubScene
14:47:02.264 [JavaFX Application Thread] DEBUG Input                - Clearing active input actions
14:47:02.267 [JavaFX Application Thread] DEBUG GameApplicationServi - Removing overlay from DialogSubScene and adding to FXGLDefaultMenu
14:47:02.269 [JavaFX Application Thread] DEBUG PrimaryStageWindow   - FXGLDefaultMenu <- DialogSubScene
14:47:02.269 [JavaFX Application Thread] DEBUG FXGLApplication      - Exiting FXGL
14:47:02.270 [JavaFX Application Thread] DEBUG LoopRunner           - Stopping loop
14:47:02.270 [JavaFX Application Thread] DEBUG SystemBundleService  - Saving FXGL system data
14:47:02.277 [JavaFX Application Thread] DEBUG FileSystemAccess     - Writing to: C:\Users\Sander\IdeaProjects\demo\iposeGameProject\system\fxgl.bundle
14:47:02.282 [JavaFX Application Thread] DEBUG Async                - Shutting down background threads
14:47:02.283 [JavaFX Application Thread] DEBUG PrimaryStageWindow   - Closing main window
14:47:02.328 [JavaFX Application Thread] DEBUG Logger               - Closing Logger
