17:17:36.100 [main                     ] DEBUG Logger               - Configured Logger
17:17:36.124 [main                     ] DEBUG GameApplication      - Logging settings
Title: Javatar Game
Version: 1.0
Width: 1050
Height: 700
Fullscreen: true
Intro: false
Profiling: false
Single step:false
App Mode: DEVELOPER
Menu Key: ESCAPE
Stage Style: DECORATED
Scene Factory: class Game$1

17:17:36.634 [JavaFX Application Thread] DEBUG FXGLApplication      - Initializing FXGL
17:17:36.636 [JavaFX Application Thread] INFO  Engine               - FXGL-11.14 (01.03.2021 16.59) on WINDOWS (J:15.0.2 FX:15)
17:17:36.636 [JavaFX Application Thread] DEBUG Engine               - JRE Vendor Name: Oracle Corporation
17:17:36.637 [JavaFX Application Thread] DEBUG Engine               - Running on OS: Windows 10 version 10.0
17:17:36.637 [JavaFX Application Thread] DEBUG Engine               - Architecture: amd64
17:17:36.637 [JavaFX Application Thread] INFO  Engine               - Source code and latest versions at: https://github.com/AlmasB/FXGL
17:17:36.637 [JavaFX Application Thread] INFO  Engine               -              Join the FXGL chat at: https://gitter.im/AlmasB/FXGL
17:17:36.785 [JavaFX Application Thread] DEBUG PrimaryStageWindow   - Creating a JavaFX scene
17:17:36.856 [JavaFX Application Thread] DEBUG PrimaryStageWindow   - Target settings size: 1050.0 x 700.0
17:17:36.856 [JavaFX Application Thread] DEBUG PrimaryStageWindow   - Scaled scene size:    1050.0 x 700.0
17:17:36.857 [JavaFX Application Thread] DEBUG PrimaryStageWindow   - Scaled ratio: (1.0, 1.0)
17:17:36.858 [JavaFX Application Thread] DEBUG PrimaryStageWindow   - Set initial scene to FXGLStartupScene
17:17:36.870 [JavaFX Application Thread] DEBUG PrimaryStageWindow   - Opening main window
17:17:37.042 [JavaFX Application Thread] DEBUG PrimaryStageWindow   - Window border size: (14.800048828125, 37.5999755859375)
17:17:37.042 [JavaFX Application Thread] DEBUG PrimaryStageWindow   - Scaled size: 1050.0 x 700.0
17:17:37.043 [JavaFX Application Thread] DEBUG PrimaryStageWindow   - Scaled ratio: (1.0, 1.0)
17:17:37.043 [JavaFX Application Thread] DEBUG PrimaryStageWindow   - Scene size: 1050.0 x 700.0
17:17:37.043 [JavaFX Application Thread] DEBUG PrimaryStageWindow   - Stage size: 1064.800048828125 x 737.5999755859375
17:17:37.118 [JavaFX Application Thread] DEBUG PrimaryStageWindow   - Going fullscreen
17:17:37.127 [FXGL Background Thread 1 ] DEBUG Engine               - Initializing environment variables
17:17:37.169 [FXGL Background Thread 1 ] DEBUG FXGLAssetLoaderServi - User app class for loading assets: class Game
17:17:37.169 [FXGL Background Thread 1 ] DEBUG GameApplicationServi - Applying CSS: fxgl_dark.css
17:17:37.170 [FXGL Background Thread 1 ] DEBUG FXGLAssetLoaderServi - Loading from file system: jar:file:/C:/Users/thoma/.m2/repository/com/github/almasb/fxgl/11.14/fxgl-11.14.jar!/fxglassets/ui/css/fxgl_dark.css
17:17:37.226 [FXGL Background Thread 1 ] DEBUG GameApplicationServi - Initializing application scenes
17:17:37.272 [FXGL Background Thread 1 ] DEBUG GameWorld            - Game world initialized
17:17:37.365 [FXGL Background Thread 1 ] DEBUG PhysicsWorld         - Physics world initialized: appHeight=700, physics.ppm=50,0
17:17:37.365 [FXGL Background Thread 1 ] DEBUG PhysicsWorld         - Using strategy: BRUTE_FORCE
17:17:37.370 [FXGL Background Thread 1 ] DEBUG GameScene            - Game scene initialized: 1050x700
17:17:37.435 [FXGL Background Thread 1 ] DEBUG FXGLAssetLoaderServi - Loading from file system: jar:file:/C:/Users/thoma/.m2/repository/com/github/almasb/fxgl/11.14/fxgl-11.14.jar!/fxglassets/textures/particles/trace_horizontal.png
17:17:37.501 [FXGL Background Thread 1 ] DEBUG FXGL.DefaultMenu     - createMenuBodyGameMenu()
17:17:37.518 [FXGL Background Thread 1 ] DEBUG FXGL.DefaultMenu     - createOptionsMenu()
17:17:37.527 [FXGL Background Thread 1 ] DEBUG FXGLAssetLoaderServi - Loading from file system: jar:file:/C:/Users/thoma/.m2/repository/com/github/almasb/fxgl/11.14/fxgl-11.14.jar!/fxglassets/textures/particles/smoke.png
17:17:37.592 [FXGL Background Thread 1 ] DEBUG GameApplicationServi - Application scenes initialized
17:17:37.609 [FXGL Background Thread 1 ] DEBUG SystemBundleService  - Loading FXGL system data
17:17:37.614 [FXGL Background Thread 1 ] DEBUG FileSystemAccess     - Reading from: C:\Users\thoma\Downloads\IPOHBO1-master\system\fxgl.bundle
17:17:37.621 [FXGL Background Thread 1 ] DEBUG SystemBundleService  - Bundle FXGL: {}
17:17:37.622 [FXGL Background Thread 1 ] DEBUG UpdaterService       - Checking for updates
17:17:37.666 [FXGL Background Thread 4 ] DEBUG FXGLApplication      - Loading fonts
17:17:37.666 [FXGL Background Thread 1 ] DEBUG FXGLApplication      - Loading default localization
17:17:37.667 [FXGL Background Thread 4 ] DEBUG FXGLAssetLoaderServi - Loading from file system: jar:file:/C:/Users/thoma/.m2/repository/com/github/almasb/fxgl/11.14/fxgl-11.14.jar!/fxglassets/ui/fonts/VarelaRound-Regular.ttf
17:17:37.667 [FXGL Background Thread 1 ] DEBUG FXGLAssetLoaderServi - Loading from file system: jar:file:/C:/Users/thoma/.m2/repository/com/github/almasb/fxgl/11.14/fxgl-11.14.jar!/fxglassets/languages/english.lang
17:17:37.689 [FXGL Background Thread 1 ] INFO  FXGLApplication      - FXGL initialization took: 0,562 sec
17:17:37.701 [JavaFX Application Thread] DEBUG Input                - Registered new binding: toLeft - A
17:17:37.702 [JavaFX Application Thread] DEBUG Input                - Registered new binding: toRight - D
17:17:37.702 [JavaFX Application Thread] DEBUG Input                - Registered new binding: toUp - W
17:17:37.702 [JavaFX Application Thread] DEBUG Input                - Registered new binding: toDown - S
17:17:37.703 [JavaFX Application Thread] DEBUG Input                - Registered new binding: r_left - Q
17:17:37.703 [JavaFX Application Thread] DEBUG Input                - Registered new binding: r_right - E
17:17:37.703 [JavaFX Application Thread] DEBUG Input                - Registered new binding: bullet - Space
17:17:37.705 [JavaFX Application Thread] WARN  FXGLAssetLoaderServi - Asset "/assets/music/test.mp3" was not found!
17:17:37.705 [JavaFX Application Thread] WARN  FXGLAssetLoaderServi - Failed to load MUSIC
17:17:37.707 [JavaFX Application Thread] DEBUG AudioPlayer          - Playing music com.almasb.fxgl.audio.Music@45c01a98
17:17:37.708 [JavaFX Application Thread] DEBUG FXGLAssetLoaderServi - Loading from file system: jar:file:/C:/Users/thoma/.m2/repository/com/github/almasb/fxgl/11.14/fxgl-11.14.jar!/fxglassets/textures/fxgl_icon.png
17:17:37.746 [JavaFX Application Thread] DEBUG FXGLAssetLoaderServi - Loading from file system: jar:file:/C:/Users/thoma/.m2/repository/com/github/almasb/fxgl/11.14/fxgl-11.14.jar!/fxglassets/ui/cursors/fxgl_default.png
17:17:37.752 [JavaFX Application Thread] DEBUG Input                - Registered new binding: Screenshot - P
17:17:37.753 [JavaFX Application Thread] DEBUG Input                - Registered new binding: Dev Options - 1
17:17:37.754 [JavaFX Application Thread] DEBUG Input                - Registered new binding: Dev Console - 2
17:17:37.755 [JavaFX Application Thread] DEBUG Input                - Registered new binding: System info dump - CTRL+9
17:17:37.756 [JavaFX Application Thread] DEBUG Input                - Registered new binding: Restart - CTRL+R
17:17:37.758 [JavaFX Application Thread] DEBUG Input                - Registered new binding: Toggle Debug Camera - CTRL+C
17:17:37.765 [JavaFX Application Thread] DEBUG LoopRunner           - Starting loop
17:17:37.778 [FXGL Background Thread 4 ] DEBUG FXGLAssetLoaderServi - Loading from file system: jar:file:/C:/Users/thoma/.m2/repository/com/github/almasb/fxgl/11.14/fxgl-11.14.jar!/fxglassets/ui/fonts/Abel-Regular.ttf
17:17:37.785 [JavaFX Application Thread] DEBUG LoopRunner           - Initializing JavaFX AnimationTimerLoop
17:17:37.790 [FXGL Background Thread 4 ] DEBUG FXGLAssetLoaderServi - Loading from file system: jar:file:/C:/Users/thoma/.m2/repository/com/github/almasb/fxgl/11.14/fxgl-11.14.jar!/fxglassets/ui/fonts/lucida_console.ttf
17:17:37.792 [JavaFX Application Thread] DEBUG Input                - Clearing active input actions
17:17:37.797 [FXGL Background Thread 4 ] DEBUG FXGLAssetLoaderServi - Loading from file system: jar:file:/C:/Users/thoma/.m2/repository/com/github/almasb/fxgl/11.14/fxgl-11.14.jar!/fxglassets/ui/fonts/Courier-Prime.ttf
17:17:37.806 [JavaFX Application Thread] DEBUG GameApplicationServi - Removing overlay from FXGLStartupScene and adding to FXGLMainMenuDummyScene
17:17:37.815 [JavaFX Application Thread] DEBUG PrimaryStageWindow   - FXGLStartupScene -> FXGLMainMenuDummyScene
17:17:37.815 [JavaFX Application Thread] DEBUG PrimaryStageWindow   - Push state: JavatarMainMenu
17:17:37.815 [JavaFX Application Thread] DEBUG Input                - Clearing active input actions
17:17:37.827 [JavaFX Application Thread] DEBUG GameApplicationServi - Removing overlay from FXGLMainMenuDummyScene and adding to JavatarMainMenu
17:17:37.828 [JavaFX Application Thread] DEBUG PrimaryStageWindow   - FXGLMainMenuDummyScene -> JavatarMainMenu
17:17:38.143 [FXGL Background Thread 2 ] INFO  UpdaterService       - Your current version:  11.14
17:17:38.143 [FXGL Background Thread 2 ] INFO  UpdaterService       - Latest stable version: 17.1
17:17:38.947 [JavaFX Application Thread] DEBUG FXGLApplication      - Registering font factories with UI factory
17:17:39.774 [JavaFX Application Thread] DEBUG Menu                 - fireNewGame()
17:17:39.775 [JavaFX Application Thread] DEBUG GameApplicationServi - Starting new game
17:17:39.775 [JavaFX Application Thread] DEBUG PrimaryStageWindow   - Pop state: JavatarMainMenu
17:17:39.775 [JavaFX Application Thread] DEBUG Input                - Clearing active input actions
17:17:39.777 [JavaFX Application Thread] DEBUG GameApplicationServi - Removing overlay from JavatarMainMenu and adding to FXGLMainMenuDummyScene
17:17:39.780 [JavaFX Application Thread] DEBUG PrimaryStageWindow   - FXGLMainMenuDummyScene <- JavatarMainMenu
17:17:39.780 [JavaFX Application Thread] DEBUG Input                - Clearing active input actions
17:17:39.787 [JavaFX Application Thread] DEBUG GameApplicationServi - Removing overlay from FXGLMainMenuDummyScene and adding to FXGLLoadingScene
17:17:39.788 [JavaFX Application Thread] DEBUG PrimaryStageWindow   - FXGLMainMenuDummyScene -> FXGLLoadingScene
17:17:39.788 [JavaFX Application Thread] DEBUG GameApplicationServi - Clearing previous game
17:17:39.789 [JavaFX Application Thread] DEBUG GameScene            - Clearing game scene
17:17:39.789 [JavaFX Application Thread] DEBUG GameWorld            - Clearing game world
17:17:39.789 [JavaFX Application Thread] DEBUG PhysicsWorld         - Clearing physics world
17:17:39.791 [FXGL Background Thread 2 ] DEBUG FXGLApplication      - Initializing game
17:17:39.828 [FXGL Background Thread 2 ] WARN  TMXLevelLoader       - TiledMap generated from 1.8.4. Supported version: 1.2.3. Some features may not be parsed fully.
17:17:39.841 [FXGL Background Thread 2 ] DEBUG TMXLevelLoader       - Parsed raw map: TiledMap(width=15, height=10, tilewidth=70, tileheight=70, orientation=orthogonal, layers=[Layer(width=15, height=10, name=room, type=tilelayer, visible=false, x=0, y=0, data=[1, 2, 2, 2, 2, 2, 2, 2, 2, 2, 2, 2, 2, 2, 630, 27, 28, 28, 28, 28, 28, 28, 28, 28, 28, 28, 28, 28, 28, 636, 27, 28, 28, 28, 28, 28, 28, 28, 28, 28, 28, 28, 28, 28, 636, 27, 28, 28, 28, 28, 28, 28, 28, 28, 28, 28, 28, 28, 28, 636, 27, 28, 28, 28, 28, 28, 28, 28, 28, 28, 28, 28, 28, 28, 636, 27, 28, 28, 28, 28, 28, 28, 28, 28, 28, 28, 28, 28, 28, 636, 27, 28, 28, 28, 28, 28, 28, 28, 28, 28, 28, 28, 28, 28, 636, 27, 28, 28, 28, 28, 28, 28, 28, 28, 28, 28, 28, 28, 28, 636, 27, 28, 28, 28, 28, 28, 28, 28, 28, 28, 28, 28, 28, 28, 636, 1087, 311, 311, 311, 311, 311, 311, 311, 311, 311, 311, 311, 311, 311, 312], objects=[], opacity=0.0, draworder=), Layer(width=0, height=0, name=enemy, type=objectgroup, visible=false, x=0, y=0, data=[], objects=[com.almasb.fxgl.entity.level.tiled.TiledObject@2996cc71, com.almasb.fxgl.entity.level.tiled.TiledObject@73cce2e9, com.almasb.fxgl.entity.level.tiled.TiledObject@3404650a, com.almasb.fxgl.entity.level.tiled.TiledObject@697a7ec5, com.almasb.fxgl.entity.level.tiled.TiledObject@7690c2df], opacity=0.0, draworder=), Layer(width=0, height=0, name=wall, type=objectgroup, visible=false, x=0, y=0, data=[], objects=[com.almasb.fxgl.entity.level.tiled.TiledObject@62dfbd4e, com.almasb.fxgl.entity.level.tiled.TiledObject@75e4b82a, com.almasb.fxgl.entity.level.tiled.TiledObject@4fd27c05, com.almasb.fxgl.entity.level.tiled.TiledObject@3fa4c91a], opacity=0.0, draworder=)], tilesets=[Tileset(firstgid=1, image=../../../../Downloads/PC Computer - The Binding of Isaac Rebirth - Caves.png, name=PC Computer - The Binding of Isaac Rebirth - Caves, tilewidth=70, tileheight=70, imagewidth=1903, imageheight=468, margin=0, spacing=2, columns=26, tilecount=156, transparentcolor=, tiles=[]), Tileset(firstgid=157, image=Binding of Isaac map bottom.png, name=Binding of Isaac map bottom, tilewidth=70, tileheight=70, imagewidth=1903, imageheight=468, margin=0, spacing=2, columns=26, tilecount=156, transparentcolor=, tiles=[]), Tileset(firstgid=313, image=PC Computer - The Binding of Isaac Rebirth - Caves - Copy.png, name=PC Computer - The Binding of Isaac Rebirth - Caves - Copy, tilewidth=70, tileheight=70, imagewidth=530, imageheight=468, margin=0, spacing=2, columns=7, tilecount=156, transparentcolor=, tiles=[]), Tileset(firstgid=469, image=Binding of Isaac map links.png, name=Binding of Isaac map links, tilewidth=70, tileheight=70, imagewidth=468, imageheight=1903, margin=0, spacing=2, columns=6, tilecount=156, transparentcolor=, tiles=[]), Tileset(firstgid=625, image=Binding of Isaac map right.png, name=Binding of Isaac map right, tilewidth=70, tileheight=70, imagewidth=468, imageheight=1903, margin=0, spacing=2, columns=6, tilecount=156, transparentcolor=, tiles=[]), Tileset(firstgid=781, image=PC Computer - The Binding of Isaac Rebirth - Caves.png, name=PC Computer - The Binding of Isaac Rebirth - Caves, tilewidth=70, tileheight=70, imagewidth=1903, imageheight=468, margin=0, spacing=2, columns=26, tilecount=156, transparentcolor=, tiles=[]), Tileset(firstgid=937, image=Binding of Isaac map left.png, name=Binding of Isaac map left, tilewidth=70, tileheight=70, imagewidth=467, imageheight=1903, margin=0, spacing=2, columns=6, tilecount=156, transparentcolor=, tiles=[])], backgroundcolor=, renderorder=right-down, nextobjectid=21, version=1, tiledversion=1.8.4, type=map, infinite=false, hexsidelength=0, staggeraxis=, staggerindex=, properties={}, propertytypes={})
17:17:39.844 [FXGL Background Thread 2 ] DEBUG TMXLevelLoader       - Creating tile layer entities
17:17:39.845 [FXGL Background Thread 2 ] DEBUG TilesetLoader        - Loading view for layer room
17:17:39.847 [FXGL Background Thread 2 ] DEBUG TilesetLoader        - Created buffer with size 1050.0x700.0
17:17:39.900 [FXGL Background Thread 2 ] DEBUG TilesetLoader        - Writing to buffer: dst=0,0, w=70,h=70, src=0,0
17:17:39.901 [FXGL Background Thread 2 ] DEBUG TilesetLoader        - Writing to buffer: dst=70,0, w=70,h=70, src=72,0
17:17:39.901 [FXGL Background Thread 2 ] DEBUG TilesetLoader        - Writing to buffer: dst=140,0, w=70,h=70, src=72,0
17:17:39.902 [FXGL Background Thread 2 ] DEBUG TilesetLoader        - Writing to buffer: dst=210,0, w=70,h=70, src=72,0
17:17:39.902 [FXGL Background Thread 2 ] DEBUG TilesetLoader        - Writing to buffer: dst=280,0, w=70,h=70, src=72,0
17:17:39.902 [FXGL Background Thread 2 ] DEBUG TilesetLoader        - Writing to buffer: dst=350,0, w=70,h=70, src=72,0
17:17:39.902 [FXGL Background Thread 2 ] DEBUG TilesetLoader        - Writing to buffer: dst=420,0, w=70,h=70, src=72,0
17:17:39.902 [FXGL Background Thread 2 ] DEBUG TilesetLoader        - Writing to buffer: dst=490,0, w=70,h=70, src=72,0
17:17:39.903 [FXGL Background Thread 2 ] DEBUG TilesetLoader        - Writing to buffer: dst=560,0, w=70,h=70, src=72,0
17:17:39.903 [FXGL Background Thread 2 ] DEBUG TilesetLoader        - Writing to buffer: dst=630,0, w=70,h=70, src=72,0
17:17:39.903 [FXGL Background Thread 2 ] DEBUG TilesetLoader        - Writing to buffer: dst=700,0, w=70,h=70, src=72,0
17:17:39.904 [FXGL Background Thread 2 ] DEBUG TilesetLoader        - Writing to buffer: dst=770,0, w=70,h=70, src=72,0
17:17:39.904 [FXGL Background Thread 2 ] DEBUG TilesetLoader        - Writing to buffer: dst=840,0, w=70,h=70, src=72,0
17:17:39.904 [FXGL Background Thread 2 ] DEBUG TilesetLoader        - Writing to buffer: dst=910,0, w=70,h=70, src=72,0
17:17:39.940 [FXGL Background Thread 2 ] DEBUG TilesetLoader        - Writing to buffer: dst=980,0, w=70,h=70, src=360,0
17:17:39.940 [FXGL Background Thread 2 ] DEBUG TilesetLoader        - Writing to buffer: dst=0,70, w=70,h=70, src=0,72
17:17:39.941 [FXGL Background Thread 2 ] DEBUG TilesetLoader        - Writing to buffer: dst=70,70, w=70,h=70, src=72,72
17:17:39.941 [FXGL Background Thread 2 ] DEBUG TilesetLoader        - Writing to buffer: dst=140,70, w=70,h=70, src=72,72
17:17:39.941 [FXGL Background Thread 2 ] DEBUG TilesetLoader        - Writing to buffer: dst=210,70, w=70,h=70, src=72,72
17:17:39.941 [FXGL Background Thread 2 ] DEBUG TilesetLoader        - Writing to buffer: dst=280,70, w=70,h=70, src=72,72
17:17:39.942 [FXGL Background Thread 2 ] DEBUG TilesetLoader        - Writing to buffer: dst=350,70, w=70,h=70, src=72,72
17:17:39.942 [FXGL Background Thread 2 ] DEBUG TilesetLoader        - Writing to buffer: dst=420,70, w=70,h=70, src=72,72
17:17:39.942 [FXGL Background Thread 2 ] DEBUG TilesetLoader        - Writing to buffer: dst=490,70, w=70,h=70, src=72,72
17:17:39.942 [FXGL Background Thread 2 ] DEBUG TilesetLoader        - Writing to buffer: dst=560,70, w=70,h=70, src=72,72
17:17:39.943 [FXGL Background Thread 2 ] DEBUG TilesetLoader        - Writing to buffer: dst=630,70, w=70,h=70, src=72,72
17:17:39.943 [FXGL Background Thread 2 ] DEBUG TilesetLoader        - Writing to buffer: dst=700,70, w=70,h=70, src=72,72
17:17:39.943 [FXGL Background Thread 2 ] DEBUG TilesetLoader        - Writing to buffer: dst=770,70, w=70,h=70, src=72,72
17:17:39.943 [FXGL Background Thread 2 ] DEBUG TilesetLoader        - Writing to buffer: dst=840,70, w=70,h=70, src=72,72
17:17:39.944 [FXGL Background Thread 2 ] DEBUG TilesetLoader        - Writing to buffer: dst=910,70, w=70,h=70, src=72,72
17:17:39.944 [FXGL Background Thread 2 ] DEBUG TilesetLoader        - Writing to buffer: dst=980,70, w=70,h=70, src=360,72
17:17:39.944 [FXGL Background Thread 2 ] DEBUG TilesetLoader        - Writing to buffer: dst=0,140, w=70,h=70, src=0,72
17:17:39.945 [FXGL Background Thread 2 ] DEBUG TilesetLoader        - Writing to buffer: dst=70,140, w=70,h=70, src=72,72
17:17:39.946 [FXGL Background Thread 2 ] DEBUG TilesetLoader        - Writing to buffer: dst=140,140, w=70,h=70, src=72,72
17:17:39.946 [FXGL Background Thread 2 ] DEBUG TilesetLoader        - Writing to buffer: dst=210,140, w=70,h=70, src=72,72
17:17:39.947 [FXGL Background Thread 2 ] DEBUG TilesetLoader        - Writing to buffer: dst=280,140, w=70,h=70, src=72,72
17:17:39.947 [FXGL Background Thread 2 ] DEBUG TilesetLoader        - Writing to buffer: dst=350,140, w=70,h=70, src=72,72
17:17:39.947 [FXGL Background Thread 2 ] DEBUG TilesetLoader        - Writing to buffer: dst=420,140, w=70,h=70, src=72,72
17:17:39.947 [FXGL Background Thread 2 ] DEBUG TilesetLoader        - Writing to buffer: dst=490,140, w=70,h=70, src=72,72
17:17:39.947 [FXGL Background Thread 2 ] DEBUG TilesetLoader        - Writing to buffer: dst=560,140, w=70,h=70, src=72,72
17:17:39.948 [FXGL Background Thread 2 ] DEBUG TilesetLoader        - Writing to buffer: dst=630,140, w=70,h=70, src=72,72
17:17:39.948 [FXGL Background Thread 2 ] DEBUG TilesetLoader        - Writing to buffer: dst=700,140, w=70,h=70, src=72,72
17:17:39.948 [FXGL Background Thread 2 ] DEBUG TilesetLoader        - Writing to buffer: dst=770,140, w=70,h=70, src=72,72
17:17:39.948 [FXGL Background Thread 2 ] DEBUG TilesetLoader        - Writing to buffer: dst=840,140, w=70,h=70, src=72,72
17:17:39.948 [FXGL Background Thread 2 ] DEBUG TilesetLoader        - Writing to buffer: dst=910,140, w=70,h=70, src=72,72
17:17:39.949 [FXGL Background Thread 2 ] DEBUG TilesetLoader        - Writing to buffer: dst=980,140, w=70,h=70, src=360,72
17:17:39.949 [FXGL Background Thread 2 ] DEBUG TilesetLoader        - Writing to buffer: dst=0,210, w=70,h=70, src=0,72
17:17:39.950 [FXGL Background Thread 2 ] DEBUG TilesetLoader        - Writing to buffer: dst=70,210, w=70,h=70, src=72,72
17:17:39.950 [FXGL Background Thread 2 ] DEBUG TilesetLoader        - Writing to buffer: dst=140,210, w=70,h=70, src=72,72
17:17:39.950 [FXGL Background Thread 2 ] DEBUG TilesetLoader        - Writing to buffer: dst=210,210, w=70,h=70, src=72,72
17:17:39.950 [FXGL Background Thread 2 ] DEBUG TilesetLoader        - Writing to buffer: dst=280,210, w=70,h=70, src=72,72
17:17:39.950 [FXGL Background Thread 2 ] DEBUG TilesetLoader        - Writing to buffer: dst=350,210, w=70,h=70, src=72,72
17:17:39.951 [FXGL Background Thread 2 ] DEBUG TilesetLoader        - Writing to buffer: dst=420,210, w=70,h=70, src=72,72
17:17:39.951 [FXGL Background Thread 2 ] DEBUG TilesetLoader        - Writing to buffer: dst=490,210, w=70,h=70, src=72,72
17:17:39.951 [FXGL Background Thread 2 ] DEBUG TilesetLoader        - Writing to buffer: dst=560,210, w=70,h=70, src=72,72
17:17:39.951 [FXGL Background Thread 2 ] DEBUG TilesetLoader        - Writing to buffer: dst=630,210, w=70,h=70, src=72,72
17:17:39.951 [FXGL Background Thread 2 ] DEBUG TilesetLoader        - Writing to buffer: dst=700,210, w=70,h=70, src=72,72
17:17:39.952 [FXGL Background Thread 2 ] DEBUG TilesetLoader        - Writing to buffer: dst=770,210, w=70,h=70, src=72,72
17:17:39.952 [FXGL Background Thread 2 ] DEBUG TilesetLoader        - Writing to buffer: dst=840,210, w=70,h=70, src=72,72
17:17:39.952 [FXGL Background Thread 2 ] DEBUG TilesetLoader        - Writing to buffer: dst=910,210, w=70,h=70, src=72,72
17:17:39.952 [FXGL Background Thread 2 ] DEBUG TilesetLoader        - Writing to buffer: dst=980,210, w=70,h=70, src=360,72
17:17:39.953 [FXGL Background Thread 2 ] DEBUG TilesetLoader        - Writing to buffer: dst=0,280, w=70,h=70, src=0,72
17:17:39.953 [FXGL Background Thread 2 ] DEBUG TilesetLoader        - Writing to buffer: dst=70,280, w=70,h=70, src=72,72
17:17:39.954 [FXGL Background Thread 2 ] DEBUG TilesetLoader        - Writing to buffer: dst=140,280, w=70,h=70, src=72,72
17:17:39.954 [FXGL Background Thread 2 ] DEBUG TilesetLoader        - Writing to buffer: dst=210,280, w=70,h=70, src=72,72
17:17:39.954 [FXGL Background Thread 2 ] DEBUG TilesetLoader        - Writing to buffer: dst=280,280, w=70,h=70, src=72,72
17:17:39.954 [FXGL Background Thread 2 ] DEBUG TilesetLoader        - Writing to buffer: dst=350,280, w=70,h=70, src=72,72
17:17:39.955 [FXGL Background Thread 2 ] DEBUG TilesetLoader        - Writing to buffer: dst=420,280, w=70,h=70, src=72,72
17:17:39.955 [FXGL Background Thread 2 ] DEBUG TilesetLoader        - Writing to buffer: dst=490,280, w=70,h=70, src=72,72
17:17:39.955 [FXGL Background Thread 2 ] DEBUG TilesetLoader        - Writing to buffer: dst=560,280, w=70,h=70, src=72,72
17:17:39.955 [FXGL Background Thread 2 ] DEBUG TilesetLoader        - Writing to buffer: dst=630,280, w=70,h=70, src=72,72
17:17:39.955 [FXGL Background Thread 2 ] DEBUG TilesetLoader        - Writing to buffer: dst=700,280, w=70,h=70, src=72,72
17:17:39.956 [FXGL Background Thread 2 ] DEBUG TilesetLoader        - Writing to buffer: dst=770,280, w=70,h=70, src=72,72
17:17:39.956 [FXGL Background Thread 2 ] DEBUG TilesetLoader        - Writing to buffer: dst=840,280, w=70,h=70, src=72,72
17:17:39.956 [FXGL Background Thread 2 ] DEBUG TilesetLoader        - Writing to buffer: dst=910,280, w=70,h=70, src=72,72
17:17:39.956 [FXGL Background Thread 2 ] DEBUG TilesetLoader        - Writing to buffer: dst=980,280, w=70,h=70, src=360,72
17:17:39.956 [FXGL Background Thread 2 ] DEBUG TilesetLoader        - Writing to buffer: dst=0,350, w=70,h=70, src=0,72
17:17:39.956 [FXGL Background Thread 2 ] DEBUG TilesetLoader        - Writing to buffer: dst=70,350, w=70,h=70, src=72,72
17:17:39.957 [FXGL Background Thread 2 ] DEBUG TilesetLoader        - Writing to buffer: dst=140,350, w=70,h=70, src=72,72
17:17:39.957 [FXGL Background Thread 2 ] DEBUG TilesetLoader        - Writing to buffer: dst=210,350, w=70,h=70, src=72,72
17:17:39.957 [FXGL Background Thread 2 ] DEBUG TilesetLoader        - Writing to buffer: dst=280,350, w=70,h=70, src=72,72
17:17:39.957 [FXGL Background Thread 2 ] DEBUG TilesetLoader        - Writing to buffer: dst=350,350, w=70,h=70, src=72,72
17:17:39.957 [FXGL Background Thread 2 ] DEBUG TilesetLoader        - Writing to buffer: dst=420,350, w=70,h=70, src=72,72
17:17:39.958 [FXGL Background Thread 2 ] DEBUG TilesetLoader        - Writing to buffer: dst=490,350, w=70,h=70, src=72,72
17:17:39.958 [FXGL Background Thread 2 ] DEBUG TilesetLoader        - Writing to buffer: dst=560,350, w=70,h=70, src=72,72
17:17:39.958 [FXGL Background Thread 2 ] DEBUG TilesetLoader        - Writing to buffer: dst=630,350, w=70,h=70, src=72,72
17:17:39.958 [FXGL Background Thread 2 ] DEBUG TilesetLoader        - Writing to buffer: dst=700,350, w=70,h=70, src=72,72
17:17:39.958 [FXGL Background Thread 2 ] DEBUG TilesetLoader        - Writing to buffer: dst=770,350, w=70,h=70, src=72,72
17:17:39.959 [FXGL Background Thread 2 ] DEBUG TilesetLoader        - Writing to buffer: dst=840,350, w=70,h=70, src=72,72
17:17:39.959 [FXGL Background Thread 2 ] DEBUG TilesetLoader        - Writing to buffer: dst=910,350, w=70,h=70, src=72,72
17:17:39.959 [FXGL Background Thread 2 ] DEBUG TilesetLoader        - Writing to buffer: dst=980,350, w=70,h=70, src=360,72
17:17:39.959 [FXGL Background Thread 2 ] DEBUG TilesetLoader        - Writing to buffer: dst=0,420, w=70,h=70, src=0,72
17:17:39.959 [FXGL Background Thread 2 ] DEBUG TilesetLoader        - Writing to buffer: dst=70,420, w=70,h=70, src=72,72
17:17:39.960 [FXGL Background Thread 2 ] DEBUG TilesetLoader        - Writing to buffer: dst=140,420, w=70,h=70, src=72,72
17:17:39.960 [FXGL Background Thread 2 ] DEBUG TilesetLoader        - Writing to buffer: dst=210,420, w=70,h=70, src=72,72
17:17:39.960 [FXGL Background Thread 2 ] DEBUG TilesetLoader        - Writing to buffer: dst=280,420, w=70,h=70, src=72,72
17:17:39.961 [FXGL Background Thread 2 ] DEBUG TilesetLoader        - Writing to buffer: dst=350,420, w=70,h=70, src=72,72
17:17:39.961 [FXGL Background Thread 2 ] DEBUG TilesetLoader        - Writing to buffer: dst=420,420, w=70,h=70, src=72,72
17:17:39.961 [FXGL Background Thread 2 ] DEBUG TilesetLoader        - Writing to buffer: dst=490,420, w=70,h=70, src=72,72
17:17:39.961 [FXGL Background Thread 2 ] DEBUG TilesetLoader        - Writing to buffer: dst=560,420, w=70,h=70, src=72,72
17:17:39.961 [FXGL Background Thread 2 ] DEBUG TilesetLoader        - Writing to buffer: dst=630,420, w=70,h=70, src=72,72
17:17:39.962 [FXGL Background Thread 2 ] DEBUG TilesetLoader        - Writing to buffer: dst=700,420, w=70,h=70, src=72,72
17:17:39.962 [FXGL Background Thread 2 ] DEBUG TilesetLoader        - Writing to buffer: dst=770,420, w=70,h=70, src=72,72
17:17:39.962 [FXGL Background Thread 2 ] DEBUG TilesetLoader        - Writing to buffer: dst=840,420, w=70,h=70, src=72,72
17:17:39.963 [FXGL Background Thread 2 ] DEBUG TilesetLoader        - Writing to buffer: dst=910,420, w=70,h=70, src=72,72
17:17:39.963 [FXGL Background Thread 2 ] DEBUG TilesetLoader        - Writing to buffer: dst=980,420, w=70,h=70, src=360,72
17:17:39.963 [FXGL Background Thread 2 ] DEBUG TilesetLoader        - Writing to buffer: dst=0,490, w=70,h=70, src=0,72
17:17:39.964 [FXGL Background Thread 2 ] DEBUG TilesetLoader        - Writing to buffer: dst=70,490, w=70,h=70, src=72,72
17:17:39.964 [FXGL Background Thread 2 ] DEBUG TilesetLoader        - Writing to buffer: dst=140,490, w=70,h=70, src=72,72
17:17:39.964 [FXGL Background Thread 2 ] DEBUG TilesetLoader        - Writing to buffer: dst=210,490, w=70,h=70, src=72,72
17:17:39.964 [FXGL Background Thread 2 ] DEBUG TilesetLoader        - Writing to buffer: dst=280,490, w=70,h=70, src=72,72
17:17:39.965 [FXGL Background Thread 2 ] DEBUG TilesetLoader        - Writing to buffer: dst=350,490, w=70,h=70, src=72,72
17:17:39.965 [FXGL Background Thread 2 ] DEBUG TilesetLoader        - Writing to buffer: dst=420,490, w=70,h=70, src=72,72
17:17:39.965 [FXGL Background Thread 2 ] DEBUG TilesetLoader        - Writing to buffer: dst=490,490, w=70,h=70, src=72,72
17:17:39.965 [FXGL Background Thread 2 ] DEBUG TilesetLoader        - Writing to buffer: dst=560,490, w=70,h=70, src=72,72
17:17:39.965 [FXGL Background Thread 2 ] DEBUG TilesetLoader        - Writing to buffer: dst=630,490, w=70,h=70, src=72,72
17:17:39.966 [FXGL Background Thread 2 ] DEBUG TilesetLoader        - Writing to buffer: dst=700,490, w=70,h=70, src=72,72
17:17:39.966 [FXGL Background Thread 2 ] DEBUG TilesetLoader        - Writing to buffer: dst=770,490, w=70,h=70, src=72,72
17:17:39.966 [FXGL Background Thread 2 ] DEBUG TilesetLoader        - Writing to buffer: dst=840,490, w=70,h=70, src=72,72
17:17:39.966 [FXGL Background Thread 2 ] DEBUG TilesetLoader        - Writing to buffer: dst=910,490, w=70,h=70, src=72,72
17:17:39.967 [FXGL Background Thread 2 ] DEBUG TilesetLoader        - Writing to buffer: dst=980,490, w=70,h=70, src=360,72
17:17:39.967 [FXGL Background Thread 2 ] DEBUG TilesetLoader        - Writing to buffer: dst=0,560, w=70,h=70, src=0,72
17:17:39.967 [FXGL Background Thread 2 ] DEBUG TilesetLoader        - Writing to buffer: dst=70,560, w=70,h=70, src=72,72
17:17:39.968 [FXGL Background Thread 2 ] DEBUG TilesetLoader        - Writing to buffer: dst=140,560, w=70,h=70, src=72,72
17:17:39.968 [FXGL Background Thread 2 ] DEBUG TilesetLoader        - Writing to buffer: dst=210,560, w=70,h=70, src=72,72
17:17:39.969 [FXGL Background Thread 2 ] DEBUG TilesetLoader        - Writing to buffer: dst=280,560, w=70,h=70, src=72,72
17:17:39.970 [FXGL Background Thread 2 ] DEBUG TilesetLoader        - Writing to buffer: dst=350,560, w=70,h=70, src=72,72
17:17:39.971 [FXGL Background Thread 2 ] DEBUG TilesetLoader        - Writing to buffer: dst=420,560, w=70,h=70, src=72,72
17:17:39.971 [FXGL Background Thread 2 ] DEBUG TilesetLoader        - Writing to buffer: dst=490,560, w=70,h=70, src=72,72
17:17:39.972 [FXGL Background Thread 2 ] DEBUG TilesetLoader        - Writing to buffer: dst=560,560, w=70,h=70, src=72,72
17:17:39.972 [FXGL Background Thread 2 ] DEBUG TilesetLoader        - Writing to buffer: dst=630,560, w=70,h=70, src=72,72
17:17:39.972 [FXGL Background Thread 2 ] DEBUG TilesetLoader        - Writing to buffer: dst=700,560, w=70,h=70, src=72,72
17:17:39.973 [FXGL Background Thread 2 ] DEBUG TilesetLoader        - Writing to buffer: dst=770,560, w=70,h=70, src=72,72
17:17:39.973 [FXGL Background Thread 2 ] DEBUG TilesetLoader        - Writing to buffer: dst=840,560, w=70,h=70, src=72,72
17:17:39.974 [FXGL Background Thread 2 ] DEBUG TilesetLoader        - Writing to buffer: dst=910,560, w=70,h=70, src=72,72
17:17:39.974 [FXGL Background Thread 2 ] DEBUG TilesetLoader        - Writing to buffer: dst=980,560, w=70,h=70, src=360,72
17:17:39.999 [FXGL Background Thread 2 ] DEBUG TilesetLoader        - Writing to buffer: dst=0,630, w=70,h=70, src=0,1800
17:17:40.025 [FXGL Background Thread 2 ] DEBUG TilesetLoader        - Writing to buffer: dst=70,630, w=70,h=70, src=1728,360
17:17:40.026 [FXGL Background Thread 2 ] DEBUG TilesetLoader        - Writing to buffer: dst=140,630, w=70,h=70, src=1728,360
17:17:40.026 [FXGL Background Thread 2 ] DEBUG TilesetLoader        - Writing to buffer: dst=210,630, w=70,h=70, src=1728,360
17:17:40.026 [FXGL Background Thread 2 ] DEBUG TilesetLoader        - Writing to buffer: dst=280,630, w=70,h=70, src=1728,360
17:17:40.026 [FXGL Background Thread 2 ] DEBUG TilesetLoader        - Writing to buffer: dst=350,630, w=70,h=70, src=1728,360
17:17:40.026 [FXGL Background Thread 2 ] DEBUG TilesetLoader        - Writing to buffer: dst=420,630, w=70,h=70, src=1728,360
17:17:40.027 [FXGL Background Thread 2 ] DEBUG TilesetLoader        - Writing to buffer: dst=490,630, w=70,h=70, src=1728,360
17:17:40.027 [FXGL Background Thread 2 ] DEBUG TilesetLoader        - Writing to buffer: dst=560,630, w=70,h=70, src=1728,360
17:17:40.027 [FXGL Background Thread 2 ] DEBUG TilesetLoader        - Writing to buffer: dst=630,630, w=70,h=70, src=1728,360
17:17:40.027 [FXGL Background Thread 2 ] DEBUG TilesetLoader        - Writing to buffer: dst=700,630, w=70,h=70, src=1728,360
17:17:40.027 [FXGL Background Thread 2 ] DEBUG TilesetLoader        - Writing to buffer: dst=770,630, w=70,h=70, src=1728,360
17:17:40.027 [FXGL Background Thread 2 ] DEBUG TilesetLoader        - Writing to buffer: dst=840,630, w=70,h=70, src=1728,360
17:17:40.028 [FXGL Background Thread 2 ] DEBUG TilesetLoader        - Writing to buffer: dst=910,630, w=70,h=70, src=1728,360
17:17:40.028 [FXGL Background Thread 2 ] DEBUG TilesetLoader        - Writing to buffer: dst=980,630, w=70,h=70, src=1800,360
17:17:40.028 [FXGL Background Thread 2 ] DEBUG TMXLevelLoader       - Creating object layer entities
17:17:40.038 [FXGL Background Thread 2 ] DEBUG FXGLAssetLoaderServi - Loading from file system: file:/C:/Users/thoma/Downloads/IPOHBO1-master/target/classes/assets/textures/-left.png
17:17:40.039 [FXGL Background Thread 2 ] DEBUG FXGLAssetLoaderServi - Loading from file system: file:/C:/Users/thoma/Downloads/IPOHBO1-master/target/classes/assets/textures/-right.png
17:17:40.041 [FXGL Background Thread 2 ] DEBUG FXGLAssetLoaderServi - Loading from file system: file:/C:/Users/thoma/Downloads/IPOHBO1-master/target/classes/assets/textures/-up-down.png
17:17:40.067 [FXGL Background Thread 2 ] DEBUG GameWorld            - Clearing removable entities
17:17:40.068 [FXGL Background Thread 2 ] DEBUG GameWorld            - Setting level: com.almasb.fxgl.entity.level.Level@6d3c6591
17:17:40.078 [FXGL Background Thread 2 ] DEBUG FXGLAssetLoaderServi - Loading from file system: file:/C:/Users/thoma/Downloads/IPOHBO1-master/target/classes/assets/textures/isaac.png
17:17:40.090 [FXGL Background Thread 2 ] INFO  FXGLApplication      - Game initialization took: 0,298 sec
17:17:40.092 [JavaFX Application Thread] DEBUG Input                - Clearing active input actions
17:17:40.100 [JavaFX Application Thread] DEBUG GameApplicationServi - Removing overlay from FXGLLoadingScene and adding to GameScene
17:17:40.103 [JavaFX Application Thread] DEBUG PrimaryStageWindow   - FXGLLoadingScene -> GameScene
17:17:40.664 [FXGL Background Thread 3 ] DEBUG Engine               - Logging environment variables
17:17:40.664 [FXGL Background Thread 3 ] DEBUG Engine               - achievements: []
17:17:40.664 [FXGL Background Thread 3 ] DEBUG Engine               - actualHeight: 864.0
17:17:40.665 [FXGL Background Thread 3 ] DEBUG Engine               - actualHeightProperty: ReadOnlyDoubleProperty [value: 864.0]
17:17:40.665 [FXGL Background Thread 3 ] DEBUG Engine               - actualWidth: 1536.0
17:17:40.665 [FXGL Background Thread 3 ] DEBUG Engine               - actualWidthProperty: ReadOnlyDoubleProperty [value: 1536.0]
17:17:40.665 [FXGL Background Thread 3 ] DEBUG Engine               - appIcon: fxgl_icon.png
17:17:40.665 [FXGL Background Thread 3 ] DEBUG Engine               - applicationMode: DEVELOPER
17:17:40.665 [FXGL Background Thread 3 ] DEBUG Engine               - cSSList: [fxgl_dark.css]
17:17:40.666 [FXGL Background Thread 3 ] DEBUG Engine               - collisionDetectionStrategy: BRUTE_FORCE
17:17:40.666 [FXGL Background Thread 3 ] DEBUG Engine               - configClass: Optional.empty
17:17:40.666 [FXGL Background Thread 3 ] DEBUG Engine               - credits: []
17:17:40.667 [FXGL Background Thread 3 ] DEBUG Engine               - devBBoxColorProperty: ObjectProperty [value: 0xff0000ff]
17:17:40.667 [FXGL Background Thread 3 ] DEBUG Engine               - devEnableDebugCameraProperty: BooleanProperty [value: false]
17:17:40.667 [FXGL Background Thread 3 ] DEBUG Engine               - devSensorColorProperty: ObjectProperty [value: 0xffff00ff]
17:17:40.667 [FXGL Background Thread 3 ] DEBUG Engine               - devShowBBoxProperty: BooleanProperty [value: false]
17:17:40.667 [FXGL Background Thread 3 ] DEBUG Engine               - devShowPositionProperty: BooleanProperty [value: false]
17:17:40.668 [FXGL Background Thread 3 ] DEBUG Engine               - enabledMenuItems: []
17:17:40.668 [FXGL Background Thread 3 ] DEBUG Engine               - engineServices: [class com.almasb.fxgl.app.services.FXGLAssetLoaderService, class com.almasb.fxgl.app.FXGLApplication$GameApplicationService, class com.almasb.fxgl.app.services.FXGLDialogService, class com.almasb.fxgl.app.services.IOTaskExecutorService, class com.almasb.fxgl.event.EventBusService, class com.almasb.fxgl.io.FileSystemService, class com.almasb.fxgl.localization.LocalizationService, class com.almasb.fxgl.app.services.SystemBundleService, class com.almasb.fxgl.profile.SaveLoadService, class com.almasb.fxgl.ui.FXGLUIFactoryServiceProvider, class com.almasb.fxgl.ui.FXGLDialogFactoryServiceProvider, class com.almasb.fxgl.audio.AudioPlayer, class com.almasb.fxgl.notification.impl.NotificationServiceProvider, class com.almasb.fxgl.achievement.AchievementService, class com.almasb.fxgl.cutscene.CutsceneService, class com.almasb.fxgl.minigames.MiniGameService, class com.almasb.fxgl.net.NetService, class com.almasb.fxgl.app.services.UpdaterService, class com.almasb.fxgl.dev.DevService]
17:17:40.668 [FXGL Background Thread 3 ] DEBUG Engine               - fontGame: Abel-Regular.ttf
17:17:40.668 [FXGL Background Thread 3 ] DEBUG Engine               - fontMono: lucida_console.ttf
17:17:40.668 [FXGL Background Thread 3 ] DEBUG Engine               - fontText: Courier-Prime.ttf
17:17:40.668 [FXGL Background Thread 3 ] DEBUG Engine               - fontUI: VarelaRound-Regular.ttf
17:17:40.669 [FXGL Background Thread 3 ] DEBUG Engine               - fullScreen: BooleanProperty [value: true]
17:17:40.669 [FXGL Background Thread 3 ] DEBUG Engine               - gameDifficulty: MEDIUM
17:17:40.669 [FXGL Background Thread 3 ] DEBUG Engine               - gameDifficultyProperty: ObjectProperty [value: MEDIUM]
17:17:40.669 [FXGL Background Thread 3 ] DEBUG Engine               - globalMusicVolume: 0.5
17:17:40.669 [FXGL Background Thread 3 ] DEBUG Engine               - globalMusicVolumeProperty: DoubleProperty [value: 100.0]
17:17:40.669 [FXGL Background Thread 3 ] DEBUG Engine               - globalSoundVolume: 0.5
17:17:40.670 [FXGL Background Thread 3 ] DEBUG Engine               - globalSoundVolumeProperty: DoubleProperty [value: 0.5]
17:17:40.670 [FXGL Background Thread 3 ] DEBUG Engine               - height: 700
17:17:40.670 [FXGL Background Thread 3 ] DEBUG Engine               - isAndroid: false
17:17:40.671 [FXGL Background Thread 3 ] DEBUG Engine               - isBrowser: false
17:17:40.671 [FXGL Background Thread 3 ] DEBUG Engine               - isClickFeedbackEnabled: false
17:17:40.671 [FXGL Background Thread 3 ] DEBUG Engine               - isCloseConfirmation: false
17:17:40.671 [FXGL Background Thread 3 ] DEBUG Engine               - isDesktop: true
17:17:40.671 [FXGL Background Thread 3 ] DEBUG Engine               - isDeveloperMenuEnabled: true
17:17:40.671 [FXGL Background Thread 3 ] DEBUG Engine               - isEntityPreloadEnabled: true
17:17:40.672 [FXGL Background Thread 3 ] DEBUG Engine               - isExperimental3D: false
17:17:40.672 [FXGL Background Thread 3 ] DEBUG Engine               - isExperimentalNative: false
17:17:40.672 [FXGL Background Thread 3 ] DEBUG Engine               - isExperimentalTiledLargeMap: false
17:17:40.672 [FXGL Background Thread 3 ] DEBUG Engine               - isFileSystemWriteAllowed: true
17:17:40.672 [FXGL Background Thread 3 ] DEBUG Engine               - isFullScreenAllowed: true
17:17:40.672 [FXGL Background Thread 3 ] DEBUG Engine               - isFullScreenFromStart: true
17:17:40.672 [FXGL Background Thread 3 ] DEBUG Engine               - isGameMenuEnabled: true
17:17:40.672 [FXGL Background Thread 3 ] DEBUG Engine               - isIOS: false
17:17:40.672 [FXGL Background Thread 3 ] DEBUG Engine               - isIntroEnabled: false
17:17:40.673 [FXGL Background Thread 3 ] DEBUG Engine               - isLinux: false
17:17:40.673 [FXGL Background Thread 3 ] DEBUG Engine               - isMac: false
17:17:40.673 [FXGL Background Thread 3 ] DEBUG Engine               - isMainMenuEnabled: true
17:17:40.673 [FXGL Background Thread 3 ] DEBUG Engine               - isManualResizeEnabled: false
17:17:40.673 [FXGL Background Thread 3 ] DEBUG Engine               - isMobile: false
17:17:40.673 [FXGL Background Thread 3 ] DEBUG Engine               - isPreserveResizeRatio: false
17:17:40.673 [FXGL Background Thread 3 ] DEBUG Engine               - isProfilingEnabled: false
17:17:40.674 [FXGL Background Thread 3 ] DEBUG Engine               - isScaleAffectedOnResize: true
17:17:40.674 [FXGL Background Thread 3 ] DEBUG Engine               - isSingleStep: false
17:17:40.674 [FXGL Background Thread 3 ] DEBUG Engine               - isUserProfileEnabled: false
17:17:40.674 [FXGL Background Thread 3 ] DEBUG Engine               - isWindows: true
17:17:40.675 [FXGL Background Thread 3 ] DEBUG Engine               - language: ObjectProperty [value: ENGLISH]
17:17:40.675 [FXGL Background Thread 3 ] DEBUG Engine               - menuKey: ESCAPE
17:17:40.675 [FXGL Background Thread 3 ] DEBUG Engine               - notificationViewClass: class com.almasb.fxgl.notification.view.XboxNotificationView
17:17:40.675 [FXGL Background Thread 3 ] DEBUG Engine               - pixelsPerMeter: 50.0
17:17:40.676 [FXGL Background Thread 3 ] DEBUG Engine               - platform: WINDOWS
17:17:40.676 [FXGL Background Thread 3 ] DEBUG Engine               - prefHeightProperty: ReadOnlyDoubleProperty [value: 700.0]
17:17:40.676 [FXGL Background Thread 3 ] DEBUG Engine               - prefWidthProperty: ReadOnlyDoubleProperty [value: 1050.0]
17:17:40.676 [FXGL Background Thread 3 ] DEBUG Engine               - profileDir: profiles/
17:17:40.677 [FXGL Background Thread 3 ] DEBUG Engine               - profileName: StringProperty [value: DEFAULT]
17:17:40.677 [FXGL Background Thread 3 ] DEBUG Engine               - randomSeed: -1
17:17:40.677 [FXGL Background Thread 3 ] DEBUG Engine               - runtimeInfo: RuntimeInfo(platform=WINDOWS, version=11.14, build=01.03.2021 16.59)
17:17:40.677 [FXGL Background Thread 3 ] DEBUG Engine               - saveFileExt: sav
17:17:40.677 [FXGL Background Thread 3 ] DEBUG Engine               - scaledHeightProp$fxgl: DoubleProperty [bound, value: 864.0]
17:17:40.677 [FXGL Background Thread 3 ] DEBUG Engine               - scaledWidthProp$fxgl: DoubleProperty [bound, value: 1536.0]
17:17:40.677 [FXGL Background Thread 3 ] DEBUG Engine               - sceneFactory: Game$1@73d8ce4d
17:17:40.678 [FXGL Background Thread 3 ] DEBUG Engine               - secondsIn24h: 60
17:17:40.678 [FXGL Background Thread 3 ] DEBUG Engine               - soundMenuBack: menu/back.wav
17:17:40.678 [FXGL Background Thread 3 ] DEBUG Engine               - soundMenuPress: menu/press.wav
17:17:40.678 [FXGL Background Thread 3 ] DEBUG Engine               - soundMenuSelect: menu/select.wav
17:17:40.678 [FXGL Background Thread 3 ] DEBUG Engine               - soundNotification: core/notification.wav
17:17:40.678 [FXGL Background Thread 3 ] DEBUG Engine               - stageStyle: DECORATED
17:17:40.678 [FXGL Background Thread 3 ] DEBUG Engine               - supportedLanguages: [ENGLISH, FRENCH, GERMAN, HUNGARIAN, RUSSIAN]
17:17:40.678 [FXGL Background Thread 3 ] DEBUG Engine               - ticksPerSecond: -1
17:17:40.678 [FXGL Background Thread 3 ] DEBUG Engine               - title: Javatar Game
17:17:40.679 [FXGL Background Thread 3 ] DEBUG Engine               - urlGithub: https://github.com/AlmasB/FXGL
17:17:40.679 [FXGL Background Thread 3 ] DEBUG Engine               - urlLeaderboard: http://fxgl-top.herokuapp.com/
17:17:40.679 [FXGL Background Thread 3 ] DEBUG Engine               - urlPOM: https://raw.githubusercontent.com/AlmasB/FXGL/release/README.md
17:17:40.679 [FXGL Background Thread 3 ] DEBUG Engine               - userAppClass: class Game
17:17:40.679 [FXGL Background Thread 3 ] DEBUG Engine               - version: 1.0
17:17:40.679 [FXGL Background Thread 3 ] DEBUG Engine               - versionCheckDays: 7
17:17:40.679 [FXGL Background Thread 3 ] DEBUG Engine               - width: 1050
17:17:40.679 [FXGL Background Thread 3 ] DEBUG Engine               - Logging services
17:17:40.680 [FXGL Background Thread 3 ] DEBUG Engine               - class com.almasb.fxgl.app.services.FXGLAssetLoaderService
17:17:40.680 [FXGL Background Thread 3 ] DEBUG Engine               - class com.almasb.fxgl.app.FXGLApplication$GameApplicationService
17:17:40.680 [FXGL Background Thread 3 ] DEBUG Engine               - class com.almasb.fxgl.app.services.FXGLDialogService
17:17:40.680 [FXGL Background Thread 3 ] DEBUG Engine               - class com.almasb.fxgl.app.services.IOTaskExecutorService
17:17:40.680 [FXGL Background Thread 3 ] DEBUG Engine               - class com.almasb.fxgl.event.EventBusService
17:17:40.680 [FXGL Background Thread 3 ] DEBUG Engine               - class com.almasb.fxgl.io.FileSystemService
17:17:40.680 [FXGL Background Thread 3 ] DEBUG Engine               - class com.almasb.fxgl.localization.LocalizationService
17:17:40.680 [FXGL Background Thread 3 ] DEBUG Engine               - class com.almasb.fxgl.app.services.SystemBundleService
17:17:40.680 [FXGL Background Thread 3 ] DEBUG Engine               - class com.almasb.fxgl.profile.SaveLoadService
17:17:40.680 [FXGL Background Thread 3 ] DEBUG Engine               - class com.almasb.fxgl.ui.FXGLUIFactoryServiceProvider
17:17:40.680 [FXGL Background Thread 3 ] DEBUG Engine               - class com.almasb.fxgl.ui.FXGLDialogFactoryServiceProvider
17:17:40.680 [FXGL Background Thread 3 ] DEBUG Engine               - class com.almasb.fxgl.audio.AudioPlayer
17:17:40.681 [FXGL Background Thread 3 ] DEBUG Engine               - class com.almasb.fxgl.notification.impl.NotificationServiceProvider
17:17:40.681 [FXGL Background Thread 3 ] DEBUG Engine               - class com.almasb.fxgl.achievement.AchievementService
17:17:40.681 [FXGL Background Thread 3 ] DEBUG Engine               - class com.almasb.fxgl.cutscene.CutsceneService
17:17:40.681 [FXGL Background Thread 3 ] DEBUG Engine               - class com.almasb.fxgl.minigames.MiniGameService
17:17:40.681 [FXGL Background Thread 3 ] DEBUG Engine               - class com.almasb.fxgl.net.NetService
17:17:40.681 [FXGL Background Thread 3 ] DEBUG Engine               - class com.almasb.fxgl.app.services.UpdaterService
17:17:40.681 [FXGL Background Thread 3 ] DEBUG Engine               - class com.almasb.fxgl.dev.DevService
17:17:50.855 [JavaFX Application Thread] DEBUG FXGLAssetLoaderServi - Loading from file system: file:/C:/Users/thoma/Downloads/IPOHBO1-master/target/classes/assets/textures/arrow_01a.png
17:18:18.087 [JavaFX Application Thread] DEBUG PrimaryStageWindow   - Push state: FXGLDefaultMenu
17:18:18.092 [JavaFX Application Thread] DEBUG Input                - Clearing active input actions
17:18:18.093 [JavaFX Application Thread] DEBUG GameApplicationServi - Removing overlay from GameScene and adding to FXGLDefaultMenu
17:18:18.095 [JavaFX Application Thread] DEBUG PrimaryStageWindow   - GameScene -> FXGLDefaultMenu
17:18:19.873 [JavaFX Application Thread] DEBUG Menu                 - fireExitToMainMenu()
17:18:19.876 [JavaFX Application Thread] DEBUG PrimaryStageWindow   - Push state: DialogSubScene
17:18:19.876 [JavaFX Application Thread] DEBUG Input                - Clearing active input actions
17:18:19.877 [JavaFX Application Thread] DEBUG GameApplicationServi - Removing overlay from FXGLDefaultMenu and adding to DialogSubScene
17:18:19.879 [JavaFX Application Thread] DEBUG PrimaryStageWindow   - FXGLDefaultMenu -> DialogSubScene
17:18:20.398 [JavaFX Application Thread] DEBUG PrimaryStageWindow   - Pop state: DialogSubScene
17:18:20.399 [JavaFX Application Thread] DEBUG Input                - Clearing active input actions
17:18:20.399 [JavaFX Application Thread] DEBUG GameApplicationServi - Removing overlay from DialogSubScene and adding to FXGLDefaultMenu
17:18:20.400 [JavaFX Application Thread] DEBUG PrimaryStageWindow   - FXGLDefaultMenu <- DialogSubScene
17:18:20.402 [JavaFX Application Thread] DEBUG PrimaryStageWindow   - Pop state: FXGLDefaultMenu
17:18:20.402 [JavaFX Application Thread] DEBUG Input                - Clearing active input actions
17:18:20.403 [JavaFX Application Thread] DEBUG GameApplicationServi - Removing overlay from FXGLDefaultMenu and adding to GameScene
17:18:20.405 [JavaFX Application Thread] DEBUG PrimaryStageWindow   - GameScene <- FXGLDefaultMenu
17:18:20.405 [JavaFX Application Thread] DEBUG Input                - Clearing active input actions
17:18:20.409 [JavaFX Application Thread] DEBUG GameApplicationServi - Removing overlay from GameScene and adding to FXGLMainMenuDummyScene
17:18:20.415 [JavaFX Application Thread] DEBUG PrimaryStageWindow   - GameScene -> FXGLMainMenuDummyScene
17:18:20.416 [JavaFX Application Thread] DEBUG PrimaryStageWindow   - Push state: JavatarMainMenu
17:18:20.416 [JavaFX Application Thread] DEBUG Input                - Clearing active input actions
17:18:20.419 [JavaFX Application Thread] DEBUG GameApplicationServi - Removing overlay from FXGLMainMenuDummyScene and adding to JavatarMainMenu
17:18:20.419 [JavaFX Application Thread] DEBUG PrimaryStageWindow   - FXGLMainMenuDummyScene -> JavatarMainMenu
17:18:21.198 [JavaFX Application Thread] DEBUG Menu                 - fireExit()
17:18:21.200 [JavaFX Application Thread] DEBUG PrimaryStageWindow   - Push state: DialogSubScene
17:18:21.200 [JavaFX Application Thread] DEBUG Input                - Clearing active input actions
17:18:21.201 [JavaFX Application Thread] DEBUG GameApplicationServi - Removing overlay from JavatarMainMenu and adding to DialogSubScene
17:18:21.202 [JavaFX Application Thread] DEBUG PrimaryStageWindow   - JavatarMainMenu -> DialogSubScene
17:18:21.617 [JavaFX Application Thread] DEBUG PrimaryStageWindow   - Pop state: DialogSubScene
17:18:21.617 [JavaFX Application Thread] DEBUG Input                - Clearing active input actions
17:18:21.618 [JavaFX Application Thread] DEBUG GameApplicationServi - Removing overlay from DialogSubScene and adding to JavatarMainMenu
17:18:21.619 [JavaFX Application Thread] DEBUG PrimaryStageWindow   - JavatarMainMenu <- DialogSubScene
17:18:21.619 [JavaFX Application Thread] DEBUG FXGLApplication      - Exiting FXGL
17:18:21.619 [JavaFX Application Thread] DEBUG LoopRunner           - Stopping loop
17:18:21.619 [JavaFX Application Thread] DEBUG SystemBundleService  - Saving FXGL system data
17:18:21.621 [JavaFX Application Thread] DEBUG FileSystemAccess     - Writing to: C:\Users\thoma\Downloads\IPOHBO1-master\system\fxgl.bundle
17:18:21.623 [JavaFX Application Thread] DEBUG Async                - Shutting down background threads
17:18:21.623 [JavaFX Application Thread] DEBUG PrimaryStageWindow   - Closing main window
17:18:21.654 [JavaFX Application Thread] DEBUG Logger               - Closing Logger
