09:51:40.584 [main                     ] DEBUG Logger               - Configured Logger
09:51:40.604 [main                     ] DEBUG GameApplication      - Logging settings
Title: Untitled
Version: 0.0
Width: 800
Height: 600
Fullscreen: false
Intro: false
Profiling: false
Single step:false
App Mode: DEVELOPER
Menu Key: ESCAPE
Stage Style: DECORATED
Scene Factory: class com.almasb.fxgl.app.scene.SceneFactory

09:51:41.281 [JavaFX Application Thread] DEBUG FXGLApplication      - Initializing FXGL
09:51:41.284 [JavaFX Application Thread] INFO  Engine               - FXGL-11.14 (01.03.2021 16.59) on WINDOWS (J:15.0.2 FX:15)
09:51:41.285 [JavaFX Application Thread] DEBUG Engine               - JRE Vendor Name: Oracle Corporation
09:51:41.285 [JavaFX Application Thread] DEBUG Engine               - Running on OS: Windows 10 version 10.0
09:51:41.286 [JavaFX Application Thread] DEBUG Engine               - Architecture: amd64
09:51:41.286 [JavaFX Application Thread] INFO  Engine               - Source code and latest versions at: https://github.com/AlmasB/FXGL
09:51:41.286 [JavaFX Application Thread] INFO  Engine               -              Join the FXGL chat at: https://gitter.im/AlmasB/FXGL
09:51:41.566 [JavaFX Application Thread] DEBUG PrimaryStageWindow   - Creating a JavaFX scene
09:51:41.676 [JavaFX Application Thread] DEBUG PrimaryStageWindow   - Target settings size: 800.0 x 600.0
09:51:41.677 [JavaFX Application Thread] DEBUG PrimaryStageWindow   - Scaled scene size:    800.0 x 600.0
09:51:41.677 [JavaFX Application Thread] DEBUG PrimaryStageWindow   - Scaled ratio: (1.0, 1.0)
09:51:41.679 [JavaFX Application Thread] DEBUG PrimaryStageWindow   - Set initial scene to FXGLStartupScene
09:51:41.692 [JavaFX Application Thread] DEBUG PrimaryStageWindow   - Opening main window
09:51:41.851 [JavaFX Application Thread] DEBUG PrimaryStageWindow   - Window border size: (14.66668701171875, 37.33331298828125)
09:51:41.851 [JavaFX Application Thread] DEBUG PrimaryStageWindow   - Scaled size: 800.0 x 600.0
09:51:41.852 [JavaFX Application Thread] DEBUG PrimaryStageWindow   - Scaled ratio: (1.0, 1.0)
09:51:41.852 [JavaFX Application Thread] DEBUG PrimaryStageWindow   - Scene size: 800.0 x 600.0
09:51:41.853 [JavaFX Application Thread] DEBUG PrimaryStageWindow   - Stage size: 814.6666870117188 x 637.3333129882812
09:51:41.954 [FXGL Background Thread 1 ] DEBUG Engine               - Initializing environment variables
09:51:42.014 [FXGL Background Thread 1 ] DEBUG FXGLAssetLoaderServi - User app class for loading assets: class Game
09:51:42.015 [FXGL Background Thread 1 ] DEBUG GameApplicationServi - Applying CSS: fxgl_dark.css
09:51:42.016 [FXGL Background Thread 1 ] DEBUG FXGLAssetLoaderServi - Loading from file system: jar:file:/C:/Users/Joel/.m2/repository/com/github/almasb/fxgl/11.14/fxgl-11.14.jar!/fxglassets/ui/css/fxgl_dark.css
09:51:42.099 [FXGL Background Thread 1 ] DEBUG GameApplicationServi - Initializing application scenes
09:51:42.232 [FXGL Background Thread 1 ] DEBUG GameWorld            - Game world initialized
09:51:42.338 [FXGL Background Thread 1 ] DEBUG PhysicsWorld         - Physics world initialized: appHeight=600, physics.ppm=50.0
09:51:42.338 [FXGL Background Thread 1 ] DEBUG PhysicsWorld         - Using strategy: BRUTE_FORCE
09:51:42.342 [FXGL Background Thread 1 ] DEBUG GameScene            - Game scene initialized: 800x600
09:51:42.400 [FXGL Background Thread 1 ] DEBUG FXGLAssetLoaderServi - Loading from file system: jar:file:/C:/Users/Joel/.m2/repository/com/github/almasb/fxgl/11.14/fxgl-11.14.jar!/fxglassets/textures/particles/trace_horizontal.png
09:51:42.501 [FXGL Background Thread 1 ] DEBUG FXGL.DefaultMenu     - createMenuBodyGameMenu()
09:51:42.524 [FXGL Background Thread 1 ] DEBUG FXGL.DefaultMenu     - createOptionsMenu()
09:51:42.534 [FXGL Background Thread 1 ] DEBUG FXGLAssetLoaderServi - Loading from file system: jar:file:/C:/Users/Joel/.m2/repository/com/github/almasb/fxgl/11.14/fxgl-11.14.jar!/fxglassets/textures/particles/smoke.png
09:51:42.619 [FXGL Background Thread 1 ] DEBUG GameApplicationServi - Application scenes initialized
09:51:42.641 [FXGL Background Thread 1 ] DEBUG SystemBundleService  - Loading default FXGL system data
09:51:42.642 [FXGL Background Thread 1 ] DEBUG UpdaterService       - Checking for updates
09:51:42.650 [FXGL Background Thread 1 ] DEBUG FXGLApplication      - Loading default localization
09:51:42.651 [FXGL Background Thread 1 ] DEBUG FXGLAssetLoaderServi - Loading from file system: jar:file:/C:/Users/Joel/.m2/repository/com/github/almasb/fxgl/11.14/fxgl-11.14.jar!/fxglassets/languages/english.lang
09:51:42.659 [FXGL Background Thread 4 ] DEBUG FXGLApplication      - Loading fonts
09:51:42.663 [FXGL Background Thread 4 ] DEBUG FXGLAssetLoaderServi - Loading from file system: jar:file:/C:/Users/Joel/.m2/repository/com/github/almasb/fxgl/11.14/fxgl-11.14.jar!/fxglassets/ui/fonts/VarelaRound-Regular.ttf
09:51:42.678 [FXGL Background Thread 1 ] INFO  FXGLApplication      - FXGL initialization took: 0.723 sec
09:51:42.684 [JavaFX Application Thread] DEBUG FXGLAssetLoaderServi - Loading from file system: jar:file:/C:/Users/Joel/.m2/repository/com/github/almasb/fxgl/11.14/fxgl-11.14.jar!/fxglassets/textures/fxgl_icon.png
09:51:42.716 [JavaFX Application Thread] DEBUG FXGLAssetLoaderServi - Loading from file system: jar:file:/C:/Users/Joel/.m2/repository/com/github/almasb/fxgl/11.14/fxgl-11.14.jar!/fxglassets/ui/cursors/fxgl_default.png
09:51:42.732 [JavaFX Application Thread] DEBUG Input                - Registered new binding: Screenshot - P
09:51:42.733 [JavaFX Application Thread] DEBUG Input                - Registered new binding: System info dump - CTRL+9
09:51:42.734 [JavaFX Application Thread] DEBUG Input                - Registered new binding: Restart - CTRL+R
09:51:42.735 [JavaFX Application Thread] DEBUG Input                - Registered new binding: Toggle Debug Camera - CTRL+C
09:51:42.739 [JavaFX Application Thread] DEBUG LoopRunner           - Starting loop
09:51:42.739 [JavaFX Application Thread] DEBUG LoopRunner           - Initializing JavaFX AnimationTimerLoop
09:51:42.742 [JavaFX Application Thread] DEBUG GameApplicationServi - Starting new game
09:51:42.742 [JavaFX Application Thread] DEBUG Input                - Clearing active input actions
09:51:42.777 [JavaFX Application Thread] DEBUG GameApplicationServi - Removing overlay from FXGLStartupScene and adding to FXGLLoadingScene
09:51:42.778 [JavaFX Application Thread] DEBUG PrimaryStageWindow   - FXGLStartupScene -> FXGLLoadingScene
09:51:42.778 [JavaFX Application Thread] DEBUG GameApplicationServi - Clearing previous game
09:51:42.779 [JavaFX Application Thread] DEBUG GameScene            - Clearing game scene
09:51:42.779 [JavaFX Application Thread] DEBUG GameWorld            - Clearing game world
09:51:42.786 [JavaFX Application Thread] DEBUG PhysicsWorld         - Clearing physics world
09:51:42.791 [FXGL Background Thread 1 ] DEBUG FXGLApplication      - Initializing game
09:51:42.792 [FXGL Background Thread 1 ] INFO  FXGLApplication      - Game initialization took: 0.001 sec
09:51:42.874 [JavaFX Application Thread] DEBUG Input                - Clearing active input actions
09:51:42.887 [JavaFX Application Thread] DEBUG GameApplicationServi - Removing overlay from FXGLLoadingScene and adding to GameScene
09:51:42.887 [JavaFX Application Thread] DEBUG PrimaryStageWindow   - FXGLLoadingScene -> GameScene
09:51:43.108 [FXGL Background Thread 4 ] DEBUG FXGLAssetLoaderServi - Loading from file system: jar:file:/C:/Users/Joel/.m2/repository/com/github/almasb/fxgl/11.14/fxgl-11.14.jar!/fxglassets/ui/fonts/Abel-Regular.ttf
09:51:43.114 [FXGL Background Thread 4 ] DEBUG FXGLAssetLoaderServi - Loading from file system: jar:file:/C:/Users/Joel/.m2/repository/com/github/almasb/fxgl/11.14/fxgl-11.14.jar!/fxglassets/ui/fonts/lucida_console.ttf
09:51:43.140 [FXGL Background Thread 4 ] DEBUG FXGLAssetLoaderServi - Loading from file system: jar:file:/C:/Users/Joel/.m2/repository/com/github/almasb/fxgl/11.14/fxgl-11.14.jar!/fxglassets/ui/fonts/Courier-Prime.ttf
09:51:43.149 [JavaFX Application Thread] DEBUG FXGLApplication      - Registering font factories with UI factory
09:51:43.448 [FXGL Background Thread 2 ] INFO  UpdaterService       - Your current version:  11.14
09:51:43.449 [FXGL Background Thread 2 ] INFO  UpdaterService       - Latest stable version: 17.1
09:51:44.449 [JavaFX Application Thread] DEBUG FXGLApplication      - Exiting FXGL
09:51:44.450 [JavaFX Application Thread] DEBUG LoopRunner           - Stopping loop
09:51:44.450 [JavaFX Application Thread] DEBUG SystemBundleService  - Saving FXGL system data
09:51:44.459 [JavaFX Application Thread] DEBUG FileSystemAccess     - Writing to: C:\Users\Joel\iposeGameProject\system\fxgl.bundle
09:51:44.472 [JavaFX Application Thread] DEBUG Async                - Shutting down background threads
09:51:44.474 [JavaFX Application Thread] DEBUG PrimaryStageWindow   - Closing main window
09:51:44.513 [JavaFX Application Thread] DEBUG Logger               - Closing Logger
