14:53:03.092 [main                     ] DEBUG Logger               - Configured Logger
14:53:03.112 [main                     ] DEBUG GameApplication      - Logging settings
Title: Javatar Game
Version: 1.0
Width: 800
Height: 600
Fullscreen: true
Intro: false
Profiling: false
Single step:false
App Mode: DEVELOPER
Menu Key: ESCAPE
Stage Style: DECORATED
Scene Factory: class com.almasb.fxgl.app.scene.SceneFactory

14:53:03.886 [JavaFX Application Thread] DEBUG FXGLApplication      - Initializing FXGL
14:53:03.890 [JavaFX Application Thread] INFO  Engine               - FXGL-11.14 (01.03.2021 16.59) on WINDOWS (J:15.0.2 FX:15)
14:53:03.890 [JavaFX Application Thread] DEBUG Engine               - JRE Vendor Name: Amazon.com Inc.
14:53:03.891 [JavaFX Application Thread] DEBUG Engine               - Running on OS: Windows 10 version 10.0
14:53:03.891 [JavaFX Application Thread] DEBUG Engine               - Architecture: amd64
14:53:03.891 [JavaFX Application Thread] INFO  Engine               - Source code and latest versions at: https://github.com/AlmasB/FXGL
14:53:03.892 [JavaFX Application Thread] INFO  Engine               -              Join the FXGL chat at: https://gitter.im/AlmasB/FXGL
14:53:04.094 [JavaFX Application Thread] DEBUG PrimaryStageWindow   - Creating a JavaFX scene
14:53:04.198 [JavaFX Application Thread] DEBUG PrimaryStageWindow   - Target settings size: 800.0 x 600.0
14:53:04.199 [JavaFX Application Thread] DEBUG PrimaryStageWindow   - Scaled scene size:    800.0 x 600.0
14:53:04.199 [JavaFX Application Thread] DEBUG PrimaryStageWindow   - Scaled ratio: (1.0, 1.0)
14:53:04.201 [JavaFX Application Thread] DEBUG PrimaryStageWindow   - Set initial scene to FXGLStartupScene
14:53:04.217 [JavaFX Application Thread] DEBUG PrimaryStageWindow   - Opening main window
14:53:04.394 [JavaFX Application Thread] DEBUG PrimaryStageWindow   - Window border size: (14.567138671875, 37.6119384765625)
14:53:04.394 [JavaFX Application Thread] DEBUG PrimaryStageWindow   - Scaled size: 800.0 x 600.0
14:53:04.395 [JavaFX Application Thread] DEBUG PrimaryStageWindow   - Scaled ratio: (1.0, 1.0)
14:53:04.395 [JavaFX Application Thread] DEBUG PrimaryStageWindow   - Scene size: 800.0 x 600.0
14:53:04.396 [JavaFX Application Thread] DEBUG PrimaryStageWindow   - Stage size: 814.567138671875 x 637.6119384765625
14:53:04.516 [JavaFX Application Thread] DEBUG PrimaryStageWindow   - Going fullscreen
14:53:04.533 [FXGL Background Thread 1 ] DEBUG Engine               - Initializing environment variables
14:53:04.622 [FXGL Background Thread 1 ] DEBUG FXGLAssetLoaderServi - User app class for loading assets: class Game
14:53:04.623 [FXGL Background Thread 1 ] DEBUG GameApplicationServi - Applying CSS: fxgl_dark.css
14:53:04.624 [FXGL Background Thread 1 ] DEBUG FXGLAssetLoaderServi - Loading from file system: jar:file:/C:/Users/Sander/.m2/repository/com/github/almasb/fxgl/11.14/fxgl-11.14.jar!/fxglassets/ui/css/fxgl_dark.css
14:53:04.730 [FXGL Background Thread 1 ] DEBUG GameApplicationServi - Initializing application scenes
14:53:04.852 [FXGL Background Thread 1 ] DEBUG GameWorld            - Game world initialized
14:53:04.950 [FXGL Background Thread 1 ] DEBUG PhysicsWorld         - Physics world initialized: appHeight=600, physics.ppm=50,0
14:53:04.950 [FXGL Background Thread 1 ] DEBUG PhysicsWorld         - Using strategy: BRUTE_FORCE
14:53:04.955 [FXGL Background Thread 1 ] DEBUG GameScene            - Game scene initialized: 800x600
14:53:05.007 [FXGL Background Thread 1 ] DEBUG FXGLAssetLoaderServi - Loading from file system: jar:file:/C:/Users/Sander/.m2/repository/com/github/almasb/fxgl/11.14/fxgl-11.14.jar!/fxglassets/textures/particles/trace_horizontal.png
14:53:05.066 [FXGL Background Thread 1 ] DEBUG FXGL.DefaultMenu     - createMenuBodyGameMenu()
14:53:05.085 [FXGL Background Thread 1 ] DEBUG FXGL.DefaultMenu     - createOptionsMenu()
14:53:05.092 [FXGL Background Thread 1 ] DEBUG FXGLAssetLoaderServi - Loading from file system: jar:file:/C:/Users/Sander/.m2/repository/com/github/almasb/fxgl/11.14/fxgl-11.14.jar!/fxglassets/textures/particles/smoke.png
14:53:05.179 [FXGL Background Thread 1 ] DEBUG GameApplicationServi - Application scenes initialized
14:53:05.194 [FXGL Background Thread 1 ] DEBUG SystemBundleService  - Loading FXGL system data
14:53:05.200 [FXGL Background Thread 1 ] DEBUG FileSystemAccess     - Reading from: C:\Users\Sander\IdeaProjects\demo\iposeGameProject\system\fxgl.bundle
14:53:05.209 [FXGL Background Thread 1 ] DEBUG SystemBundleService  - Bundle FXGL: {}
14:53:05.210 [FXGL Background Thread 1 ] DEBUG UpdaterService       - Checking for updates
14:53:05.219 [FXGL Background Thread 1 ] DEBUG FXGLApplication      - Loading default localization
14:53:05.220 [FXGL Background Thread 1 ] DEBUG FXGLAssetLoaderServi - Loading from file system: jar:file:/C:/Users/Sander/.m2/repository/com/github/almasb/fxgl/11.14/fxgl-11.14.jar!/fxglassets/languages/english.lang
14:53:05.245 [FXGL Background Thread 1 ] INFO  FXGLApplication      - FXGL initialization took: 0,711 sec
14:53:05.262 [JavaFX Application Thread] DEBUG Input                - Registered new binding: action0 - D
14:53:05.265 [JavaFX Application Thread] DEBUG Input                - Registered new binding: action1 - A
14:53:05.267 [JavaFX Application Thread] DEBUG Input                - Registered new binding: action2 - W
14:53:05.269 [JavaFX Application Thread] DEBUG Input                - Registered new binding: action3 - S
14:53:05.270 [JavaFX Application Thread] DEBUG Input                - Registered new binding: Shoot - Space
14:53:05.271 [JavaFX Application Thread] DEBUG Input                - Registered new binding: action4 - Q
14:53:05.271 [JavaFX Application Thread] DEBUG Input                - Registered new binding: action5 - E
14:53:05.275 [FXGL Background Thread 4 ] DEBUG FXGLApplication      - Loading fonts
14:53:05.277 [FXGL Background Thread 4 ] DEBUG FXGLAssetLoaderServi - Loading from file system: jar:file:/C:/Users/Sander/.m2/repository/com/github/almasb/fxgl/11.14/fxgl-11.14.jar!/fxglassets/ui/fonts/VarelaRound-Regular.ttf
14:53:05.274 [JavaFX Application Thread] WARN  FXGLAssetLoaderServi - Asset "/assets/music/test.mp3" was not found!
14:53:05.287 [JavaFX Application Thread] WARN  FXGLAssetLoaderServi - Failed to load MUSIC
14:53:05.290 [JavaFX Application Thread] DEBUG AudioPlayer          - Playing music com.almasb.fxgl.audio.Music@3dd57be
14:53:05.291 [JavaFX Application Thread] DEBUG FXGLAssetLoaderServi - Loading from file system: jar:file:/C:/Users/Sander/.m2/repository/com/github/almasb/fxgl/11.14/fxgl-11.14.jar!/fxglassets/textures/fxgl_icon.png
14:53:05.327 [JavaFX Application Thread] DEBUG FXGLAssetLoaderServi - Loading from file system: jar:file:/C:/Users/Sander/.m2/repository/com/github/almasb/fxgl/11.14/fxgl-11.14.jar!/fxglassets/ui/cursors/fxgl_default.png
14:53:05.330 [JavaFX Application Thread] DEBUG Input                - Registered new binding: Screenshot - P
14:53:05.331 [JavaFX Application Thread] DEBUG Input                - Registered new binding: System info dump - CTRL+9
14:53:05.331 [JavaFX Application Thread] DEBUG Input                - Registered new binding: Restart - CTRL+R
14:53:05.333 [JavaFX Application Thread] DEBUG Input                - Registered new binding: Toggle Debug Camera - CTRL+C
14:53:05.337 [JavaFX Application Thread] DEBUG LoopRunner           - Starting loop
14:53:05.337 [JavaFX Application Thread] DEBUG LoopRunner           - Initializing JavaFX AnimationTimerLoop
14:53:05.340 [JavaFX Application Thread] DEBUG GameApplicationServi - Starting new game
14:53:05.341 [JavaFX Application Thread] DEBUG Input                - Clearing active input actions
14:53:05.368 [JavaFX Application Thread] DEBUG GameApplicationServi - Removing overlay from FXGLStartupScene and adding to FXGLLoadingScene
14:53:05.369 [JavaFX Application Thread] DEBUG PrimaryStageWindow   - FXGLStartupScene -> FXGLLoadingScene
14:53:05.370 [JavaFX Application Thread] DEBUG GameApplicationServi - Clearing previous game
14:53:05.370 [JavaFX Application Thread] DEBUG GameScene            - Clearing game scene
14:53:05.370 [JavaFX Application Thread] DEBUG GameWorld            - Clearing game world
14:53:05.370 [JavaFX Application Thread] DEBUG PhysicsWorld         - Clearing physics world
14:53:05.374 [FXGL Background Thread 1 ] DEBUG FXGLApplication      - Initializing game
14:53:05.457 [FXGL Background Thread 1 ] WARN  TMXLevelLoader       - TiledMap generated from 1.8.4. Supported version: 1.2.3. Some features may not be parsed fully.
14:53:05.466 [FXGL Background Thread 1 ] DEBUG TMXLevelLoader       - Parsed raw map: TiledMap(width=15, height=10, tilewidth=70, tileheight=70, orientation=orthogonal, layers=[Layer(width=15, height=10, name=Tilelaag 1, type=tilelayer, visible=false, x=0, y=0, data=[1, 2, 2, 2, 2, 2, 2, 2, 2, 2, 2, 2, 2, 2, 2, 27, 28, 28, 28, 28, 28, 28, 28, 28, 28, 28, 28, 28, 28, 28, 27, 28, 28, 28, 28, 28, 28, 28, 28, 28, 28, 28, 28, 28, 28, 27, 28, 28, 28, 28, 28, 28, 28, 28, 28, 28, 28, 28, 28, 28, 27, 28, 28, 28, 28, 28, 28, 28, 28, 28, 28, 28, 28, 28, 28, 27, 28, 28, 28, 28, 28, 28, 28, 28, 28, 28, 28, 28, 28, 28, 27, 28, 28, 28, 28, 28, 28, 28, 28, 28, 28, 28, 28, 28, 28, 27, 28, 28, 28, 28, 28, 28, 28, 28, 28, 28, 28, 28, 28, 28, 27, 28, 28, 28, 28, 28, 28, 28, 28, 28, 28, 28, 28, 28, 28, 27, 28, 28, 28, 28, 28, 28, 28, 28, 28, 28, 28, 28, 28, 28], objects=[], opacity=0.0, draworder=), Layer(width=0, height=0, name=Objectlaag 1, type=objectgroup, visible=false, x=0, y=0, data=[], objects=[com.almasb.fxgl.entity.level.tiled.TiledObject@5454158b, com.almasb.fxgl.entity.level.tiled.TiledObject@6f3a9ecf, com.almasb.fxgl.entity.level.tiled.TiledObject@524255bc, com.almasb.fxgl.entity.level.tiled.TiledObject@1645bf79, com.almasb.fxgl.entity.level.tiled.TiledObject@62c91877], opacity=0.0, draworder=)], tilesets=[Tileset(firstgid=1, image=../../../../Downloads/PC Computer - The Binding of Isaac Rebirth - Caves.png, name=PC Computer - The Binding of Isaac Rebirth - Caves, tilewidth=70, tileheight=70, imagewidth=1903, imageheight=468, margin=0, spacing=2, columns=26, tilecount=156, transparentcolor=, tiles=[])], backgroundcolor=, renderorder=right-down, nextobjectid=6, version=1, tiledversion=1.8.4, type=map, infinite=false, hexsidelength=0, staggeraxis=, staggerindex=, properties={}, propertytypes={})
14:53:05.536 [FXGL Background Thread 1 ] DEBUG TMXLevelLoader       - Creating tile layer entities
14:53:05.538 [FXGL Background Thread 1 ] DEBUG TilesetLoader        - Loading view for layer Tilelaag 1
14:53:05.540 [FXGL Background Thread 1 ] DEBUG TilesetLoader        - Created buffer with size 1050.0x700.0
14:53:05.649 [FXGL Background Thread 1 ] DEBUG TilesetLoader        - Writing to buffer: dst=0,0, w=70,h=70, src=0,0
14:53:05.654 [FXGL Background Thread 1 ] DEBUG TilesetLoader        - Writing to buffer: dst=70,0, w=70,h=70, src=72,0
14:53:05.654 [FXGL Background Thread 1 ] DEBUG TilesetLoader        - Writing to buffer: dst=140,0, w=70,h=70, src=72,0
14:53:05.655 [FXGL Background Thread 1 ] DEBUG TilesetLoader        - Writing to buffer: dst=210,0, w=70,h=70, src=72,0
14:53:05.655 [FXGL Background Thread 1 ] DEBUG TilesetLoader        - Writing to buffer: dst=280,0, w=70,h=70, src=72,0
14:53:05.656 [FXGL Background Thread 1 ] DEBUG TilesetLoader        - Writing to buffer: dst=350,0, w=70,h=70, src=72,0
14:53:05.661 [FXGL Background Thread 1 ] DEBUG TilesetLoader        - Writing to buffer: dst=420,0, w=70,h=70, src=72,0
14:53:05.661 [FXGL Background Thread 1 ] DEBUG TilesetLoader        - Writing to buffer: dst=490,0, w=70,h=70, src=72,0
14:53:05.662 [FXGL Background Thread 1 ] DEBUG TilesetLoader        - Writing to buffer: dst=560,0, w=70,h=70, src=72,0
14:53:05.662 [FXGL Background Thread 1 ] DEBUG TilesetLoader        - Writing to buffer: dst=630,0, w=70,h=70, src=72,0
14:53:05.668 [FXGL Background Thread 1 ] DEBUG TilesetLoader        - Writing to buffer: dst=700,0, w=70,h=70, src=72,0
14:53:05.669 [FXGL Background Thread 1 ] DEBUG TilesetLoader        - Writing to buffer: dst=770,0, w=70,h=70, src=72,0
14:53:05.669 [FXGL Background Thread 1 ] DEBUG TilesetLoader        - Writing to buffer: dst=840,0, w=70,h=70, src=72,0
14:53:05.670 [FXGL Background Thread 1 ] DEBUG TilesetLoader        - Writing to buffer: dst=910,0, w=70,h=70, src=72,0
14:53:05.671 [FXGL Background Thread 1 ] DEBUG TilesetLoader        - Writing to buffer: dst=980,0, w=70,h=70, src=72,0
14:53:05.671 [FXGL Background Thread 1 ] DEBUG TilesetLoader        - Writing to buffer: dst=0,70, w=70,h=70, src=0,72
14:53:05.673 [FXGL Background Thread 1 ] DEBUG TilesetLoader        - Writing to buffer: dst=70,70, w=70,h=70, src=72,72
14:53:05.674 [FXGL Background Thread 1 ] DEBUG TilesetLoader        - Writing to buffer: dst=140,70, w=70,h=70, src=72,72
14:53:05.674 [FXGL Background Thread 1 ] DEBUG TilesetLoader        - Writing to buffer: dst=210,70, w=70,h=70, src=72,72
14:53:05.675 [FXGL Background Thread 1 ] DEBUG TilesetLoader        - Writing to buffer: dst=280,70, w=70,h=70, src=72,72
14:53:05.675 [FXGL Background Thread 1 ] DEBUG TilesetLoader        - Writing to buffer: dst=350,70, w=70,h=70, src=72,72
14:53:05.675 [FXGL Background Thread 1 ] DEBUG TilesetLoader        - Writing to buffer: dst=420,70, w=70,h=70, src=72,72
14:53:05.676 [FXGL Background Thread 1 ] DEBUG TilesetLoader        - Writing to buffer: dst=490,70, w=70,h=70, src=72,72
14:53:05.676 [FXGL Background Thread 1 ] DEBUG TilesetLoader        - Writing to buffer: dst=560,70, w=70,h=70, src=72,72
14:53:05.677 [FXGL Background Thread 1 ] DEBUG TilesetLoader        - Writing to buffer: dst=630,70, w=70,h=70, src=72,72
14:53:05.677 [FXGL Background Thread 1 ] DEBUG TilesetLoader        - Writing to buffer: dst=700,70, w=70,h=70, src=72,72
14:53:05.677 [FXGL Background Thread 1 ] DEBUG TilesetLoader        - Writing to buffer: dst=770,70, w=70,h=70, src=72,72
14:53:05.677 [FXGL Background Thread 1 ] DEBUG TilesetLoader        - Writing to buffer: dst=840,70, w=70,h=70, src=72,72
14:53:05.678 [FXGL Background Thread 1 ] DEBUG TilesetLoader        - Writing to buffer: dst=910,70, w=70,h=70, src=72,72
14:53:05.678 [FXGL Background Thread 1 ] DEBUG TilesetLoader        - Writing to buffer: dst=980,70, w=70,h=70, src=72,72
14:53:05.678 [FXGL Background Thread 1 ] DEBUG TilesetLoader        - Writing to buffer: dst=0,140, w=70,h=70, src=0,72
14:53:05.679 [FXGL Background Thread 1 ] DEBUG TilesetLoader        - Writing to buffer: dst=70,140, w=70,h=70, src=72,72
14:53:05.680 [FXGL Background Thread 1 ] DEBUG TilesetLoader        - Writing to buffer: dst=140,140, w=70,h=70, src=72,72
14:53:05.682 [FXGL Background Thread 1 ] DEBUG TilesetLoader        - Writing to buffer: dst=210,140, w=70,h=70, src=72,72
14:53:05.682 [FXGL Background Thread 1 ] DEBUG TilesetLoader        - Writing to buffer: dst=280,140, w=70,h=70, src=72,72
14:53:05.682 [FXGL Background Thread 1 ] DEBUG TilesetLoader        - Writing to buffer: dst=350,140, w=70,h=70, src=72,72
14:53:05.682 [FXGL Background Thread 1 ] DEBUG TilesetLoader        - Writing to buffer: dst=420,140, w=70,h=70, src=72,72
14:53:05.683 [FXGL Background Thread 1 ] DEBUG TilesetLoader        - Writing to buffer: dst=490,140, w=70,h=70, src=72,72
14:53:05.683 [FXGL Background Thread 1 ] DEBUG TilesetLoader        - Writing to buffer: dst=560,140, w=70,h=70, src=72,72
14:53:05.683 [FXGL Background Thread 1 ] DEBUG TilesetLoader        - Writing to buffer: dst=630,140, w=70,h=70, src=72,72
14:53:05.684 [FXGL Background Thread 1 ] DEBUG TilesetLoader        - Writing to buffer: dst=700,140, w=70,h=70, src=72,72
14:53:05.684 [FXGL Background Thread 1 ] DEBUG TilesetLoader        - Writing to buffer: dst=770,140, w=70,h=70, src=72,72
14:53:05.685 [FXGL Background Thread 1 ] DEBUG TilesetLoader        - Writing to buffer: dst=840,140, w=70,h=70, src=72,72
14:53:05.685 [FXGL Background Thread 1 ] DEBUG TilesetLoader        - Writing to buffer: dst=910,140, w=70,h=70, src=72,72
14:53:05.685 [FXGL Background Thread 1 ] DEBUG TilesetLoader        - Writing to buffer: dst=980,140, w=70,h=70, src=72,72
14:53:05.686 [FXGL Background Thread 1 ] DEBUG TilesetLoader        - Writing to buffer: dst=0,210, w=70,h=70, src=0,72
14:53:05.686 [FXGL Background Thread 1 ] DEBUG TilesetLoader        - Writing to buffer: dst=70,210, w=70,h=70, src=72,72
14:53:05.686 [FXGL Background Thread 1 ] DEBUG TilesetLoader        - Writing to buffer: dst=140,210, w=70,h=70, src=72,72
14:53:05.687 [FXGL Background Thread 1 ] DEBUG TilesetLoader        - Writing to buffer: dst=210,210, w=70,h=70, src=72,72
14:53:05.687 [FXGL Background Thread 1 ] DEBUG TilesetLoader        - Writing to buffer: dst=280,210, w=70,h=70, src=72,72
14:53:05.687 [FXGL Background Thread 1 ] DEBUG TilesetLoader        - Writing to buffer: dst=350,210, w=70,h=70, src=72,72
14:53:05.688 [FXGL Background Thread 1 ] DEBUG TilesetLoader        - Writing to buffer: dst=420,210, w=70,h=70, src=72,72
14:53:05.688 [FXGL Background Thread 1 ] DEBUG TilesetLoader        - Writing to buffer: dst=490,210, w=70,h=70, src=72,72
14:53:05.688 [FXGL Background Thread 1 ] DEBUG TilesetLoader        - Writing to buffer: dst=560,210, w=70,h=70, src=72,72
14:53:05.688 [FXGL Background Thread 1 ] DEBUG TilesetLoader        - Writing to buffer: dst=630,210, w=70,h=70, src=72,72
14:53:05.689 [FXGL Background Thread 1 ] DEBUG TilesetLoader        - Writing to buffer: dst=700,210, w=70,h=70, src=72,72
14:53:05.689 [FXGL Background Thread 1 ] DEBUG TilesetLoader        - Writing to buffer: dst=770,210, w=70,h=70, src=72,72
14:53:05.689 [FXGL Background Thread 1 ] DEBUG TilesetLoader        - Writing to buffer: dst=840,210, w=70,h=70, src=72,72
14:53:05.689 [FXGL Background Thread 1 ] DEBUG TilesetLoader        - Writing to buffer: dst=910,210, w=70,h=70, src=72,72
14:53:05.690 [FXGL Background Thread 1 ] DEBUG TilesetLoader        - Writing to buffer: dst=980,210, w=70,h=70, src=72,72
14:53:05.690 [FXGL Background Thread 1 ] DEBUG TilesetLoader        - Writing to buffer: dst=0,280, w=70,h=70, src=0,72
14:53:05.690 [FXGL Background Thread 1 ] DEBUG TilesetLoader        - Writing to buffer: dst=70,280, w=70,h=70, src=72,72
14:53:05.690 [FXGL Background Thread 1 ] DEBUG TilesetLoader        - Writing to buffer: dst=140,280, w=70,h=70, src=72,72
14:53:05.691 [FXGL Background Thread 1 ] DEBUG TilesetLoader        - Writing to buffer: dst=210,280, w=70,h=70, src=72,72
14:53:05.691 [FXGL Background Thread 1 ] DEBUG TilesetLoader        - Writing to buffer: dst=280,280, w=70,h=70, src=72,72
14:53:05.691 [FXGL Background Thread 1 ] DEBUG TilesetLoader        - Writing to buffer: dst=350,280, w=70,h=70, src=72,72
14:53:05.691 [FXGL Background Thread 1 ] DEBUG TilesetLoader        - Writing to buffer: dst=420,280, w=70,h=70, src=72,72
14:53:05.692 [FXGL Background Thread 1 ] DEBUG TilesetLoader        - Writing to buffer: dst=490,280, w=70,h=70, src=72,72
14:53:05.692 [FXGL Background Thread 1 ] DEBUG TilesetLoader        - Writing to buffer: dst=560,280, w=70,h=70, src=72,72
14:53:05.692 [FXGL Background Thread 1 ] DEBUG TilesetLoader        - Writing to buffer: dst=630,280, w=70,h=70, src=72,72
14:53:05.692 [FXGL Background Thread 1 ] DEBUG TilesetLoader        - Writing to buffer: dst=700,280, w=70,h=70, src=72,72
14:53:05.693 [FXGL Background Thread 1 ] DEBUG TilesetLoader        - Writing to buffer: dst=770,280, w=70,h=70, src=72,72
14:53:05.693 [FXGL Background Thread 1 ] DEBUG TilesetLoader        - Writing to buffer: dst=840,280, w=70,h=70, src=72,72
14:53:05.693 [FXGL Background Thread 1 ] DEBUG TilesetLoader        - Writing to buffer: dst=910,280, w=70,h=70, src=72,72
14:53:05.693 [FXGL Background Thread 1 ] DEBUG TilesetLoader        - Writing to buffer: dst=980,280, w=70,h=70, src=72,72
14:53:05.694 [FXGL Background Thread 1 ] DEBUG TilesetLoader        - Writing to buffer: dst=0,350, w=70,h=70, src=0,72
14:53:05.694 [FXGL Background Thread 1 ] DEBUG TilesetLoader        - Writing to buffer: dst=70,350, w=70,h=70, src=72,72
14:53:05.694 [FXGL Background Thread 1 ] DEBUG TilesetLoader        - Writing to buffer: dst=140,350, w=70,h=70, src=72,72
14:53:05.695 [FXGL Background Thread 1 ] DEBUG TilesetLoader        - Writing to buffer: dst=210,350, w=70,h=70, src=72,72
14:53:05.695 [FXGL Background Thread 1 ] DEBUG TilesetLoader        - Writing to buffer: dst=280,350, w=70,h=70, src=72,72
14:53:05.696 [FXGL Background Thread 1 ] DEBUG TilesetLoader        - Writing to buffer: dst=350,350, w=70,h=70, src=72,72
14:53:05.696 [FXGL Background Thread 1 ] DEBUG TilesetLoader        - Writing to buffer: dst=420,350, w=70,h=70, src=72,72
14:53:05.696 [FXGL Background Thread 1 ] DEBUG TilesetLoader        - Writing to buffer: dst=490,350, w=70,h=70, src=72,72
14:53:05.697 [FXGL Background Thread 1 ] DEBUG TilesetLoader        - Writing to buffer: dst=560,350, w=70,h=70, src=72,72
14:53:05.697 [FXGL Background Thread 1 ] DEBUG TilesetLoader        - Writing to buffer: dst=630,350, w=70,h=70, src=72,72
14:53:05.697 [FXGL Background Thread 1 ] DEBUG TilesetLoader        - Writing to buffer: dst=700,350, w=70,h=70, src=72,72
14:53:05.698 [FXGL Background Thread 1 ] DEBUG TilesetLoader        - Writing to buffer: dst=770,350, w=70,h=70, src=72,72
14:53:05.698 [FXGL Background Thread 1 ] DEBUG TilesetLoader        - Writing to buffer: dst=840,350, w=70,h=70, src=72,72
14:53:05.698 [FXGL Background Thread 1 ] DEBUG TilesetLoader        - Writing to buffer: dst=910,350, w=70,h=70, src=72,72
14:53:05.698 [FXGL Background Thread 1 ] DEBUG TilesetLoader        - Writing to buffer: dst=980,350, w=70,h=70, src=72,72
14:53:05.699 [FXGL Background Thread 1 ] DEBUG TilesetLoader        - Writing to buffer: dst=0,420, w=70,h=70, src=0,72
14:53:05.699 [FXGL Background Thread 1 ] DEBUG TilesetLoader        - Writing to buffer: dst=70,420, w=70,h=70, src=72,72
14:53:05.699 [FXGL Background Thread 1 ] DEBUG TilesetLoader        - Writing to buffer: dst=140,420, w=70,h=70, src=72,72
14:53:05.700 [FXGL Background Thread 1 ] DEBUG TilesetLoader        - Writing to buffer: dst=210,420, w=70,h=70, src=72,72
14:53:05.700 [FXGL Background Thread 1 ] DEBUG TilesetLoader        - Writing to buffer: dst=280,420, w=70,h=70, src=72,72
14:53:05.700 [FXGL Background Thread 1 ] DEBUG TilesetLoader        - Writing to buffer: dst=350,420, w=70,h=70, src=72,72
14:53:05.701 [FXGL Background Thread 1 ] DEBUG TilesetLoader        - Writing to buffer: dst=420,420, w=70,h=70, src=72,72
14:53:05.701 [FXGL Background Thread 1 ] DEBUG TilesetLoader        - Writing to buffer: dst=490,420, w=70,h=70, src=72,72
14:53:05.701 [FXGL Background Thread 1 ] DEBUG TilesetLoader        - Writing to buffer: dst=560,420, w=70,h=70, src=72,72
14:53:05.702 [FXGL Background Thread 1 ] DEBUG TilesetLoader        - Writing to buffer: dst=630,420, w=70,h=70, src=72,72
14:53:05.702 [FXGL Background Thread 1 ] DEBUG TilesetLoader        - Writing to buffer: dst=700,420, w=70,h=70, src=72,72
14:53:05.702 [FXGL Background Thread 1 ] DEBUG TilesetLoader        - Writing to buffer: dst=770,420, w=70,h=70, src=72,72
14:53:05.703 [FXGL Background Thread 1 ] DEBUG TilesetLoader        - Writing to buffer: dst=840,420, w=70,h=70, src=72,72
14:53:05.703 [FXGL Background Thread 1 ] DEBUG TilesetLoader        - Writing to buffer: dst=910,420, w=70,h=70, src=72,72
14:53:05.704 [FXGL Background Thread 1 ] DEBUG TilesetLoader        - Writing to buffer: dst=980,420, w=70,h=70, src=72,72
14:53:05.704 [FXGL Background Thread 1 ] DEBUG TilesetLoader        - Writing to buffer: dst=0,490, w=70,h=70, src=0,72
14:53:05.705 [FXGL Background Thread 1 ] DEBUG TilesetLoader        - Writing to buffer: dst=70,490, w=70,h=70, src=72,72
14:53:05.705 [FXGL Background Thread 1 ] DEBUG TilesetLoader        - Writing to buffer: dst=140,490, w=70,h=70, src=72,72
14:53:05.705 [FXGL Background Thread 1 ] DEBUG TilesetLoader        - Writing to buffer: dst=210,490, w=70,h=70, src=72,72
14:53:05.705 [FXGL Background Thread 1 ] DEBUG TilesetLoader        - Writing to buffer: dst=280,490, w=70,h=70, src=72,72
14:53:05.706 [FXGL Background Thread 1 ] DEBUG TilesetLoader        - Writing to buffer: dst=350,490, w=70,h=70, src=72,72
14:53:05.706 [FXGL Background Thread 1 ] DEBUG TilesetLoader        - Writing to buffer: dst=420,490, w=70,h=70, src=72,72
14:53:05.706 [FXGL Background Thread 1 ] DEBUG TilesetLoader        - Writing to buffer: dst=490,490, w=70,h=70, src=72,72
14:53:05.707 [FXGL Background Thread 1 ] DEBUG TilesetLoader        - Writing to buffer: dst=560,490, w=70,h=70, src=72,72
14:53:05.707 [FXGL Background Thread 1 ] DEBUG TilesetLoader        - Writing to buffer: dst=630,490, w=70,h=70, src=72,72
14:53:05.707 [FXGL Background Thread 1 ] DEBUG TilesetLoader        - Writing to buffer: dst=700,490, w=70,h=70, src=72,72
14:53:05.708 [FXGL Background Thread 1 ] DEBUG TilesetLoader        - Writing to buffer: dst=770,490, w=70,h=70, src=72,72
14:53:05.708 [FXGL Background Thread 1 ] DEBUG TilesetLoader        - Writing to buffer: dst=840,490, w=70,h=70, src=72,72
14:53:05.709 [FXGL Background Thread 1 ] DEBUG TilesetLoader        - Writing to buffer: dst=910,490, w=70,h=70, src=72,72
14:53:05.709 [FXGL Background Thread 1 ] DEBUG TilesetLoader        - Writing to buffer: dst=980,490, w=70,h=70, src=72,72
14:53:05.709 [FXGL Background Thread 1 ] DEBUG TilesetLoader        - Writing to buffer: dst=0,560, w=70,h=70, src=0,72
14:53:05.710 [FXGL Background Thread 1 ] DEBUG TilesetLoader        - Writing to buffer: dst=70,560, w=70,h=70, src=72,72
14:53:05.710 [FXGL Background Thread 1 ] DEBUG TilesetLoader        - Writing to buffer: dst=140,560, w=70,h=70, src=72,72
14:53:05.710 [FXGL Background Thread 1 ] DEBUG TilesetLoader        - Writing to buffer: dst=210,560, w=70,h=70, src=72,72
14:53:05.710 [FXGL Background Thread 1 ] DEBUG TilesetLoader        - Writing to buffer: dst=280,560, w=70,h=70, src=72,72
14:53:05.711 [FXGL Background Thread 1 ] DEBUG TilesetLoader        - Writing to buffer: dst=350,560, w=70,h=70, src=72,72
14:53:05.711 [FXGL Background Thread 1 ] DEBUG TilesetLoader        - Writing to buffer: dst=420,560, w=70,h=70, src=72,72
14:53:05.712 [FXGL Background Thread 1 ] DEBUG TilesetLoader        - Writing to buffer: dst=490,560, w=70,h=70, src=72,72
14:53:05.712 [FXGL Background Thread 1 ] DEBUG TilesetLoader        - Writing to buffer: dst=560,560, w=70,h=70, src=72,72
14:53:05.712 [FXGL Background Thread 1 ] DEBUG TilesetLoader        - Writing to buffer: dst=630,560, w=70,h=70, src=72,72
14:53:05.713 [FXGL Background Thread 1 ] DEBUG TilesetLoader        - Writing to buffer: dst=700,560, w=70,h=70, src=72,72
14:53:05.713 [FXGL Background Thread 1 ] DEBUG TilesetLoader        - Writing to buffer: dst=770,560, w=70,h=70, src=72,72
14:53:05.713 [FXGL Background Thread 1 ] DEBUG TilesetLoader        - Writing to buffer: dst=840,560, w=70,h=70, src=72,72
14:53:05.713 [FXGL Background Thread 1 ] DEBUG TilesetLoader        - Writing to buffer: dst=910,560, w=70,h=70, src=72,72
14:53:05.714 [FXGL Background Thread 1 ] DEBUG TilesetLoader        - Writing to buffer: dst=980,560, w=70,h=70, src=72,72
14:53:05.716 [FXGL Background Thread 1 ] DEBUG TilesetLoader        - Writing to buffer: dst=0,630, w=70,h=70, src=0,72
14:53:05.718 [FXGL Background Thread 1 ] DEBUG TilesetLoader        - Writing to buffer: dst=70,630, w=70,h=70, src=72,72
14:53:05.719 [FXGL Background Thread 1 ] DEBUG TilesetLoader        - Writing to buffer: dst=140,630, w=70,h=70, src=72,72
14:53:05.719 [FXGL Background Thread 1 ] DEBUG TilesetLoader        - Writing to buffer: dst=210,630, w=70,h=70, src=72,72
14:53:05.719 [FXGL Background Thread 1 ] DEBUG TilesetLoader        - Writing to buffer: dst=280,630, w=70,h=70, src=72,72
14:53:05.720 [FXGL Background Thread 1 ] DEBUG TilesetLoader        - Writing to buffer: dst=350,630, w=70,h=70, src=72,72
14:53:05.720 [FXGL Background Thread 1 ] DEBUG TilesetLoader        - Writing to buffer: dst=420,630, w=70,h=70, src=72,72
14:53:05.720 [FXGL Background Thread 1 ] DEBUG TilesetLoader        - Writing to buffer: dst=490,630, w=70,h=70, src=72,72
14:53:05.721 [FXGL Background Thread 1 ] DEBUG TilesetLoader        - Writing to buffer: dst=560,630, w=70,h=70, src=72,72
14:53:05.721 [FXGL Background Thread 1 ] DEBUG TilesetLoader        - Writing to buffer: dst=630,630, w=70,h=70, src=72,72
14:53:05.721 [FXGL Background Thread 1 ] DEBUG TilesetLoader        - Writing to buffer: dst=700,630, w=70,h=70, src=72,72
14:53:05.722 [FXGL Background Thread 1 ] DEBUG TilesetLoader        - Writing to buffer: dst=770,630, w=70,h=70, src=72,72
14:53:05.722 [FXGL Background Thread 1 ] DEBUG TilesetLoader        - Writing to buffer: dst=840,630, w=70,h=70, src=72,72
14:53:05.722 [FXGL Background Thread 1 ] DEBUG TilesetLoader        - Writing to buffer: dst=910,630, w=70,h=70, src=72,72
14:53:05.722 [FXGL Background Thread 1 ] DEBUG TilesetLoader        - Writing to buffer: dst=980,630, w=70,h=70, src=72,72
14:53:05.723 [FXGL Background Thread 1 ] DEBUG TMXLevelLoader       - Creating object layer entities
14:53:05.755 [FXGL Background Thread 1 ] WARN  FXGLAssetLoaderServi - Asset "/assets/textures/-left.png" was not found!
14:53:05.756 [FXGL Background Thread 1 ] WARN  FXGLAssetLoaderServi - Failed to load IMAGE
14:53:05.804 [FXGL Background Thread 1 ] WARN  FXGLAssetLoaderServi - Asset "/assets/textures/-right.png" was not found!
14:53:05.804 [FXGL Background Thread 1 ] WARN  FXGLAssetLoaderServi - Failed to load IMAGE
14:53:05.805 [FXGL Background Thread 1 ] WARN  FXGLAssetLoaderServi - Asset "/assets/textures/-up-down.png" was not found!
14:53:05.824 [FXGL Background Thread 1 ] WARN  FXGLAssetLoaderServi - Failed to load IMAGE
14:53:05.839 [FXGL Background Thread 1 ] DEBUG GameWorld            - Clearing removable entities
14:53:05.840 [FXGL Background Thread 1 ] DEBUG GameWorld            - Setting level: com.almasb.fxgl.entity.level.Level@5c9bd582
14:53:05.861 [FXGL Background Thread 1 ] DEBUG FXGLAssetLoaderServi - Loading from file system: file:/C:/Users/Sander/IdeaProjects/demo/iposeGameProject/target/classes/assets/textures/among-us.gif
14:53:05.874 [FXGL Background Thread 4 ] DEBUG FXGLAssetLoaderServi - Loading from file system: jar:file:/C:/Users/Sander/.m2/repository/com/github/almasb/fxgl/11.14/fxgl-11.14.jar!/fxglassets/ui/fonts/Abel-Regular.ttf
14:53:05.895 [FXGL Background Thread 4 ] DEBUG FXGLAssetLoaderServi - Loading from file system: jar:file:/C:/Users/Sander/.m2/repository/com/github/almasb/fxgl/11.14/fxgl-11.14.jar!/fxglassets/ui/fonts/lucida_console.ttf
14:53:05.917 [FXGL Background Thread 4 ] DEBUG FXGLAssetLoaderServi - Loading from file system: jar:file:/C:/Users/Sander/.m2/repository/com/github/almasb/fxgl/11.14/fxgl-11.14.jar!/fxglassets/ui/fonts/Courier-Prime.ttf
14:53:05.952 [JavaFX Application Thread] DEBUG FXGLApplication      - Registering font factories with UI factory
14:53:06.256 [FXGL Background Thread 1 ] INFO  FXGLApplication      - Game initialization took: 0,882 sec
14:53:06.321 [JavaFX Application Thread] DEBUG Input                - Clearing active input actions
14:53:06.342 [JavaFX Application Thread] DEBUG GameApplicationServi - Removing overlay from FXGLLoadingScene and adding to GameScene
14:53:06.342 [JavaFX Application Thread] DEBUG PrimaryStageWindow   - FXGLLoadingScene -> GameScene
14:53:06.355 [FXGL Background Thread 2 ] INFO  UpdaterService       - Your current version:  11.14
14:53:06.355 [FXGL Background Thread 2 ] INFO  UpdaterService       - Latest stable version: 17.1
14:53:06.374 [JavaFX Application Thread] DEBUG LoopRunner           - Stopping loop
14:53:06.399 [JavaFX Application Thread] FATAL FXGLApplication      - Uncaught Exception:
java.lang.NullPointerException: Cannot invoke "com.almasb.fxgl.entity.Entity.translateX(double)" because "this.ghost" is null
	at Game.onUpdate(Game.java:136)
	at com.almasb.fxgl.app.FXGLApplication$GameApplicationService.onGameUpdate(FXGLApplication.kt:452)
	at com.almasb.fxgl.app.Engine.onGameUpdate(Engine.kt:137)
	at com.almasb.fxgl.app.FXGLApplication$postServicesInit$2.onUpdate(FXGLApplication.kt:215)
	at com.almasb.fxgl.scene.Scene.update(Scene.kt:112)
	at com.almasb.fxgl.app.MainWindow$update$1.invoke(MainWindow.kt:101)
	at com.almasb.fxgl.app.MainWindow$update$1.invoke(MainWindow.kt:41)
	at com.almasb.fxgl.core.fsm.StateMachine.runOnActiveStates(StateMachine.kt:69)
	at com.almasb.fxgl.app.MainWindow.update(MainWindow.kt:101)
	at com.almasb.fxgl.app.FXGLApplication$GameApplicationService.onUpdate(FXGLApplication.kt:457)
	at com.almasb.fxgl.app.Engine.loop(Engine.kt:133)
	at com.almasb.fxgl.app.Engine.access$loop(Engine.kt:24)
	at com.almasb.fxgl.app.Engine$loop$1.invoke(Engine.kt:28)
	at com.almasb.fxgl.app.Engine$loop$1.invoke(Engine.kt:24)
	at com.almasb.fxgl.app.LoopRunner.frame(LoopRunner.kt:103)
	at com.almasb.fxgl.app.LoopRunner.access$frame(LoopRunner.kt:23)
	at com.almasb.fxgl.app.LoopRunner$impl$2$1.onTick(LoopRunner.kt:57)
	at com.almasb.fxgl.app.AnimationTimerLoop$timer$1.handle(LoopRunner.kt:133)
	at javafx.animation.AnimationTimer$AnimationTimerReceiver.lambda$handle$0(AnimationTimer.java:57)
	at java.base/java.security.AccessController.doPrivileged(AccessController.java:391)
	at javafx.animation.AnimationTimer$AnimationTimerReceiver.handle(AnimationTimer.java:56)
	at com.sun.scenario.animation.AbstractMasterTimer.timePulseImpl(AbstractMasterTimer.java:357)
	at com.sun.scenario.animation.AbstractMasterTimer$MainLoop.run(AbstractMasterTimer.java:267)
	at com.sun.javafx.tk.quantum.QuantumToolkit.pulse(QuantumToolkit.java:559)
	at com.sun.javafx.tk.quantum.QuantumToolkit.pulse(QuantumToolkit.java:543)
	at com.sun.javafx.tk.quantum.QuantumToolkit.pulseFromQueue(QuantumToolkit.java:536)
	at com.sun.javafx.tk.quantum.QuantumToolkit.lambda$runToolkit$11(QuantumToolkit.java:342)
	at com.sun.glass.ui.InvokeLaterDispatcher$Future.run(InvokeLaterDispatcher.java:96)
	at com.sun.glass.ui.win.WinApplication._runLoop(Native Method)
	at com.sun.glass.ui.win.WinApplication.lambda$runLoop$3(WinApplication.java:174)
	at java.base/java.lang.Thread.run(Thread.java:832)

14:53:06.399 [JavaFX Application Thread] FATAL FXGLApplication      - Application will now exit
14:53:06.423 [JavaFX Application Thread] DEBUG PrimaryStageWindow   - Push state: ErrorSubScene
14:53:06.423 [JavaFX Application Thread] DEBUG Input                - Clearing active input actions
14:53:06.428 [JavaFX Application Thread] DEBUG GameApplicationServi - Removing overlay from GameScene and adding to ErrorSubScene
14:53:06.429 [JavaFX Application Thread] DEBUG PrimaryStageWindow   - GameScene -> ErrorSubScene
14:53:08.235 [FXGL Background Thread 3 ] DEBUG Engine               - Logging environment variables
14:53:08.237 [FXGL Background Thread 3 ] DEBUG Engine               - achievements: []
14:53:08.238 [FXGL Background Thread 3 ] DEBUG Engine               - actualHeight: 773.7313232421875
14:53:08.239 [FXGL Background Thread 3 ] DEBUG Engine               - actualHeightProperty: ReadOnlyDoubleProperty [value: 773.7313232421875]
14:53:08.240 [FXGL Background Thread 3 ] DEBUG Engine               - actualWidth: 1375.5223388671875
14:53:08.240 [FXGL Background Thread 3 ] DEBUG Engine               - actualWidthProperty: ReadOnlyDoubleProperty [value: 1375.5223388671875]
14:53:08.241 [FXGL Background Thread 3 ] DEBUG Engine               - appIcon: fxgl_icon.png
14:53:08.241 [FXGL Background Thread 3 ] DEBUG Engine               - applicationMode: DEVELOPER
14:53:08.242 [FXGL Background Thread 3 ] DEBUG Engine               - cSSList: [fxgl_dark.css]
14:53:08.242 [FXGL Background Thread 3 ] DEBUG Engine               - collisionDetectionStrategy: BRUTE_FORCE
14:53:08.243 [FXGL Background Thread 3 ] DEBUG Engine               - configClass: Optional.empty
14:53:08.243 [FXGL Background Thread 3 ] DEBUG Engine               - credits: []
14:53:08.244 [FXGL Background Thread 3 ] DEBUG Engine               - devBBoxColorProperty: ObjectProperty [value: 0xff0000ff]
14:53:08.246 [FXGL Background Thread 3 ] DEBUG Engine               - devEnableDebugCameraProperty: BooleanProperty [value: false]
14:53:08.248 [FXGL Background Thread 3 ] DEBUG Engine               - devSensorColorProperty: ObjectProperty [value: 0xffff00ff]
14:53:08.248 [FXGL Background Thread 3 ] DEBUG Engine               - devShowBBoxProperty: BooleanProperty [value: false]
14:53:08.249 [FXGL Background Thread 3 ] DEBUG Engine               - devShowPositionProperty: BooleanProperty [value: false]
14:53:08.249 [FXGL Background Thread 3 ] DEBUG Engine               - enabledMenuItems: []
14:53:08.250 [FXGL Background Thread 3 ] DEBUG Engine               - engineServices: [class com.almasb.fxgl.app.services.FXGLAssetLoaderService, class com.almasb.fxgl.app.FXGLApplication$GameApplicationService, class com.almasb.fxgl.app.services.FXGLDialogService, class com.almasb.fxgl.app.services.IOTaskExecutorService, class com.almasb.fxgl.event.EventBusService, class com.almasb.fxgl.io.FileSystemService, class com.almasb.fxgl.localization.LocalizationService, class com.almasb.fxgl.app.services.SystemBundleService, class com.almasb.fxgl.profile.SaveLoadService, class com.almasb.fxgl.ui.FXGLUIFactoryServiceProvider, class com.almasb.fxgl.ui.FXGLDialogFactoryServiceProvider, class com.almasb.fxgl.audio.AudioPlayer, class com.almasb.fxgl.notification.impl.NotificationServiceProvider, class com.almasb.fxgl.achievement.AchievementService, class com.almasb.fxgl.cutscene.CutsceneService, class com.almasb.fxgl.minigames.MiniGameService, class com.almasb.fxgl.net.NetService, class com.almasb.fxgl.app.services.UpdaterService, class com.almasb.fxgl.dev.DevService]
14:53:08.251 [FXGL Background Thread 3 ] DEBUG Engine               - fontGame: Abel-Regular.ttf
14:53:08.251 [FXGL Background Thread 3 ] DEBUG Engine               - fontMono: lucida_console.ttf
14:53:08.254 [FXGL Background Thread 3 ] DEBUG Engine               - fontText: Courier-Prime.ttf
14:53:08.255 [FXGL Background Thread 3 ] DEBUG Engine               - fontUI: VarelaRound-Regular.ttf
14:53:08.256 [FXGL Background Thread 3 ] DEBUG Engine               - fullScreen: BooleanProperty [value: true]
14:53:08.257 [FXGL Background Thread 3 ] DEBUG Engine               - gameDifficulty: MEDIUM
14:53:08.257 [FXGL Background Thread 3 ] DEBUG Engine               - gameDifficultyProperty: ObjectProperty [value: MEDIUM]
14:53:08.258 [FXGL Background Thread 3 ] DEBUG Engine               - globalMusicVolume: 0.5
14:53:08.259 [FXGL Background Thread 3 ] DEBUG Engine               - globalMusicVolumeProperty: DoubleProperty [value: 100.0]
14:53:08.260 [FXGL Background Thread 3 ] DEBUG Engine               - globalSoundVolume: 0.5
14:53:08.261 [FXGL Background Thread 3 ] DEBUG Engine               - globalSoundVolumeProperty: DoubleProperty [value: 0.5]
14:53:08.263 [FXGL Background Thread 3 ] DEBUG Engine               - height: 600
14:53:08.263 [FXGL Background Thread 3 ] DEBUG Engine               - isAndroid: false
14:53:08.263 [FXGL Background Thread 3 ] DEBUG Engine               - isBrowser: false
14:53:08.263 [FXGL Background Thread 3 ] DEBUG Engine               - isClickFeedbackEnabled: false
14:53:08.263 [FXGL Background Thread 3 ] DEBUG Engine               - isCloseConfirmation: false
14:53:08.264 [FXGL Background Thread 3 ] DEBUG Engine               - isDesktop: true
14:53:08.264 [FXGL Background Thread 3 ] DEBUG Engine               - isDeveloperMenuEnabled: false
14:53:08.264 [FXGL Background Thread 3 ] DEBUG Engine               - isEntityPreloadEnabled: true
14:53:08.264 [FXGL Background Thread 3 ] DEBUG Engine               - isExperimental3D: false
14:53:08.265 [FXGL Background Thread 3 ] DEBUG Engine               - isExperimentalNative: false
14:53:08.265 [FXGL Background Thread 3 ] DEBUG Engine               - isExperimentalTiledLargeMap: false
14:53:08.265 [FXGL Background Thread 3 ] DEBUG Engine               - isFileSystemWriteAllowed: true
14:53:08.266 [FXGL Background Thread 3 ] DEBUG Engine               - isFullScreenAllowed: true
14:53:08.266 [FXGL Background Thread 3 ] DEBUG Engine               - isFullScreenFromStart: true
14:53:08.266 [FXGL Background Thread 3 ] DEBUG Engine               - isGameMenuEnabled: true
14:53:08.267 [FXGL Background Thread 3 ] DEBUG Engine               - isIOS: false
14:53:08.267 [FXGL Background Thread 3 ] DEBUG Engine               - isIntroEnabled: false
14:53:08.267 [FXGL Background Thread 3 ] DEBUG Engine               - isLinux: false
14:53:08.267 [FXGL Background Thread 3 ] DEBUG Engine               - isMac: false
14:53:08.267 [FXGL Background Thread 3 ] DEBUG Engine               - isMainMenuEnabled: false
14:53:08.268 [FXGL Background Thread 3 ] DEBUG Engine               - isManualResizeEnabled: false
14:53:08.268 [FXGL Background Thread 3 ] DEBUG Engine               - isMobile: false
14:53:08.268 [FXGL Background Thread 3 ] DEBUG Engine               - isPreserveResizeRatio: false
14:53:08.268 [FXGL Background Thread 3 ] DEBUG Engine               - isProfilingEnabled: false
14:53:08.268 [FXGL Background Thread 3 ] DEBUG Engine               - isScaleAffectedOnResize: true
14:53:08.268 [FXGL Background Thread 3 ] DEBUG Engine               - isSingleStep: false
14:53:08.268 [FXGL Background Thread 3 ] DEBUG Engine               - isUserProfileEnabled: false
14:53:08.269 [FXGL Background Thread 3 ] DEBUG Engine               - isWindows: true
14:53:08.269 [FXGL Background Thread 3 ] DEBUG Engine               - language: ObjectProperty [value: ENGLISH]
14:53:08.269 [FXGL Background Thread 3 ] DEBUG Engine               - menuKey: ESCAPE
14:53:08.269 [FXGL Background Thread 3 ] DEBUG Engine               - notificationViewClass: class com.almasb.fxgl.notification.view.XboxNotificationView
14:53:08.269 [FXGL Background Thread 3 ] DEBUG Engine               - pixelsPerMeter: 50.0
14:53:08.270 [FXGL Background Thread 3 ] DEBUG Engine               - platform: WINDOWS
14:53:08.270 [FXGL Background Thread 3 ] DEBUG Engine               - prefHeightProperty: ReadOnlyDoubleProperty [value: 600.0]
14:53:08.270 [FXGL Background Thread 3 ] DEBUG Engine               - prefWidthProperty: ReadOnlyDoubleProperty [value: 800.0]
14:53:08.270 [FXGL Background Thread 3 ] DEBUG Engine               - profileDir: profiles/
14:53:08.270 [FXGL Background Thread 3 ] DEBUG Engine               - profileName: StringProperty [value: DEFAULT]
14:53:08.271 [FXGL Background Thread 3 ] DEBUG Engine               - randomSeed: -1
14:53:08.271 [FXGL Background Thread 3 ] DEBUG Engine               - runtimeInfo: RuntimeInfo(platform=WINDOWS, version=11.14, build=01.03.2021 16.59)
14:53:08.271 [FXGL Background Thread 3 ] DEBUG Engine               - saveFileExt: sav
14:53:08.271 [FXGL Background Thread 3 ] DEBUG Engine               - scaledHeightProp$fxgl: DoubleProperty [bound, value: 773.7313232421875]
14:53:08.271 [FXGL Background Thread 3 ] DEBUG Engine               - scaledWidthProp$fxgl: DoubleProperty [bound, value: 1375.5223388671875]
14:53:08.271 [FXGL Background Thread 3 ] DEBUG Engine               - sceneFactory: com.almasb.fxgl.app.scene.SceneFactory@501aadc
14:53:08.271 [FXGL Background Thread 3 ] DEBUG Engine               - secondsIn24h: 60
14:53:08.272 [FXGL Background Thread 3 ] DEBUG Engine               - soundMenuBack: menu/back.wav
14:53:08.272 [FXGL Background Thread 3 ] DEBUG Engine               - soundMenuPress: menu/press.wav
14:53:08.272 [FXGL Background Thread 3 ] DEBUG Engine               - soundMenuSelect: menu/select.wav
14:53:08.272 [FXGL Background Thread 3 ] DEBUG Engine               - soundNotification: core/notification.wav
14:53:08.272 [FXGL Background Thread 3 ] DEBUG Engine               - stageStyle: DECORATED
14:53:08.272 [FXGL Background Thread 3 ] DEBUG Engine               - supportedLanguages: [ENGLISH, FRENCH, GERMAN, HUNGARIAN, RUSSIAN]
14:53:08.273 [FXGL Background Thread 3 ] DEBUG Engine               - ticksPerSecond: -1
14:53:08.273 [FXGL Background Thread 3 ] DEBUG Engine               - title: Javatar Game
14:53:08.273 [FXGL Background Thread 3 ] DEBUG Engine               - urlGithub: https://github.com/AlmasB/FXGL
14:53:08.273 [FXGL Background Thread 3 ] DEBUG Engine               - urlLeaderboard: http://fxgl-top.herokuapp.com/
14:53:08.273 [FXGL Background Thread 3 ] DEBUG Engine               - urlPOM: https://raw.githubusercontent.com/AlmasB/FXGL/release/README.md
14:53:08.273 [FXGL Background Thread 3 ] DEBUG Engine               - userAppClass: class Game
14:53:08.273 [FXGL Background Thread 3 ] DEBUG Engine               - version: 1.0
14:53:08.274 [FXGL Background Thread 3 ] DEBUG Engine               - versionCheckDays: 7
14:53:08.274 [FXGL Background Thread 3 ] DEBUG Engine               - width: 800
14:53:08.274 [FXGL Background Thread 3 ] DEBUG Engine               - Logging services
14:53:08.274 [FXGL Background Thread 3 ] DEBUG Engine               - class com.almasb.fxgl.app.services.FXGLAssetLoaderService
14:53:08.274 [FXGL Background Thread 3 ] DEBUG Engine               - class com.almasb.fxgl.app.FXGLApplication$GameApplicationService
14:53:08.274 [FXGL Background Thread 3 ] DEBUG Engine               - class com.almasb.fxgl.app.services.FXGLDialogService
14:53:08.274 [FXGL Background Thread 3 ] DEBUG Engine               - class com.almasb.fxgl.app.services.IOTaskExecutorService
14:53:08.275 [FXGL Background Thread 3 ] DEBUG Engine               - class com.almasb.fxgl.event.EventBusService
14:53:08.275 [FXGL Background Thread 3 ] DEBUG Engine               - class com.almasb.fxgl.io.FileSystemService
14:53:08.275 [FXGL Background Thread 3 ] DEBUG Engine               - class com.almasb.fxgl.localization.LocalizationService
14:53:08.275 [FXGL Background Thread 3 ] DEBUG Engine               - class com.almasb.fxgl.app.services.SystemBundleService
14:53:08.275 [FXGL Background Thread 3 ] DEBUG Engine               - class com.almasb.fxgl.profile.SaveLoadService
14:53:08.275 [FXGL Background Thread 3 ] DEBUG Engine               - class com.almasb.fxgl.ui.FXGLUIFactoryServiceProvider
14:53:08.276 [FXGL Background Thread 3 ] DEBUG Engine               - class com.almasb.fxgl.ui.FXGLDialogFactoryServiceProvider
14:53:08.276 [FXGL Background Thread 3 ] DEBUG Engine               - class com.almasb.fxgl.audio.AudioPlayer
14:53:08.276 [FXGL Background Thread 3 ] DEBUG Engine               - class com.almasb.fxgl.notification.impl.NotificationServiceProvider
14:53:08.276 [FXGL Background Thread 3 ] DEBUG Engine               - class com.almasb.fxgl.achievement.AchievementService
14:53:08.276 [FXGL Background Thread 3 ] DEBUG Engine               - class com.almasb.fxgl.cutscene.CutsceneService
14:53:08.276 [FXGL Background Thread 3 ] DEBUG Engine               - class com.almasb.fxgl.minigames.MiniGameService
14:53:08.276 [FXGL Background Thread 3 ] DEBUG Engine               - class com.almasb.fxgl.net.NetService
14:53:08.276 [FXGL Background Thread 3 ] DEBUG Engine               - class com.almasb.fxgl.app.services.UpdaterService
14:53:08.276 [FXGL Background Thread 3 ] DEBUG Engine               - class com.almasb.fxgl.dev.DevService
14:53:13.460 [JavaFX Application Thread] DEBUG FXGLApplication      - Exiting FXGL
14:53:13.461 [JavaFX Application Thread] DEBUG Async                - Shutting down background threads
14:53:13.461 [JavaFX Application Thread] DEBUG PrimaryStageWindow   - Closing main window
14:53:13.499 [JavaFX Application Thread] DEBUG Logger               - Closing Logger
