14:36:55.824 [main                     ] DEBUG Logger               - Configured Logger
14:36:55.849 [main                     ] DEBUG GameApplication      - Logging settings
Title: Javatar Game
Version: 1.0
Width: 800
Height: 600
Fullscreen: true
Intro: false
Profiling: false
Single step:false
App Mode: DEVELOPER
Menu Key: ESCAPE
Stage Style: DECORATED
Scene Factory: class com.almasb.fxgl.app.scene.SceneFactory

14:36:56.557 [JavaFX Application Thread] DEBUG FXGLApplication      - Initializing FXGL
14:36:56.560 [JavaFX Application Thread] INFO  Engine               - FXGL-11.14 (01.03.2021 16.59) on WINDOWS (J:15.0.2 FX:15)
14:36:56.561 [JavaFX Application Thread] DEBUG Engine               - JRE Vendor Name: Amazon.com Inc.
14:36:56.561 [JavaFX Application Thread] DEBUG Engine               - Running on OS: Windows 10 version 10.0
14:36:56.561 [JavaFX Application Thread] DEBUG Engine               - Architecture: amd64
14:36:56.562 [JavaFX Application Thread] INFO  Engine               - Source code and latest versions at: https://github.com/AlmasB/FXGL
14:36:56.562 [JavaFX Application Thread] INFO  Engine               -              Join the FXGL chat at: https://gitter.im/AlmasB/FXGL
14:36:56.785 [JavaFX Application Thread] DEBUG PrimaryStageWindow   - Creating a JavaFX scene
14:36:56.886 [JavaFX Application Thread] DEBUG PrimaryStageWindow   - Target settings size: 800.0 x 600.0
14:36:56.886 [JavaFX Application Thread] DEBUG PrimaryStageWindow   - Scaled scene size:    800.0 x 600.0
14:36:56.886 [JavaFX Application Thread] DEBUG PrimaryStageWindow   - Scaled ratio: (1.0, 1.0)
14:36:56.888 [JavaFX Application Thread] DEBUG PrimaryStageWindow   - Set initial scene to FXGLStartupScene
14:36:56.905 [JavaFX Application Thread] DEBUG PrimaryStageWindow   - Opening main window
14:36:57.069 [JavaFX Application Thread] DEBUG PrimaryStageWindow   - Window border size: (14.567138671875, 37.6119384765625)
14:36:57.070 [JavaFX Application Thread] DEBUG PrimaryStageWindow   - Scaled size: 800.0 x 600.0
14:36:57.070 [JavaFX Application Thread] DEBUG PrimaryStageWindow   - Scaled ratio: (1.0, 1.0)
14:36:57.070 [JavaFX Application Thread] DEBUG PrimaryStageWindow   - Scene size: 800.0 x 600.0
14:36:57.071 [JavaFX Application Thread] DEBUG PrimaryStageWindow   - Stage size: 814.567138671875 x 637.6119384765625
14:36:57.204 [JavaFX Application Thread] DEBUG PrimaryStageWindow   - Going fullscreen
14:36:57.220 [FXGL Background Thread 1 ] DEBUG Engine               - Initializing environment variables
14:36:57.315 [FXGL Background Thread 1 ] DEBUG FXGLAssetLoaderServi - User app class for loading assets: class Game
14:36:57.315 [FXGL Background Thread 1 ] DEBUG GameApplicationServi - Applying CSS: fxgl_dark.css
14:36:57.317 [FXGL Background Thread 1 ] DEBUG FXGLAssetLoaderServi - Loading from file system: jar:file:/C:/Users/Sander/.m2/repository/com/github/almasb/fxgl/11.14/fxgl-11.14.jar!/fxglassets/ui/css/fxgl_dark.css
14:36:57.408 [FXGL Background Thread 1 ] DEBUG GameApplicationServi - Initializing application scenes
14:36:57.531 [FXGL Background Thread 1 ] DEBUG GameWorld            - Game world initialized
14:36:57.605 [FXGL Background Thread 1 ] DEBUG PhysicsWorld         - Physics world initialized: appHeight=600, physics.ppm=50,0
14:36:57.605 [FXGL Background Thread 1 ] DEBUG PhysicsWorld         - Using strategy: BRUTE_FORCE
14:36:57.609 [FXGL Background Thread 1 ] DEBUG GameScene            - Game scene initialized: 800x600
14:36:57.658 [FXGL Background Thread 1 ] DEBUG FXGLAssetLoaderServi - Loading from file system: jar:file:/C:/Users/Sander/.m2/repository/com/github/almasb/fxgl/11.14/fxgl-11.14.jar!/fxglassets/textures/particles/trace_horizontal.png
14:36:57.737 [FXGL Background Thread 1 ] DEBUG FXGL.DefaultMenu     - createMenuBodyGameMenu()
14:36:57.759 [FXGL Background Thread 1 ] DEBUG FXGL.DefaultMenu     - createOptionsMenu()
14:36:57.769 [FXGL Background Thread 1 ] DEBUG FXGLAssetLoaderServi - Loading from file system: jar:file:/C:/Users/Sander/.m2/repository/com/github/almasb/fxgl/11.14/fxgl-11.14.jar!/fxglassets/textures/particles/smoke.png
14:36:57.851 [FXGL Background Thread 1 ] DEBUG GameApplicationServi - Application scenes initialized
14:36:57.866 [FXGL Background Thread 1 ] DEBUG SystemBundleService  - Loading FXGL system data
14:36:57.872 [FXGL Background Thread 1 ] DEBUG FileSystemAccess     - Reading from: C:\Users\Sander\IdeaProjects\demo\iposeGameProject\system\fxgl.bundle
14:36:57.880 [FXGL Background Thread 1 ] DEBUG SystemBundleService  - Bundle FXGL: {}
14:36:57.881 [FXGL Background Thread 1 ] DEBUG UpdaterService       - Checking for updates
14:36:57.892 [FXGL Background Thread 1 ] DEBUG FXGLApplication      - Loading default localization
14:36:57.897 [FXGL Background Thread 4 ] DEBUG FXGLApplication      - Loading fonts
14:36:57.898 [FXGL Background Thread 4 ] DEBUG FXGLAssetLoaderServi - Loading from file system: jar:file:/C:/Users/Sander/.m2/repository/com/github/almasb/fxgl/11.14/fxgl-11.14.jar!/fxglassets/ui/fonts/VarelaRound-Regular.ttf
14:36:57.893 [FXGL Background Thread 1 ] DEBUG FXGLAssetLoaderServi - Loading from file system: jar:file:/C:/Users/Sander/.m2/repository/com/github/almasb/fxgl/11.14/fxgl-11.14.jar!/fxglassets/languages/english.lang
14:36:57.938 [FXGL Background Thread 1 ] INFO  FXGLApplication      - FXGL initialization took: 0,718 sec
14:36:57.958 [JavaFX Application Thread] DEBUG Input                - Registered new binding: action0 - D
14:36:57.961 [JavaFX Application Thread] DEBUG Input                - Registered new binding: action1 - A
14:36:57.962 [JavaFX Application Thread] DEBUG Input                - Registered new binding: action2 - W
14:36:57.963 [JavaFX Application Thread] DEBUG Input                - Registered new binding: action3 - S
14:36:57.964 [JavaFX Application Thread] DEBUG Input                - Registered new binding: Shoot - Space
14:36:57.966 [JavaFX Application Thread] DEBUG Input                - Registered new binding: action4 - Q
14:36:57.966 [JavaFX Application Thread] DEBUG Input                - Registered new binding: action5 - E
14:36:57.968 [JavaFX Application Thread] WARN  FXGLAssetLoaderServi - Asset "/assets/music/test.mp3" was not found!
14:36:57.969 [JavaFX Application Thread] WARN  FXGLAssetLoaderServi - Failed to load MUSIC
14:36:57.972 [JavaFX Application Thread] DEBUG AudioPlayer          - Playing music com.almasb.fxgl.audio.Music@62ccbed4
14:36:57.973 [JavaFX Application Thread] DEBUG FXGLAssetLoaderServi - Loading from file system: jar:file:/C:/Users/Sander/.m2/repository/com/github/almasb/fxgl/11.14/fxgl-11.14.jar!/fxglassets/textures/fxgl_icon.png
14:36:58.004 [JavaFX Application Thread] DEBUG FXGLAssetLoaderServi - Loading from file system: jar:file:/C:/Users/Sander/.m2/repository/com/github/almasb/fxgl/11.14/fxgl-11.14.jar!/fxglassets/ui/cursors/fxgl_default.png
14:36:58.007 [JavaFX Application Thread] DEBUG Input                - Registered new binding: Screenshot - P
14:36:58.008 [JavaFX Application Thread] DEBUG Input                - Registered new binding: System info dump - CTRL+9
14:36:58.008 [JavaFX Application Thread] DEBUG Input                - Registered new binding: Restart - CTRL+R
14:36:58.009 [JavaFX Application Thread] DEBUG Input                - Registered new binding: Toggle Debug Camera - CTRL+C
14:36:58.016 [JavaFX Application Thread] DEBUG LoopRunner           - Starting loop
14:36:58.017 [JavaFX Application Thread] DEBUG LoopRunner           - Initializing JavaFX AnimationTimerLoop
14:36:58.021 [JavaFX Application Thread] DEBUG GameApplicationServi - Starting new game
14:36:58.022 [JavaFX Application Thread] DEBUG Input                - Clearing active input actions
14:36:58.039 [JavaFX Application Thread] DEBUG GameApplicationServi - Removing overlay from FXGLStartupScene and adding to FXGLLoadingScene
14:36:58.040 [JavaFX Application Thread] DEBUG PrimaryStageWindow   - FXGLStartupScene -> FXGLLoadingScene
14:36:58.040 [JavaFX Application Thread] DEBUG GameApplicationServi - Clearing previous game
14:36:58.053 [JavaFX Application Thread] DEBUG GameScene            - Clearing game scene
14:36:58.053 [JavaFX Application Thread] DEBUG GameWorld            - Clearing game world
14:36:58.053 [JavaFX Application Thread] DEBUG PhysicsWorld         - Clearing physics world
14:36:58.055 [FXGL Background Thread 1 ] DEBUG FXGLApplication      - Initializing game
14:36:58.121 [FXGL Background Thread 1 ] WARN  TMXLevelLoader       - TiledMap generated from 1.8.4. Supported version: 1.2.3. Some features may not be parsed fully.
14:36:58.129 [FXGL Background Thread 1 ] DEBUG TMXLevelLoader       - Parsed raw map: TiledMap(width=15, height=10, tilewidth=70, tileheight=70, orientation=orthogonal, layers=[Layer(width=15, height=10, name=Tilelaag 1, type=tilelayer, visible=false, x=0, y=0, data=[1, 2, 2, 2, 2, 2, 2, 2, 2, 2, 2, 2, 2, 2, 2, 27, 28, 28, 28, 28, 28, 28, 28, 28, 28, 28, 28, 28, 28, 28, 27, 28, 28, 28, 28, 28, 28, 28, 28, 28, 28, 28, 28, 28, 28, 27, 28, 28, 28, 28, 28, 28, 28, 28, 28, 28, 28, 28, 28, 28, 27, 28, 28, 28, 28, 28, 28, 28, 28, 28, 28, 28, 28, 28, 28, 27, 28, 28, 28, 28, 28, 28, 28, 28, 28, 28, 28, 28, 28, 28, 27, 28, 28, 28, 28, 28, 28, 28, 28, 28, 28, 28, 28, 28, 28, 27, 28, 28, 28, 28, 28, 28, 28, 28, 28, 28, 28, 28, 28, 28, 27, 28, 28, 28, 28, 28, 28, 28, 28, 28, 28, 28, 28, 28, 28, 27, 28, 28, 28, 28, 28, 28, 28, 28, 28, 28, 28, 28, 28, 28], objects=[], opacity=0.0, draworder=), Layer(width=0, height=0, name=Objectlaag 1, type=objectgroup, visible=false, x=0, y=0, data=[], objects=[com.almasb.fxgl.entity.level.tiled.TiledObject@4b529feb, com.almasb.fxgl.entity.level.tiled.TiledObject@36b80c84, com.almasb.fxgl.entity.level.tiled.TiledObject@16d2fcb, com.almasb.fxgl.entity.level.tiled.TiledObject@aae2bef], opacity=0.0, draworder=)], tilesets=[Tileset(firstgid=1, image=../../../../Downloads/PC Computer - The Binding of Isaac Rebirth - Caves.png, name=PC Computer - The Binding of Isaac Rebirth - Caves, tilewidth=70, tileheight=70, imagewidth=1903, imageheight=468, margin=0, spacing=2, columns=26, tilecount=156, transparentcolor=, tiles=[])], backgroundcolor=, renderorder=right-down, nextobjectid=5, version=1, tiledversion=1.8.4, type=map, infinite=false, hexsidelength=0, staggeraxis=, staggerindex=, properties={}, propertytypes={})
14:36:58.157 [FXGL Background Thread 1 ] DEBUG TMXLevelLoader       - Creating tile layer entities
14:36:58.167 [FXGL Background Thread 1 ] DEBUG TilesetLoader        - Loading view for layer Tilelaag 1
14:36:58.172 [FXGL Background Thread 1 ] DEBUG TilesetLoader        - Created buffer with size 1050.0x700.0
14:36:58.315 [FXGL Background Thread 1 ] DEBUG TilesetLoader        - Writing to buffer: dst=0,0, w=70,h=70, src=0,0
14:36:58.316 [FXGL Background Thread 1 ] DEBUG TilesetLoader        - Writing to buffer: dst=70,0, w=70,h=70, src=72,0
14:36:58.316 [FXGL Background Thread 1 ] DEBUG TilesetLoader        - Writing to buffer: dst=140,0, w=70,h=70, src=72,0
14:36:58.317 [FXGL Background Thread 1 ] DEBUG TilesetLoader        - Writing to buffer: dst=210,0, w=70,h=70, src=72,0
14:36:58.317 [FXGL Background Thread 1 ] DEBUG TilesetLoader        - Writing to buffer: dst=280,0, w=70,h=70, src=72,0
14:36:58.317 [FXGL Background Thread 1 ] DEBUG TilesetLoader        - Writing to buffer: dst=350,0, w=70,h=70, src=72,0
14:36:58.317 [FXGL Background Thread 1 ] DEBUG TilesetLoader        - Writing to buffer: dst=420,0, w=70,h=70, src=72,0
14:36:58.336 [FXGL Background Thread 1 ] DEBUG TilesetLoader        - Writing to buffer: dst=490,0, w=70,h=70, src=72,0
14:36:58.336 [FXGL Background Thread 1 ] DEBUG TilesetLoader        - Writing to buffer: dst=560,0, w=70,h=70, src=72,0
14:36:58.338 [FXGL Background Thread 1 ] DEBUG TilesetLoader        - Writing to buffer: dst=630,0, w=70,h=70, src=72,0
14:36:58.340 [FXGL Background Thread 1 ] DEBUG TilesetLoader        - Writing to buffer: dst=700,0, w=70,h=70, src=72,0
14:36:58.340 [FXGL Background Thread 1 ] DEBUG TilesetLoader        - Writing to buffer: dst=770,0, w=70,h=70, src=72,0
14:36:58.340 [FXGL Background Thread 1 ] DEBUG TilesetLoader        - Writing to buffer: dst=840,0, w=70,h=70, src=72,0
14:36:58.341 [FXGL Background Thread 1 ] DEBUG TilesetLoader        - Writing to buffer: dst=910,0, w=70,h=70, src=72,0
14:36:58.341 [FXGL Background Thread 1 ] DEBUG TilesetLoader        - Writing to buffer: dst=980,0, w=70,h=70, src=72,0
14:36:58.341 [FXGL Background Thread 1 ] DEBUG TilesetLoader        - Writing to buffer: dst=0,70, w=70,h=70, src=0,72
14:36:58.342 [FXGL Background Thread 1 ] DEBUG TilesetLoader        - Writing to buffer: dst=70,70, w=70,h=70, src=72,72
14:36:58.342 [FXGL Background Thread 1 ] DEBUG TilesetLoader        - Writing to buffer: dst=140,70, w=70,h=70, src=72,72
14:36:58.342 [FXGL Background Thread 1 ] DEBUG TilesetLoader        - Writing to buffer: dst=210,70, w=70,h=70, src=72,72
14:36:58.343 [FXGL Background Thread 1 ] DEBUG TilesetLoader        - Writing to buffer: dst=280,70, w=70,h=70, src=72,72
14:36:58.343 [FXGL Background Thread 1 ] DEBUG TilesetLoader        - Writing to buffer: dst=350,70, w=70,h=70, src=72,72
14:36:58.343 [FXGL Background Thread 1 ] DEBUG TilesetLoader        - Writing to buffer: dst=420,70, w=70,h=70, src=72,72
14:36:58.343 [FXGL Background Thread 1 ] DEBUG TilesetLoader        - Writing to buffer: dst=490,70, w=70,h=70, src=72,72
14:36:58.344 [FXGL Background Thread 1 ] DEBUG TilesetLoader        - Writing to buffer: dst=560,70, w=70,h=70, src=72,72
14:36:58.344 [FXGL Background Thread 1 ] DEBUG TilesetLoader        - Writing to buffer: dst=630,70, w=70,h=70, src=72,72
14:36:58.344 [FXGL Background Thread 1 ] DEBUG TilesetLoader        - Writing to buffer: dst=700,70, w=70,h=70, src=72,72
14:36:58.345 [FXGL Background Thread 1 ] DEBUG TilesetLoader        - Writing to buffer: dst=770,70, w=70,h=70, src=72,72
14:36:58.345 [FXGL Background Thread 1 ] DEBUG TilesetLoader        - Writing to buffer: dst=840,70, w=70,h=70, src=72,72
14:36:58.345 [FXGL Background Thread 1 ] DEBUG TilesetLoader        - Writing to buffer: dst=910,70, w=70,h=70, src=72,72
14:36:58.346 [FXGL Background Thread 1 ] DEBUG TilesetLoader        - Writing to buffer: dst=980,70, w=70,h=70, src=72,72
14:36:58.346 [FXGL Background Thread 1 ] DEBUG TilesetLoader        - Writing to buffer: dst=0,140, w=70,h=70, src=0,72
14:36:58.349 [FXGL Background Thread 1 ] DEBUG TilesetLoader        - Writing to buffer: dst=70,140, w=70,h=70, src=72,72
14:36:58.349 [FXGL Background Thread 1 ] DEBUG TilesetLoader        - Writing to buffer: dst=140,140, w=70,h=70, src=72,72
14:36:58.350 [FXGL Background Thread 1 ] DEBUG TilesetLoader        - Writing to buffer: dst=210,140, w=70,h=70, src=72,72
14:36:58.350 [FXGL Background Thread 1 ] DEBUG TilesetLoader        - Writing to buffer: dst=280,140, w=70,h=70, src=72,72
14:36:58.350 [FXGL Background Thread 1 ] DEBUG TilesetLoader        - Writing to buffer: dst=350,140, w=70,h=70, src=72,72
14:36:58.351 [FXGL Background Thread 1 ] DEBUG TilesetLoader        - Writing to buffer: dst=420,140, w=70,h=70, src=72,72
14:36:58.351 [FXGL Background Thread 1 ] DEBUG TilesetLoader        - Writing to buffer: dst=490,140, w=70,h=70, src=72,72
14:36:58.351 [FXGL Background Thread 1 ] DEBUG TilesetLoader        - Writing to buffer: dst=560,140, w=70,h=70, src=72,72
14:36:58.352 [FXGL Background Thread 1 ] DEBUG TilesetLoader        - Writing to buffer: dst=630,140, w=70,h=70, src=72,72
14:36:58.352 [FXGL Background Thread 1 ] DEBUG TilesetLoader        - Writing to buffer: dst=700,140, w=70,h=70, src=72,72
14:36:58.352 [FXGL Background Thread 1 ] DEBUG TilesetLoader        - Writing to buffer: dst=770,140, w=70,h=70, src=72,72
14:36:58.353 [FXGL Background Thread 1 ] DEBUG TilesetLoader        - Writing to buffer: dst=840,140, w=70,h=70, src=72,72
14:36:58.353 [FXGL Background Thread 1 ] DEBUG TilesetLoader        - Writing to buffer: dst=910,140, w=70,h=70, src=72,72
14:36:58.353 [FXGL Background Thread 1 ] DEBUG TilesetLoader        - Writing to buffer: dst=980,140, w=70,h=70, src=72,72
14:36:58.353 [FXGL Background Thread 1 ] DEBUG TilesetLoader        - Writing to buffer: dst=0,210, w=70,h=70, src=0,72
14:36:58.355 [FXGL Background Thread 1 ] DEBUG TilesetLoader        - Writing to buffer: dst=70,210, w=70,h=70, src=72,72
14:36:58.355 [FXGL Background Thread 1 ] DEBUG TilesetLoader        - Writing to buffer: dst=140,210, w=70,h=70, src=72,72
14:36:58.355 [FXGL Background Thread 1 ] DEBUG TilesetLoader        - Writing to buffer: dst=210,210, w=70,h=70, src=72,72
14:36:58.355 [FXGL Background Thread 1 ] DEBUG TilesetLoader        - Writing to buffer: dst=280,210, w=70,h=70, src=72,72
14:36:58.356 [FXGL Background Thread 1 ] DEBUG TilesetLoader        - Writing to buffer: dst=350,210, w=70,h=70, src=72,72
14:36:58.356 [FXGL Background Thread 1 ] DEBUG TilesetLoader        - Writing to buffer: dst=420,210, w=70,h=70, src=72,72
14:36:58.356 [FXGL Background Thread 1 ] DEBUG TilesetLoader        - Writing to buffer: dst=490,210, w=70,h=70, src=72,72
14:36:58.357 [FXGL Background Thread 1 ] DEBUG TilesetLoader        - Writing to buffer: dst=560,210, w=70,h=70, src=72,72
14:36:58.357 [FXGL Background Thread 1 ] DEBUG TilesetLoader        - Writing to buffer: dst=630,210, w=70,h=70, src=72,72
14:36:58.357 [FXGL Background Thread 1 ] DEBUG TilesetLoader        - Writing to buffer: dst=700,210, w=70,h=70, src=72,72
14:36:58.358 [FXGL Background Thread 1 ] DEBUG TilesetLoader        - Writing to buffer: dst=770,210, w=70,h=70, src=72,72
14:36:58.358 [FXGL Background Thread 1 ] DEBUG TilesetLoader        - Writing to buffer: dst=840,210, w=70,h=70, src=72,72
14:36:58.358 [FXGL Background Thread 1 ] DEBUG TilesetLoader        - Writing to buffer: dst=910,210, w=70,h=70, src=72,72
14:36:58.358 [FXGL Background Thread 1 ] DEBUG TilesetLoader        - Writing to buffer: dst=980,210, w=70,h=70, src=72,72
14:36:58.359 [FXGL Background Thread 1 ] DEBUG TilesetLoader        - Writing to buffer: dst=0,280, w=70,h=70, src=0,72
14:36:58.359 [FXGL Background Thread 1 ] DEBUG TilesetLoader        - Writing to buffer: dst=70,280, w=70,h=70, src=72,72
14:36:58.361 [FXGL Background Thread 1 ] DEBUG TilesetLoader        - Writing to buffer: dst=140,280, w=70,h=70, src=72,72
14:36:58.362 [FXGL Background Thread 1 ] DEBUG TilesetLoader        - Writing to buffer: dst=210,280, w=70,h=70, src=72,72
14:36:58.362 [FXGL Background Thread 1 ] DEBUG TilesetLoader        - Writing to buffer: dst=280,280, w=70,h=70, src=72,72
14:36:58.362 [FXGL Background Thread 1 ] DEBUG TilesetLoader        - Writing to buffer: dst=350,280, w=70,h=70, src=72,72
14:36:58.362 [FXGL Background Thread 1 ] DEBUG TilesetLoader        - Writing to buffer: dst=420,280, w=70,h=70, src=72,72
14:36:58.363 [FXGL Background Thread 1 ] DEBUG TilesetLoader        - Writing to buffer: dst=490,280, w=70,h=70, src=72,72
14:36:58.363 [FXGL Background Thread 1 ] DEBUG TilesetLoader        - Writing to buffer: dst=560,280, w=70,h=70, src=72,72
14:36:58.363 [FXGL Background Thread 1 ] DEBUG TilesetLoader        - Writing to buffer: dst=630,280, w=70,h=70, src=72,72
14:36:58.363 [FXGL Background Thread 1 ] DEBUG TilesetLoader        - Writing to buffer: dst=700,280, w=70,h=70, src=72,72
14:36:58.363 [FXGL Background Thread 1 ] DEBUG TilesetLoader        - Writing to buffer: dst=770,280, w=70,h=70, src=72,72
14:36:58.364 [FXGL Background Thread 1 ] DEBUG TilesetLoader        - Writing to buffer: dst=840,280, w=70,h=70, src=72,72
14:36:58.364 [FXGL Background Thread 1 ] DEBUG TilesetLoader        - Writing to buffer: dst=910,280, w=70,h=70, src=72,72
14:36:58.364 [FXGL Background Thread 1 ] DEBUG TilesetLoader        - Writing to buffer: dst=980,280, w=70,h=70, src=72,72
14:36:58.364 [FXGL Background Thread 1 ] DEBUG TilesetLoader        - Writing to buffer: dst=0,350, w=70,h=70, src=0,72
14:36:58.365 [FXGL Background Thread 1 ] DEBUG TilesetLoader        - Writing to buffer: dst=70,350, w=70,h=70, src=72,72
14:36:58.365 [FXGL Background Thread 1 ] DEBUG TilesetLoader        - Writing to buffer: dst=140,350, w=70,h=70, src=72,72
14:36:58.366 [FXGL Background Thread 1 ] DEBUG TilesetLoader        - Writing to buffer: dst=210,350, w=70,h=70, src=72,72
14:36:58.367 [FXGL Background Thread 1 ] DEBUG TilesetLoader        - Writing to buffer: dst=280,350, w=70,h=70, src=72,72
14:36:58.367 [FXGL Background Thread 1 ] DEBUG TilesetLoader        - Writing to buffer: dst=350,350, w=70,h=70, src=72,72
14:36:58.367 [FXGL Background Thread 1 ] DEBUG TilesetLoader        - Writing to buffer: dst=420,350, w=70,h=70, src=72,72
14:36:58.367 [FXGL Background Thread 1 ] DEBUG TilesetLoader        - Writing to buffer: dst=490,350, w=70,h=70, src=72,72
14:36:58.368 [FXGL Background Thread 1 ] DEBUG TilesetLoader        - Writing to buffer: dst=560,350, w=70,h=70, src=72,72
14:36:58.368 [FXGL Background Thread 1 ] DEBUG TilesetLoader        - Writing to buffer: dst=630,350, w=70,h=70, src=72,72
14:36:58.368 [FXGL Background Thread 1 ] DEBUG TilesetLoader        - Writing to buffer: dst=700,350, w=70,h=70, src=72,72
14:36:58.368 [FXGL Background Thread 1 ] DEBUG TilesetLoader        - Writing to buffer: dst=770,350, w=70,h=70, src=72,72
14:36:58.369 [FXGL Background Thread 1 ] DEBUG TilesetLoader        - Writing to buffer: dst=840,350, w=70,h=70, src=72,72
14:36:58.369 [FXGL Background Thread 1 ] DEBUG TilesetLoader        - Writing to buffer: dst=910,350, w=70,h=70, src=72,72
14:36:58.369 [FXGL Background Thread 1 ] DEBUG TilesetLoader        - Writing to buffer: dst=980,350, w=70,h=70, src=72,72
14:36:58.369 [FXGL Background Thread 1 ] DEBUG TilesetLoader        - Writing to buffer: dst=0,420, w=70,h=70, src=0,72
14:36:58.370 [FXGL Background Thread 1 ] DEBUG TilesetLoader        - Writing to buffer: dst=70,420, w=70,h=70, src=72,72
14:36:58.370 [FXGL Background Thread 1 ] DEBUG TilesetLoader        - Writing to buffer: dst=140,420, w=70,h=70, src=72,72
14:36:58.372 [FXGL Background Thread 1 ] DEBUG TilesetLoader        - Writing to buffer: dst=210,420, w=70,h=70, src=72,72
14:36:58.372 [FXGL Background Thread 1 ] DEBUG TilesetLoader        - Writing to buffer: dst=280,420, w=70,h=70, src=72,72
14:36:58.373 [FXGL Background Thread 1 ] DEBUG TilesetLoader        - Writing to buffer: dst=350,420, w=70,h=70, src=72,72
14:36:58.373 [FXGL Background Thread 1 ] DEBUG TilesetLoader        - Writing to buffer: dst=420,420, w=70,h=70, src=72,72
14:36:58.373 [FXGL Background Thread 1 ] DEBUG TilesetLoader        - Writing to buffer: dst=490,420, w=70,h=70, src=72,72
14:36:58.373 [FXGL Background Thread 1 ] DEBUG TilesetLoader        - Writing to buffer: dst=560,420, w=70,h=70, src=72,72
14:36:58.374 [FXGL Background Thread 1 ] DEBUG TilesetLoader        - Writing to buffer: dst=630,420, w=70,h=70, src=72,72
14:36:58.374 [FXGL Background Thread 1 ] DEBUG TilesetLoader        - Writing to buffer: dst=700,420, w=70,h=70, src=72,72
14:36:58.374 [FXGL Background Thread 1 ] DEBUG TilesetLoader        - Writing to buffer: dst=770,420, w=70,h=70, src=72,72
14:36:58.376 [FXGL Background Thread 1 ] DEBUG TilesetLoader        - Writing to buffer: dst=840,420, w=70,h=70, src=72,72
14:36:58.378 [FXGL Background Thread 1 ] DEBUG TilesetLoader        - Writing to buffer: dst=910,420, w=70,h=70, src=72,72
14:36:58.378 [FXGL Background Thread 1 ] DEBUG TilesetLoader        - Writing to buffer: dst=980,420, w=70,h=70, src=72,72
14:36:58.378 [FXGL Background Thread 1 ] DEBUG TilesetLoader        - Writing to buffer: dst=0,490, w=70,h=70, src=0,72
14:36:58.379 [FXGL Background Thread 1 ] DEBUG TilesetLoader        - Writing to buffer: dst=70,490, w=70,h=70, src=72,72
14:36:58.379 [FXGL Background Thread 1 ] DEBUG TilesetLoader        - Writing to buffer: dst=140,490, w=70,h=70, src=72,72
14:36:58.380 [FXGL Background Thread 1 ] DEBUG TilesetLoader        - Writing to buffer: dst=210,490, w=70,h=70, src=72,72
14:36:58.382 [FXGL Background Thread 1 ] DEBUG TilesetLoader        - Writing to buffer: dst=280,490, w=70,h=70, src=72,72
14:36:58.383 [FXGL Background Thread 1 ] DEBUG TilesetLoader        - Writing to buffer: dst=350,490, w=70,h=70, src=72,72
14:36:58.383 [FXGL Background Thread 1 ] DEBUG TilesetLoader        - Writing to buffer: dst=420,490, w=70,h=70, src=72,72
14:36:58.385 [FXGL Background Thread 1 ] DEBUG TilesetLoader        - Writing to buffer: dst=490,490, w=70,h=70, src=72,72
14:36:58.385 [FXGL Background Thread 1 ] DEBUG TilesetLoader        - Writing to buffer: dst=560,490, w=70,h=70, src=72,72
14:36:58.385 [FXGL Background Thread 1 ] DEBUG TilesetLoader        - Writing to buffer: dst=630,490, w=70,h=70, src=72,72
14:36:58.386 [FXGL Background Thread 1 ] DEBUG TilesetLoader        - Writing to buffer: dst=700,490, w=70,h=70, src=72,72
14:36:58.386 [FXGL Background Thread 1 ] DEBUG TilesetLoader        - Writing to buffer: dst=770,490, w=70,h=70, src=72,72
14:36:58.386 [FXGL Background Thread 1 ] DEBUG TilesetLoader        - Writing to buffer: dst=840,490, w=70,h=70, src=72,72
14:36:58.386 [FXGL Background Thread 1 ] DEBUG TilesetLoader        - Writing to buffer: dst=910,490, w=70,h=70, src=72,72
14:36:58.387 [FXGL Background Thread 1 ] DEBUG TilesetLoader        - Writing to buffer: dst=980,490, w=70,h=70, src=72,72
14:36:58.387 [FXGL Background Thread 1 ] DEBUG TilesetLoader        - Writing to buffer: dst=0,560, w=70,h=70, src=0,72
14:36:58.387 [FXGL Background Thread 1 ] DEBUG TilesetLoader        - Writing to buffer: dst=70,560, w=70,h=70, src=72,72
14:36:58.387 [FXGL Background Thread 1 ] DEBUG TilesetLoader        - Writing to buffer: dst=140,560, w=70,h=70, src=72,72
14:36:58.387 [FXGL Background Thread 1 ] DEBUG TilesetLoader        - Writing to buffer: dst=210,560, w=70,h=70, src=72,72
14:36:58.387 [FXGL Background Thread 1 ] DEBUG TilesetLoader        - Writing to buffer: dst=280,560, w=70,h=70, src=72,72
14:36:58.389 [FXGL Background Thread 1 ] DEBUG TilesetLoader        - Writing to buffer: dst=350,560, w=70,h=70, src=72,72
14:36:58.389 [FXGL Background Thread 1 ] DEBUG TilesetLoader        - Writing to buffer: dst=420,560, w=70,h=70, src=72,72
14:36:58.390 [FXGL Background Thread 1 ] DEBUG TilesetLoader        - Writing to buffer: dst=490,560, w=70,h=70, src=72,72
14:36:58.390 [FXGL Background Thread 1 ] DEBUG TilesetLoader        - Writing to buffer: dst=560,560, w=70,h=70, src=72,72
14:36:58.390 [FXGL Background Thread 1 ] DEBUG TilesetLoader        - Writing to buffer: dst=630,560, w=70,h=70, src=72,72
14:36:58.390 [FXGL Background Thread 1 ] DEBUG TilesetLoader        - Writing to buffer: dst=700,560, w=70,h=70, src=72,72
14:36:58.391 [FXGL Background Thread 1 ] DEBUG TilesetLoader        - Writing to buffer: dst=770,560, w=70,h=70, src=72,72
14:36:58.391 [FXGL Background Thread 1 ] DEBUG TilesetLoader        - Writing to buffer: dst=840,560, w=70,h=70, src=72,72
14:36:58.391 [FXGL Background Thread 1 ] DEBUG TilesetLoader        - Writing to buffer: dst=910,560, w=70,h=70, src=72,72
14:36:58.391 [FXGL Background Thread 1 ] DEBUG TilesetLoader        - Writing to buffer: dst=980,560, w=70,h=70, src=72,72
14:36:58.391 [FXGL Background Thread 1 ] DEBUG TilesetLoader        - Writing to buffer: dst=0,630, w=70,h=70, src=0,72
14:36:58.392 [FXGL Background Thread 1 ] DEBUG TilesetLoader        - Writing to buffer: dst=70,630, w=70,h=70, src=72,72
14:36:58.392 [FXGL Background Thread 1 ] DEBUG TilesetLoader        - Writing to buffer: dst=140,630, w=70,h=70, src=72,72
14:36:58.392 [FXGL Background Thread 1 ] DEBUG TilesetLoader        - Writing to buffer: dst=210,630, w=70,h=70, src=72,72
14:36:58.392 [FXGL Background Thread 1 ] DEBUG TilesetLoader        - Writing to buffer: dst=280,630, w=70,h=70, src=72,72
14:36:58.394 [FXGL Background Thread 1 ] DEBUG TilesetLoader        - Writing to buffer: dst=350,630, w=70,h=70, src=72,72
14:36:58.394 [FXGL Background Thread 1 ] DEBUG TilesetLoader        - Writing to buffer: dst=420,630, w=70,h=70, src=72,72
14:36:58.395 [FXGL Background Thread 1 ] DEBUG TilesetLoader        - Writing to buffer: dst=490,630, w=70,h=70, src=72,72
14:36:58.396 [FXGL Background Thread 1 ] DEBUG TilesetLoader        - Writing to buffer: dst=560,630, w=70,h=70, src=72,72
14:36:58.398 [FXGL Background Thread 1 ] DEBUG TilesetLoader        - Writing to buffer: dst=630,630, w=70,h=70, src=72,72
14:36:58.400 [FXGL Background Thread 1 ] DEBUG TilesetLoader        - Writing to buffer: dst=700,630, w=70,h=70, src=72,72
14:36:58.400 [FXGL Background Thread 1 ] DEBUG TilesetLoader        - Writing to buffer: dst=770,630, w=70,h=70, src=72,72
14:36:58.401 [FXGL Background Thread 1 ] DEBUG TilesetLoader        - Writing to buffer: dst=840,630, w=70,h=70, src=72,72
14:36:58.401 [FXGL Background Thread 1 ] DEBUG TilesetLoader        - Writing to buffer: dst=910,630, w=70,h=70, src=72,72
14:36:58.401 [FXGL Background Thread 1 ] DEBUG TilesetLoader        - Writing to buffer: dst=980,630, w=70,h=70, src=72,72
14:36:58.402 [FXGL Background Thread 1 ] DEBUG TMXLevelLoader       - Creating object layer entities
14:36:58.429 [FXGL Background Thread 1 ] DEBUG GameWorld            - Clearing removable entities
14:36:58.430 [FXGL Background Thread 1 ] DEBUG GameWorld            - Setting level: com.almasb.fxgl.entity.level.Level@2d36ef1c
14:36:58.442 [FXGL Background Thread 1 ] DEBUG FXGLAssetLoaderServi - Loading from file system: file:/C:/Users/Sander/IdeaProjects/demo/iposeGameProject/target/classes/assets/textures/among-us.gif
14:36:58.463 [FXGL Background Thread 4 ] DEBUG FXGLAssetLoaderServi - Loading from file system: jar:file:/C:/Users/Sander/.m2/repository/com/github/almasb/fxgl/11.14/fxgl-11.14.jar!/fxglassets/ui/fonts/Abel-Regular.ttf
14:36:58.477 [FXGL Background Thread 4 ] DEBUG FXGLAssetLoaderServi - Loading from file system: jar:file:/C:/Users/Sander/.m2/repository/com/github/almasb/fxgl/11.14/fxgl-11.14.jar!/fxglassets/ui/fonts/lucida_console.ttf
14:36:58.494 [FXGL Background Thread 4 ] DEBUG FXGLAssetLoaderServi - Loading from file system: jar:file:/C:/Users/Sander/.m2/repository/com/github/almasb/fxgl/11.14/fxgl-11.14.jar!/fxglassets/ui/fonts/Courier-Prime.ttf
14:36:58.529 [JavaFX Application Thread] DEBUG FXGLApplication      - Registering font factories with UI factory
14:36:58.803 [FXGL Background Thread 1 ] INFO  FXGLApplication      - Game initialization took: 0,748 sec
14:36:58.869 [JavaFX Application Thread] DEBUG Input                - Clearing active input actions
14:36:58.887 [FXGL Background Thread 2 ] INFO  UpdaterService       - Your current version:  11.14
14:36:58.887 [FXGL Background Thread 2 ] INFO  UpdaterService       - Latest stable version: 17.1
14:36:58.904 [JavaFX Application Thread] DEBUG GameApplicationServi - Removing overlay from FXGLLoadingScene and adding to GameScene
14:36:58.904 [JavaFX Application Thread] DEBUG PrimaryStageWindow   - FXGLLoadingScene -> GameScene
14:37:00.888 [FXGL Background Thread 3 ] DEBUG Engine               - Logging environment variables
14:37:00.889 [FXGL Background Thread 3 ] DEBUG Engine               - achievements: []
14:37:00.889 [FXGL Background Thread 3 ] DEBUG Engine               - actualHeight: 773.7313232421875
14:37:00.889 [FXGL Background Thread 3 ] DEBUG Engine               - actualHeightProperty: ReadOnlyDoubleProperty [value: 773.7313232421875]
14:37:00.890 [FXGL Background Thread 3 ] DEBUG Engine               - actualWidth: 1375.5223388671875
14:37:00.890 [FXGL Background Thread 3 ] DEBUG Engine               - actualWidthProperty: ReadOnlyDoubleProperty [value: 1375.5223388671875]
14:37:00.890 [FXGL Background Thread 3 ] DEBUG Engine               - appIcon: fxgl_icon.png
14:37:00.890 [FXGL Background Thread 3 ] DEBUG Engine               - applicationMode: DEVELOPER
14:37:00.890 [FXGL Background Thread 3 ] DEBUG Engine               - cSSList: [fxgl_dark.css]
14:37:00.891 [FXGL Background Thread 3 ] DEBUG Engine               - collisionDetectionStrategy: BRUTE_FORCE
14:37:00.891 [FXGL Background Thread 3 ] DEBUG Engine               - configClass: Optional.empty
14:37:00.891 [FXGL Background Thread 3 ] DEBUG Engine               - credits: []
14:37:00.892 [FXGL Background Thread 3 ] DEBUG Engine               - devBBoxColorProperty: ObjectProperty [value: 0xff0000ff]
14:37:00.893 [FXGL Background Thread 3 ] DEBUG Engine               - devEnableDebugCameraProperty: BooleanProperty [value: false]
14:37:00.894 [FXGL Background Thread 3 ] DEBUG Engine               - devSensorColorProperty: ObjectProperty [value: 0xffff00ff]
14:37:00.894 [FXGL Background Thread 3 ] DEBUG Engine               - devShowBBoxProperty: BooleanProperty [value: false]
14:37:00.894 [FXGL Background Thread 3 ] DEBUG Engine               - devShowPositionProperty: BooleanProperty [value: false]
14:37:00.894 [FXGL Background Thread 3 ] DEBUG Engine               - enabledMenuItems: []
14:37:00.894 [FXGL Background Thread 3 ] DEBUG Engine               - engineServices: [class com.almasb.fxgl.app.services.FXGLAssetLoaderService, class com.almasb.fxgl.app.FXGLApplication$GameApplicationService, class com.almasb.fxgl.app.services.FXGLDialogService, class com.almasb.fxgl.app.services.IOTaskExecutorService, class com.almasb.fxgl.event.EventBusService, class com.almasb.fxgl.io.FileSystemService, class com.almasb.fxgl.localization.LocalizationService, class com.almasb.fxgl.app.services.SystemBundleService, class com.almasb.fxgl.profile.SaveLoadService, class com.almasb.fxgl.ui.FXGLUIFactoryServiceProvider, class com.almasb.fxgl.ui.FXGLDialogFactoryServiceProvider, class com.almasb.fxgl.audio.AudioPlayer, class com.almasb.fxgl.notification.impl.NotificationServiceProvider, class com.almasb.fxgl.achievement.AchievementService, class com.almasb.fxgl.cutscene.CutsceneService, class com.almasb.fxgl.minigames.MiniGameService, class com.almasb.fxgl.net.NetService, class com.almasb.fxgl.app.services.UpdaterService, class com.almasb.fxgl.dev.DevService]
14:37:00.895 [FXGL Background Thread 3 ] DEBUG Engine               - fontGame: Abel-Regular.ttf
14:37:00.895 [FXGL Background Thread 3 ] DEBUG Engine               - fontMono: lucida_console.ttf
14:37:00.895 [FXGL Background Thread 3 ] DEBUG Engine               - fontText: Courier-Prime.ttf
14:37:00.895 [FXGL Background Thread 3 ] DEBUG Engine               - fontUI: VarelaRound-Regular.ttf
14:37:00.896 [FXGL Background Thread 3 ] DEBUG Engine               - fullScreen: BooleanProperty [value: true]
14:37:00.896 [FXGL Background Thread 3 ] DEBUG Engine               - gameDifficulty: MEDIUM
14:37:00.896 [FXGL Background Thread 3 ] DEBUG Engine               - gameDifficultyProperty: ObjectProperty [value: MEDIUM]
14:37:00.896 [FXGL Background Thread 3 ] DEBUG Engine               - globalMusicVolume: 0.5
14:37:00.896 [FXGL Background Thread 3 ] DEBUG Engine               - globalMusicVolumeProperty: DoubleProperty [value: 100.0]
14:37:00.897 [FXGL Background Thread 3 ] DEBUG Engine               - globalSoundVolume: 0.5
14:37:00.897 [FXGL Background Thread 3 ] DEBUG Engine               - globalSoundVolumeProperty: DoubleProperty [value: 0.5]
14:37:00.898 [FXGL Background Thread 3 ] DEBUG Engine               - height: 600
14:37:00.898 [FXGL Background Thread 3 ] DEBUG Engine               - isAndroid: false
14:37:00.898 [FXGL Background Thread 3 ] DEBUG Engine               - isBrowser: false
14:37:00.899 [FXGL Background Thread 3 ] DEBUG Engine               - isClickFeedbackEnabled: false
14:37:00.899 [FXGL Background Thread 3 ] DEBUG Engine               - isCloseConfirmation: false
14:37:00.899 [FXGL Background Thread 3 ] DEBUG Engine               - isDesktop: true
14:37:00.899 [FXGL Background Thread 3 ] DEBUG Engine               - isDeveloperMenuEnabled: false
14:37:00.899 [FXGL Background Thread 3 ] DEBUG Engine               - isEntityPreloadEnabled: true
14:37:00.899 [FXGL Background Thread 3 ] DEBUG Engine               - isExperimental3D: false
14:37:00.900 [FXGL Background Thread 3 ] DEBUG Engine               - isExperimentalNative: false
14:37:00.900 [FXGL Background Thread 3 ] DEBUG Engine               - isExperimentalTiledLargeMap: false
14:37:00.900 [FXGL Background Thread 3 ] DEBUG Engine               - isFileSystemWriteAllowed: true
14:37:00.900 [FXGL Background Thread 3 ] DEBUG Engine               - isFullScreenAllowed: true
14:37:00.901 [FXGL Background Thread 3 ] DEBUG Engine               - isFullScreenFromStart: true
14:37:00.901 [FXGL Background Thread 3 ] DEBUG Engine               - isGameMenuEnabled: true
14:37:00.901 [FXGL Background Thread 3 ] DEBUG Engine               - isIOS: false
14:37:00.901 [FXGL Background Thread 3 ] DEBUG Engine               - isIntroEnabled: false
14:37:00.902 [FXGL Background Thread 3 ] DEBUG Engine               - isLinux: false
14:37:00.902 [FXGL Background Thread 3 ] DEBUG Engine               - isMac: false
14:37:00.902 [FXGL Background Thread 3 ] DEBUG Engine               - isMainMenuEnabled: false
14:37:00.902 [FXGL Background Thread 3 ] DEBUG Engine               - isManualResizeEnabled: false
14:37:00.903 [FXGL Background Thread 3 ] DEBUG Engine               - isMobile: false
14:37:00.903 [FXGL Background Thread 3 ] DEBUG Engine               - isPreserveResizeRatio: false
14:37:00.903 [FXGL Background Thread 3 ] DEBUG Engine               - isProfilingEnabled: false
14:37:00.903 [FXGL Background Thread 3 ] DEBUG Engine               - isScaleAffectedOnResize: true
14:37:00.904 [FXGL Background Thread 3 ] DEBUG Engine               - isSingleStep: false
14:37:00.904 [FXGL Background Thread 3 ] DEBUG Engine               - isUserProfileEnabled: false
14:37:00.904 [FXGL Background Thread 3 ] DEBUG Engine               - isWindows: true
14:37:00.904 [FXGL Background Thread 3 ] DEBUG Engine               - language: ObjectProperty [value: ENGLISH]
14:37:00.905 [FXGL Background Thread 3 ] DEBUG Engine               - menuKey: ESCAPE
14:37:00.905 [FXGL Background Thread 3 ] DEBUG Engine               - notificationViewClass: class com.almasb.fxgl.notification.view.XboxNotificationView
14:37:00.905 [FXGL Background Thread 3 ] DEBUG Engine               - pixelsPerMeter: 50.0
14:37:00.905 [FXGL Background Thread 3 ] DEBUG Engine               - platform: WINDOWS
14:37:00.905 [FXGL Background Thread 3 ] DEBUG Engine               - prefHeightProperty: ReadOnlyDoubleProperty [value: 600.0]
14:37:00.906 [FXGL Background Thread 3 ] DEBUG Engine               - prefWidthProperty: ReadOnlyDoubleProperty [value: 800.0]
14:37:00.906 [FXGL Background Thread 3 ] DEBUG Engine               - profileDir: profiles/
14:37:00.906 [FXGL Background Thread 3 ] DEBUG Engine               - profileName: StringProperty [value: DEFAULT]
14:37:00.906 [FXGL Background Thread 3 ] DEBUG Engine               - randomSeed: -1
14:37:00.906 [FXGL Background Thread 3 ] DEBUG Engine               - runtimeInfo: RuntimeInfo(platform=WINDOWS, version=11.14, build=01.03.2021 16.59)
14:37:00.906 [FXGL Background Thread 3 ] DEBUG Engine               - saveFileExt: sav
14:37:00.907 [FXGL Background Thread 3 ] DEBUG Engine               - scaledHeightProp$fxgl: DoubleProperty [bound, value: 773.7313232421875]
14:37:00.907 [FXGL Background Thread 3 ] DEBUG Engine               - scaledWidthProp$fxgl: DoubleProperty [bound, value: 1375.5223388671875]
14:37:00.907 [FXGL Background Thread 3 ] DEBUG Engine               - sceneFactory: com.almasb.fxgl.app.scene.SceneFactory@798aa800
14:37:00.907 [FXGL Background Thread 3 ] DEBUG Engine               - secondsIn24h: 60
14:37:00.907 [FXGL Background Thread 3 ] DEBUG Engine               - soundMenuBack: menu/back.wav
14:37:00.907 [FXGL Background Thread 3 ] DEBUG Engine               - soundMenuPress: menu/press.wav
14:37:00.908 [FXGL Background Thread 3 ] DEBUG Engine               - soundMenuSelect: menu/select.wav
14:37:00.908 [FXGL Background Thread 3 ] DEBUG Engine               - soundNotification: core/notification.wav
14:37:00.908 [FXGL Background Thread 3 ] DEBUG Engine               - stageStyle: DECORATED
14:37:00.908 [FXGL Background Thread 3 ] DEBUG Engine               - supportedLanguages: [ENGLISH, FRENCH, GERMAN, HUNGARIAN, RUSSIAN]
14:37:00.908 [FXGL Background Thread 3 ] DEBUG Engine               - ticksPerSecond: -1
14:37:00.908 [FXGL Background Thread 3 ] DEBUG Engine               - title: Javatar Game
14:37:00.909 [FXGL Background Thread 3 ] DEBUG Engine               - urlGithub: https://github.com/AlmasB/FXGL
14:37:00.909 [FXGL Background Thread 3 ] DEBUG Engine               - urlLeaderboard: http://fxgl-top.herokuapp.com/
14:37:00.909 [FXGL Background Thread 3 ] DEBUG Engine               - urlPOM: https://raw.githubusercontent.com/AlmasB/FXGL/release/README.md
14:37:00.909 [FXGL Background Thread 3 ] DEBUG Engine               - userAppClass: class Game
14:37:00.909 [FXGL Background Thread 3 ] DEBUG Engine               - version: 1.0
14:37:00.910 [FXGL Background Thread 3 ] DEBUG Engine               - versionCheckDays: 7
14:37:00.910 [FXGL Background Thread 3 ] DEBUG Engine               - width: 800
14:37:00.910 [FXGL Background Thread 3 ] DEBUG Engine               - Logging services
14:37:00.910 [FXGL Background Thread 3 ] DEBUG Engine               - class com.almasb.fxgl.app.services.FXGLAssetLoaderService
14:37:00.910 [FXGL Background Thread 3 ] DEBUG Engine               - class com.almasb.fxgl.app.FXGLApplication$GameApplicationService
14:37:00.911 [FXGL Background Thread 3 ] DEBUG Engine               - class com.almasb.fxgl.app.services.FXGLDialogService
14:37:00.911 [FXGL Background Thread 3 ] DEBUG Engine               - class com.almasb.fxgl.app.services.IOTaskExecutorService
14:37:00.911 [FXGL Background Thread 3 ] DEBUG Engine               - class com.almasb.fxgl.event.EventBusService
14:37:00.911 [FXGL Background Thread 3 ] DEBUG Engine               - class com.almasb.fxgl.io.FileSystemService
14:37:00.911 [FXGL Background Thread 3 ] DEBUG Engine               - class com.almasb.fxgl.localization.LocalizationService
14:37:00.911 [FXGL Background Thread 3 ] DEBUG Engine               - class com.almasb.fxgl.app.services.SystemBundleService
14:37:00.911 [FXGL Background Thread 3 ] DEBUG Engine               - class com.almasb.fxgl.profile.SaveLoadService
14:37:00.911 [FXGL Background Thread 3 ] DEBUG Engine               - class com.almasb.fxgl.ui.FXGLUIFactoryServiceProvider
14:37:00.911 [FXGL Background Thread 3 ] DEBUG Engine               - class com.almasb.fxgl.ui.FXGLDialogFactoryServiceProvider
14:37:00.912 [FXGL Background Thread 3 ] DEBUG Engine               - class com.almasb.fxgl.audio.AudioPlayer
14:37:00.912 [FXGL Background Thread 3 ] DEBUG Engine               - class com.almasb.fxgl.notification.impl.NotificationServiceProvider
14:37:00.915 [FXGL Background Thread 3 ] DEBUG Engine               - class com.almasb.fxgl.achievement.AchievementService
14:37:00.916 [FXGL Background Thread 3 ] DEBUG Engine               - class com.almasb.fxgl.cutscene.CutsceneService
14:37:00.916 [FXGL Background Thread 3 ] DEBUG Engine               - class com.almasb.fxgl.minigames.MiniGameService
14:37:00.917 [FXGL Background Thread 3 ] DEBUG Engine               - class com.almasb.fxgl.net.NetService
14:37:00.917 [FXGL Background Thread 3 ] DEBUG Engine               - class com.almasb.fxgl.app.services.UpdaterService
14:37:00.917 [FXGL Background Thread 3 ] DEBUG Engine               - class com.almasb.fxgl.dev.DevService
14:37:08.150 [JavaFX Application Thread] DEBUG PrimaryStageWindow   - Push state: FXGLDefaultMenu
14:37:08.167 [JavaFX Application Thread] DEBUG Input                - Clearing active input actions
14:37:08.173 [JavaFX Application Thread] DEBUG GameApplicationServi - Removing overlay from GameScene and adding to FXGLDefaultMenu
14:37:08.173 [JavaFX Application Thread] DEBUG PrimaryStageWindow   - GameScene -> FXGLDefaultMenu
14:37:10.231 [JavaFX Application Thread] DEBUG Menu                 - fireExit()
14:37:10.239 [JavaFX Application Thread] DEBUG PrimaryStageWindow   - Push state: DialogSubScene
14:37:10.240 [JavaFX Application Thread] DEBUG Input                - Clearing active input actions
14:37:10.241 [JavaFX Application Thread] DEBUG GameApplicationServi - Removing overlay from FXGLDefaultMenu and adding to DialogSubScene
14:37:10.241 [JavaFX Application Thread] DEBUG PrimaryStageWindow   - FXGLDefaultMenu -> DialogSubScene
14:37:11.367 [JavaFX Application Thread] DEBUG PrimaryStageWindow   - Pop state: DialogSubScene
14:37:11.368 [JavaFX Application Thread] DEBUG Input                - Clearing active input actions
14:37:11.374 [JavaFX Application Thread] DEBUG GameApplicationServi - Removing overlay from DialogSubScene and adding to FXGLDefaultMenu
14:37:11.375 [JavaFX Application Thread] DEBUG PrimaryStageWindow   - FXGLDefaultMenu <- DialogSubScene
14:37:11.376 [JavaFX Application Thread] DEBUG FXGLApplication      - Exiting FXGL
14:37:11.377 [JavaFX Application Thread] DEBUG LoopRunner           - Stopping loop
14:37:11.378 [JavaFX Application Thread] DEBUG SystemBundleService  - Saving FXGL system data
14:37:11.388 [JavaFX Application Thread] DEBUG FileSystemAccess     - Writing to: C:\Users\Sander\IdeaProjects\demo\iposeGameProject\system\fxgl.bundle
14:37:11.403 [JavaFX Application Thread] DEBUG Async                - Shutting down background threads
14:37:11.404 [JavaFX Application Thread] DEBUG PrimaryStageWindow   - Closing main window
14:37:11.461 [JavaFX Application Thread] DEBUG Logger               - Closing Logger
