14:35:55.640 [main                     ] DEBUG Logger               - Configured Logger
14:35:55.667 [main                     ] DEBUG GameApplication      - Logging settings
Title: Javatar Game
Version: 1.0
Width: 800
Height: 600
Fullscreen: true
Intro: false
Profiling: false
Single step:false
App Mode: DEVELOPER
Menu Key: ESCAPE
Stage Style: DECORATED
Scene Factory: class com.almasb.fxgl.app.scene.SceneFactory

14:35:56.482 [JavaFX Application Thread] DEBUG FXGLApplication      - Initializing FXGL
14:35:56.486 [JavaFX Application Thread] INFO  Engine               - FXGL-11.14 (01.03.2021 16.59) on WINDOWS (J:15.0.2 FX:15)
14:35:56.487 [JavaFX Application Thread] DEBUG Engine               - JRE Vendor Name: Amazon.com Inc.
14:35:56.487 [JavaFX Application Thread] DEBUG Engine               - Running on OS: Windows 10 version 10.0
14:35:56.488 [JavaFX Application Thread] DEBUG Engine               - Architecture: amd64
14:35:56.488 [JavaFX Application Thread] INFO  Engine               - Source code and latest versions at: https://github.com/AlmasB/FXGL
14:35:56.488 [JavaFX Application Thread] INFO  Engine               -              Join the FXGL chat at: https://gitter.im/AlmasB/FXGL
14:35:56.724 [JavaFX Application Thread] DEBUG PrimaryStageWindow   - Creating a JavaFX scene
14:35:56.853 [JavaFX Application Thread] DEBUG PrimaryStageWindow   - Target settings size: 800.0 x 600.0
14:35:56.853 [JavaFX Application Thread] DEBUG PrimaryStageWindow   - Scaled scene size:    800.0 x 600.0
14:35:56.854 [JavaFX Application Thread] DEBUG PrimaryStageWindow   - Scaled ratio: (1.0, 1.0)
14:35:56.856 [JavaFX Application Thread] DEBUG PrimaryStageWindow   - Set initial scene to FXGLStartupScene
14:35:56.872 [JavaFX Application Thread] DEBUG PrimaryStageWindow   - Opening main window
14:35:57.018 [JavaFX Application Thread] DEBUG PrimaryStageWindow   - Window border size: (14.567138671875, 37.6119384765625)
14:35:57.018 [JavaFX Application Thread] DEBUG PrimaryStageWindow   - Scaled size: 800.0 x 600.0
14:35:57.018 [JavaFX Application Thread] DEBUG PrimaryStageWindow   - Scaled ratio: (1.0, 1.0)
14:35:57.018 [JavaFX Application Thread] DEBUG PrimaryStageWindow   - Scene size: 800.0 x 600.0
14:35:57.018 [JavaFX Application Thread] DEBUG PrimaryStageWindow   - Stage size: 814.567138671875 x 637.6119384765625
14:35:57.114 [JavaFX Application Thread] DEBUG PrimaryStageWindow   - Going fullscreen
14:35:57.148 [FXGL Background Thread 1 ] DEBUG Engine               - Initializing environment variables
14:35:57.222 [FXGL Background Thread 1 ] DEBUG FXGLAssetLoaderServi - User app class for loading assets: class Game
14:35:57.222 [FXGL Background Thread 1 ] DEBUG GameApplicationServi - Applying CSS: fxgl_dark.css
14:35:57.224 [FXGL Background Thread 1 ] DEBUG FXGLAssetLoaderServi - Loading from file system: jar:file:/C:/Users/Sander/.m2/repository/com/github/almasb/fxgl/11.14/fxgl-11.14.jar!/fxglassets/ui/css/fxgl_dark.css
14:35:57.290 [FXGL Background Thread 1 ] DEBUG GameApplicationServi - Initializing application scenes
14:35:57.408 [FXGL Background Thread 1 ] DEBUG GameWorld            - Game world initialized
14:35:57.498 [FXGL Background Thread 1 ] DEBUG PhysicsWorld         - Physics world initialized: appHeight=600, physics.ppm=50,0
14:35:57.499 [FXGL Background Thread 1 ] DEBUG PhysicsWorld         - Using strategy: BRUTE_FORCE
14:35:57.503 [FXGL Background Thread 1 ] DEBUG GameScene            - Game scene initialized: 800x600
14:35:57.550 [FXGL Background Thread 1 ] DEBUG FXGLAssetLoaderServi - Loading from file system: jar:file:/C:/Users/Sander/.m2/repository/com/github/almasb/fxgl/11.14/fxgl-11.14.jar!/fxglassets/textures/particles/trace_horizontal.png
14:35:57.603 [FXGL Background Thread 1 ] DEBUG FXGL.DefaultMenu     - createMenuBodyGameMenu()
14:35:57.625 [FXGL Background Thread 1 ] DEBUG FXGL.DefaultMenu     - createOptionsMenu()
14:35:57.633 [FXGL Background Thread 1 ] DEBUG FXGLAssetLoaderServi - Loading from file system: jar:file:/C:/Users/Sander/.m2/repository/com/github/almasb/fxgl/11.14/fxgl-11.14.jar!/fxglassets/textures/particles/smoke.png
14:35:57.723 [FXGL Background Thread 1 ] DEBUG GameApplicationServi - Application scenes initialized
14:35:57.743 [FXGL Background Thread 1 ] DEBUG SystemBundleService  - Loading FXGL system data
14:35:57.752 [FXGL Background Thread 1 ] DEBUG FileSystemAccess     - Reading from: C:\Users\Sander\IdeaProjects\demo\iposeGameProject\system\fxgl.bundle
14:35:57.764 [FXGL Background Thread 1 ] DEBUG SystemBundleService  - Bundle FXGL: {}
14:35:57.766 [FXGL Background Thread 1 ] DEBUG UpdaterService       - Checking for updates
14:35:57.775 [FXGL Background Thread 4 ] DEBUG FXGLApplication      - Loading fonts
14:35:57.776 [FXGL Background Thread 1 ] DEBUG FXGLApplication      - Loading default localization
14:35:57.776 [FXGL Background Thread 4 ] DEBUG FXGLAssetLoaderServi - Loading from file system: jar:file:/C:/Users/Sander/.m2/repository/com/github/almasb/fxgl/11.14/fxgl-11.14.jar!/fxglassets/ui/fonts/VarelaRound-Regular.ttf
14:35:57.777 [FXGL Background Thread 1 ] DEBUG FXGLAssetLoaderServi - Loading from file system: jar:file:/C:/Users/Sander/.m2/repository/com/github/almasb/fxgl/11.14/fxgl-11.14.jar!/fxglassets/languages/english.lang
14:35:57.804 [FXGL Background Thread 1 ] INFO  FXGLApplication      - FXGL initialization took: 0,656 sec
14:35:57.832 [JavaFX Application Thread] DEBUG Input                - Registered new binding: action0 - D
14:35:57.833 [JavaFX Application Thread] DEBUG Input                - Registered new binding: action1 - A
14:35:57.835 [JavaFX Application Thread] DEBUG Input                - Registered new binding: action2 - W
14:35:57.838 [JavaFX Application Thread] DEBUG Input                - Registered new binding: action3 - S
14:35:57.840 [JavaFX Application Thread] DEBUG Input                - Registered new binding: Shoot - Space
14:35:57.841 [JavaFX Application Thread] DEBUG Input                - Registered new binding: action4 - Q
14:35:57.842 [JavaFX Application Thread] DEBUG Input                - Registered new binding: action5 - E
14:35:57.843 [JavaFX Application Thread] WARN  FXGLAssetLoaderServi - Asset "/assets/music/test.mp3" was not found!
14:35:57.843 [JavaFX Application Thread] WARN  FXGLAssetLoaderServi - Failed to load MUSIC
14:35:57.847 [JavaFX Application Thread] DEBUG AudioPlayer          - Playing music com.almasb.fxgl.audio.Music@2231724a
14:35:57.848 [JavaFX Application Thread] DEBUG FXGLAssetLoaderServi - Loading from file system: jar:file:/C:/Users/Sander/.m2/repository/com/github/almasb/fxgl/11.14/fxgl-11.14.jar!/fxglassets/textures/fxgl_icon.png
14:35:57.891 [JavaFX Application Thread] DEBUG FXGLAssetLoaderServi - Loading from file system: jar:file:/C:/Users/Sander/.m2/repository/com/github/almasb/fxgl/11.14/fxgl-11.14.jar!/fxglassets/ui/cursors/fxgl_default.png
14:35:57.898 [JavaFX Application Thread] DEBUG Input                - Registered new binding: Screenshot - P
14:35:57.900 [JavaFX Application Thread] DEBUG Input                - Registered new binding: System info dump - CTRL+9
14:35:57.902 [JavaFX Application Thread] DEBUG Input                - Registered new binding: Restart - CTRL+R
14:35:57.904 [JavaFX Application Thread] DEBUG Input                - Registered new binding: Toggle Debug Camera - CTRL+C
14:35:57.909 [JavaFX Application Thread] DEBUG LoopRunner           - Starting loop
14:35:57.913 [JavaFX Application Thread] DEBUG LoopRunner           - Initializing JavaFX AnimationTimerLoop
14:35:57.917 [JavaFX Application Thread] DEBUG GameApplicationServi - Starting new game
14:35:57.921 [JavaFX Application Thread] DEBUG Input                - Clearing active input actions
14:35:57.944 [JavaFX Application Thread] DEBUG GameApplicationServi - Removing overlay from FXGLStartupScene and adding to FXGLLoadingScene
14:35:57.944 [JavaFX Application Thread] DEBUG PrimaryStageWindow   - FXGLStartupScene -> FXGLLoadingScene
14:35:57.945 [JavaFX Application Thread] DEBUG GameApplicationServi - Clearing previous game
14:35:57.945 [JavaFX Application Thread] DEBUG GameScene            - Clearing game scene
14:35:57.945 [JavaFX Application Thread] DEBUG GameWorld            - Clearing game world
14:35:57.945 [JavaFX Application Thread] DEBUG PhysicsWorld         - Clearing physics world
14:35:57.947 [FXGL Background Thread 1 ] DEBUG FXGLApplication      - Initializing game
14:35:58.069 [FXGL Background Thread 1 ] WARN  TMXLevelLoader       - TiledMap generated from 1.0.1. Supported version: 1.2.3. Some features may not be parsed fully.
14:35:58.078 [FXGL Background Thread 1 ] DEBUG TMXLevelLoader       - Parsed raw map: TiledMap(width=15, height=10, tilewidth=70, tileheight=70, orientation=orthogonal, layers=[Layer(width=15, height=10, name=Tile Layer 1, type=tilelayer, visible=false, x=0, y=0, data=[0, 0, 0, 0, 0, 0, 0, 0, 0, 0, 0, 0, 0, 0, 0, 0, 0, 0, 0, 0, 0, 0, 0, 0, 0, 0, 0, 0, 0, 0, 0, 0, 0, 0, 0, 0, 0, 0, 0, 0, 0, 0, 0, 0, 0, 0, 0, 0, 0, 0, 0, 0, 0, 0, 0, 0, 0, 0, 0, 0, 0, 0, 0, 0, 0, 0, 0, 0, 0, 0, 0, 0, 0, 0, 0, 0, 0, 0, 0, 0, 0, 0, 0, 0, 0, 126, 101, 101, 102, 0, 0, 0, 0, 0, 0, 0, 126, 101, 101, 102, 0, 0, 0, 0, 0, 0, 0, 126, 101, 101, 102, 0, 0, 0, 0, 0, 0, 0, 0, 0, 0, 0, 0, 0, 0, 0, 0, 0, 0, 0, 0, 0, 0, 0, 0, 10, 10, 10, 10, 10, 10, 10, 10, 10, 10, 10, 10, 10, 10, 10], objects=[], opacity=0.0, draworder=), Layer(width=0, height=0, name=Object Layer 1, type=objectgroup, visible=false, x=0, y=0, data=[], objects=[com.almasb.fxgl.entity.level.tiled.TiledObject@687fd1b0, com.almasb.fxgl.entity.level.tiled.TiledObject@42b16b8b, com.almasb.fxgl.entity.level.tiled.TiledObject@1a953417, com.almasb.fxgl.entity.level.tiled.TiledObject@2a5bffcf, com.almasb.fxgl.entity.level.tiled.TiledObject@3c3f4965, com.almasb.fxgl.entity.level.tiled.TiledObject@751b905a, com.almasb.fxgl.entity.level.tiled.TiledObject@469d3762, com.almasb.fxgl.entity.level.tiled.TiledObject@334d1df9], opacity=0.0, draworder=)], tilesets=[Tileset(firstgid=1, image=../../../../../../../../Pictures/tiles_spritesheet.png, name=tiles_spritesheet, tilewidth=70, tileheight=70, imagewidth=914, imageheight=936, margin=0, spacing=2, columns=12, tilecount=156, transparentcolor=, tiles=[])], backgroundcolor=, renderorder=right-down, nextobjectid=10, version=1, tiledversion=1.0.1, type=map, infinite=false, hexsidelength=0, staggeraxis=, staggerindex=, properties={}, propertytypes={})
14:35:58.079 [FXGL Background Thread 1 ] DEBUG TMXLevelLoader       - Creating tile layer entities
14:35:58.081 [FXGL Background Thread 1 ] DEBUG TilesetLoader        - Loading view for layer Tile Layer 1
14:35:58.083 [FXGL Background Thread 1 ] DEBUG TilesetLoader        - Created buffer with size 1050.0x700.0
14:35:58.085 [FXGL Background Thread 1 ] WARN  TilesetLoader        - tiles_spritesheet.png cannot be loaded using mapURL=file:/C:/Users/Sander/IdeaProjects/demo/iposeGameProject/target/classes/assets/levels/mario.tmx Error: java.io.FileNotFoundException: C:\Users\Sander\IdeaProjects\demo\iposeGameProject\target\classes\assets\levels\tiles_spritesheet.png (The system cannot find the file specified)
14:35:58.306 [FXGL Background Thread 4 ] DEBUG FXGLAssetLoaderServi - Loading from file system: jar:file:/C:/Users/Sander/.m2/repository/com/github/almasb/fxgl/11.14/fxgl-11.14.jar!/fxglassets/ui/fonts/Abel-Regular.ttf
14:35:58.332 [FXGL Background Thread 4 ] DEBUG FXGLAssetLoaderServi - Loading from file system: jar:file:/C:/Users/Sander/.m2/repository/com/github/almasb/fxgl/11.14/fxgl-11.14.jar!/fxglassets/ui/fonts/lucida_console.ttf
14:35:58.360 [FXGL Background Thread 4 ] DEBUG FXGLAssetLoaderServi - Loading from file system: jar:file:/C:/Users/Sander/.m2/repository/com/github/almasb/fxgl/11.14/fxgl-11.14.jar!/fxglassets/ui/fonts/Courier-Prime.ttf
14:35:58.447 [FXGL Background Thread 1 ] DEBUG TilesetLoader        - Writing to buffer: dst=700,350, w=70,h=70, src=360,720
14:35:58.448 [FXGL Background Thread 1 ] DEBUG TilesetLoader        - Writing to buffer: dst=770,350, w=70,h=70, src=288,576
14:35:58.448 [FXGL Background Thread 1 ] DEBUG TilesetLoader        - Writing to buffer: dst=840,350, w=70,h=70, src=288,576
14:35:58.448 [FXGL Background Thread 1 ] DEBUG TilesetLoader        - Writing to buffer: dst=910,350, w=70,h=70, src=360,576
14:35:58.449 [FXGL Background Thread 1 ] DEBUG TilesetLoader        - Writing to buffer: dst=420,420, w=70,h=70, src=360,720
14:35:58.449 [FXGL Background Thread 1 ] DEBUG TilesetLoader        - Writing to buffer: dst=490,420, w=70,h=70, src=288,576
14:35:58.449 [FXGL Background Thread 1 ] DEBUG TilesetLoader        - Writing to buffer: dst=560,420, w=70,h=70, src=288,576
14:35:58.467 [FXGL Background Thread 1 ] DEBUG TilesetLoader        - Writing to buffer: dst=630,420, w=70,h=70, src=360,576
14:35:58.467 [FXGL Background Thread 1 ] DEBUG TilesetLoader        - Writing to buffer: dst=140,490, w=70,h=70, src=360,720
14:35:58.468 [FXGL Background Thread 1 ] DEBUG TilesetLoader        - Writing to buffer: dst=210,490, w=70,h=70, src=288,576
14:35:58.468 [FXGL Background Thread 1 ] DEBUG TilesetLoader        - Writing to buffer: dst=280,490, w=70,h=70, src=288,576
14:35:58.468 [FXGL Background Thread 1 ] DEBUG TilesetLoader        - Writing to buffer: dst=350,490, w=70,h=70, src=360,576
14:35:58.469 [FXGL Background Thread 1 ] DEBUG TilesetLoader        - Writing to buffer: dst=0,630, w=70,h=70, src=648,0
14:35:58.469 [FXGL Background Thread 1 ] DEBUG TilesetLoader        - Writing to buffer: dst=70,630, w=70,h=70, src=648,0
14:35:58.469 [FXGL Background Thread 1 ] DEBUG TilesetLoader        - Writing to buffer: dst=140,630, w=70,h=70, src=648,0
14:35:58.470 [FXGL Background Thread 1 ] DEBUG TilesetLoader        - Writing to buffer: dst=210,630, w=70,h=70, src=648,0
14:35:58.470 [FXGL Background Thread 1 ] DEBUG TilesetLoader        - Writing to buffer: dst=280,630, w=70,h=70, src=648,0
14:35:58.470 [FXGL Background Thread 1 ] DEBUG TilesetLoader        - Writing to buffer: dst=350,630, w=70,h=70, src=648,0
14:35:58.470 [FXGL Background Thread 1 ] DEBUG TilesetLoader        - Writing to buffer: dst=420,630, w=70,h=70, src=648,0
14:35:58.471 [FXGL Background Thread 1 ] DEBUG TilesetLoader        - Writing to buffer: dst=490,630, w=70,h=70, src=648,0
14:35:58.471 [FXGL Background Thread 1 ] DEBUG TilesetLoader        - Writing to buffer: dst=560,630, w=70,h=70, src=648,0
14:35:58.471 [FXGL Background Thread 1 ] DEBUG TilesetLoader        - Writing to buffer: dst=630,630, w=70,h=70, src=648,0
14:35:58.486 [FXGL Background Thread 1 ] DEBUG TilesetLoader        - Writing to buffer: dst=700,630, w=70,h=70, src=648,0
14:35:58.486 [FXGL Background Thread 1 ] DEBUG TilesetLoader        - Writing to buffer: dst=770,630, w=70,h=70, src=648,0
14:35:58.487 [FXGL Background Thread 1 ] DEBUG TilesetLoader        - Writing to buffer: dst=840,630, w=70,h=70, src=648,0
14:35:58.487 [FXGL Background Thread 1 ] DEBUG TilesetLoader        - Writing to buffer: dst=910,630, w=70,h=70, src=648,0
14:35:58.487 [FXGL Background Thread 1 ] DEBUG TilesetLoader        - Writing to buffer: dst=980,630, w=70,h=70, src=648,0
14:35:58.488 [FXGL Background Thread 1 ] DEBUG TMXLevelLoader       - Creating object layer entities
14:35:58.535 [JavaFX Application Thread] DEBUG FXGLApplication      - Registering font factories with UI factory
14:35:58.551 [FXGL Background Thread 1 ] DEBUG GameWorld            - Clearing removable entities
14:35:58.557 [FXGL Background Thread 1 ] DEBUG GameWorld            - Setting level: com.almasb.fxgl.entity.level.Level@4397a89c
14:35:58.588 [FXGL Background Thread 2 ] INFO  UpdaterService       - Your current version:  11.14
14:35:58.604 [FXGL Background Thread 1 ] DEBUG FXGLAssetLoaderServi - Loading from file system: file:/C:/Users/Sander/IdeaProjects/demo/iposeGameProject/target/classes/assets/textures/among-us.gif
14:35:58.589 [FXGL Background Thread 2 ] INFO  UpdaterService       - Latest stable version: 17.1
14:35:58.941 [FXGL Background Thread 1 ] INFO  FXGLApplication      - Game initialization took: 0,993 sec
14:35:58.958 [JavaFX Application Thread] DEBUG Input                - Clearing active input actions
14:35:58.992 [JavaFX Application Thread] DEBUG GameApplicationServi - Removing overlay from FXGLLoadingScene and adding to GameScene
14:35:58.993 [JavaFX Application Thread] DEBUG PrimaryStageWindow   - FXGLLoadingScene -> GameScene
14:36:00.772 [FXGL Background Thread 3 ] DEBUG Engine               - Logging environment variables
14:36:00.772 [FXGL Background Thread 3 ] DEBUG Engine               - achievements: []
14:36:00.772 [FXGL Background Thread 3 ] DEBUG Engine               - actualHeight: 773.7313232421875
14:36:00.773 [FXGL Background Thread 3 ] DEBUG Engine               - actualHeightProperty: ReadOnlyDoubleProperty [value: 773.7313232421875]
14:36:00.773 [FXGL Background Thread 3 ] DEBUG Engine               - actualWidth: 1375.5223388671875
14:36:00.773 [FXGL Background Thread 3 ] DEBUG Engine               - actualWidthProperty: ReadOnlyDoubleProperty [value: 1375.5223388671875]
14:36:00.773 [FXGL Background Thread 3 ] DEBUG Engine               - appIcon: fxgl_icon.png
14:36:00.773 [FXGL Background Thread 3 ] DEBUG Engine               - applicationMode: DEVELOPER
14:36:00.773 [FXGL Background Thread 3 ] DEBUG Engine               - cSSList: [fxgl_dark.css]
14:36:00.774 [FXGL Background Thread 3 ] DEBUG Engine               - collisionDetectionStrategy: BRUTE_FORCE
14:36:00.775 [FXGL Background Thread 3 ] DEBUG Engine               - configClass: Optional.empty
14:36:00.777 [FXGL Background Thread 3 ] DEBUG Engine               - credits: []
14:36:00.779 [FXGL Background Thread 3 ] DEBUG Engine               - devBBoxColorProperty: ObjectProperty [value: 0xff0000ff]
14:36:00.780 [FXGL Background Thread 3 ] DEBUG Engine               - devEnableDebugCameraProperty: BooleanProperty [value: false]
14:36:00.783 [FXGL Background Thread 3 ] DEBUG Engine               - devSensorColorProperty: ObjectProperty [value: 0xffff00ff]
14:36:00.784 [FXGL Background Thread 3 ] DEBUG Engine               - devShowBBoxProperty: BooleanProperty [value: false]
14:36:00.784 [FXGL Background Thread 3 ] DEBUG Engine               - devShowPositionProperty: BooleanProperty [value: false]
14:36:00.784 [FXGL Background Thread 3 ] DEBUG Engine               - enabledMenuItems: []
14:36:00.785 [FXGL Background Thread 3 ] DEBUG Engine               - engineServices: [class com.almasb.fxgl.app.services.FXGLAssetLoaderService, class com.almasb.fxgl.app.FXGLApplication$GameApplicationService, class com.almasb.fxgl.app.services.FXGLDialogService, class com.almasb.fxgl.app.services.IOTaskExecutorService, class com.almasb.fxgl.event.EventBusService, class com.almasb.fxgl.io.FileSystemService, class com.almasb.fxgl.localization.LocalizationService, class com.almasb.fxgl.app.services.SystemBundleService, class com.almasb.fxgl.profile.SaveLoadService, class com.almasb.fxgl.ui.FXGLUIFactoryServiceProvider, class com.almasb.fxgl.ui.FXGLDialogFactoryServiceProvider, class com.almasb.fxgl.audio.AudioPlayer, class com.almasb.fxgl.notification.impl.NotificationServiceProvider, class com.almasb.fxgl.achievement.AchievementService, class com.almasb.fxgl.cutscene.CutsceneService, class com.almasb.fxgl.minigames.MiniGameService, class com.almasb.fxgl.net.NetService, class com.almasb.fxgl.app.services.UpdaterService, class com.almasb.fxgl.dev.DevService]
14:36:00.785 [FXGL Background Thread 3 ] DEBUG Engine               - fontGame: Abel-Regular.ttf
14:36:00.785 [FXGL Background Thread 3 ] DEBUG Engine               - fontMono: lucida_console.ttf
14:36:00.785 [FXGL Background Thread 3 ] DEBUG Engine               - fontText: Courier-Prime.ttf
14:36:00.785 [FXGL Background Thread 3 ] DEBUG Engine               - fontUI: VarelaRound-Regular.ttf
14:36:00.786 [FXGL Background Thread 3 ] DEBUG Engine               - fullScreen: BooleanProperty [value: true]
14:36:00.786 [FXGL Background Thread 3 ] DEBUG Engine               - gameDifficulty: MEDIUM
14:36:00.786 [FXGL Background Thread 3 ] DEBUG Engine               - gameDifficultyProperty: ObjectProperty [value: MEDIUM]
14:36:00.786 [FXGL Background Thread 3 ] DEBUG Engine               - globalMusicVolume: 0.5
14:36:00.786 [FXGL Background Thread 3 ] DEBUG Engine               - globalMusicVolumeProperty: DoubleProperty [value: 100.0]
14:36:00.787 [FXGL Background Thread 3 ] DEBUG Engine               - globalSoundVolume: 0.5
14:36:00.787 [FXGL Background Thread 3 ] DEBUG Engine               - globalSoundVolumeProperty: DoubleProperty [value: 0.5]
14:36:00.787 [FXGL Background Thread 3 ] DEBUG Engine               - height: 600
14:36:00.787 [FXGL Background Thread 3 ] DEBUG Engine               - isAndroid: false
14:36:00.787 [FXGL Background Thread 3 ] DEBUG Engine               - isBrowser: false
14:36:00.787 [FXGL Background Thread 3 ] DEBUG Engine               - isClickFeedbackEnabled: false
14:36:00.788 [FXGL Background Thread 3 ] DEBUG Engine               - isCloseConfirmation: false
14:36:00.788 [FXGL Background Thread 3 ] DEBUG Engine               - isDesktop: true
14:36:00.788 [FXGL Background Thread 3 ] DEBUG Engine               - isDeveloperMenuEnabled: false
14:36:00.788 [FXGL Background Thread 3 ] DEBUG Engine               - isEntityPreloadEnabled: true
14:36:00.788 [FXGL Background Thread 3 ] DEBUG Engine               - isExperimental3D: false
14:36:00.788 [FXGL Background Thread 3 ] DEBUG Engine               - isExperimentalNative: false
14:36:00.789 [FXGL Background Thread 3 ] DEBUG Engine               - isExperimentalTiledLargeMap: false
14:36:00.789 [FXGL Background Thread 3 ] DEBUG Engine               - isFileSystemWriteAllowed: true
14:36:00.789 [FXGL Background Thread 3 ] DEBUG Engine               - isFullScreenAllowed: true
14:36:00.789 [FXGL Background Thread 3 ] DEBUG Engine               - isFullScreenFromStart: true
14:36:00.789 [FXGL Background Thread 3 ] DEBUG Engine               - isGameMenuEnabled: true
14:36:00.790 [FXGL Background Thread 3 ] DEBUG Engine               - isIOS: false
14:36:00.790 [FXGL Background Thread 3 ] DEBUG Engine               - isIntroEnabled: false
14:36:00.790 [FXGL Background Thread 3 ] DEBUG Engine               - isLinux: false
14:36:00.790 [FXGL Background Thread 3 ] DEBUG Engine               - isMac: false
14:36:00.790 [FXGL Background Thread 3 ] DEBUG Engine               - isMainMenuEnabled: false
14:36:00.790 [FXGL Background Thread 3 ] DEBUG Engine               - isManualResizeEnabled: false
14:36:00.790 [FXGL Background Thread 3 ] DEBUG Engine               - isMobile: false
14:36:00.790 [FXGL Background Thread 3 ] DEBUG Engine               - isPreserveResizeRatio: false
14:36:00.791 [FXGL Background Thread 3 ] DEBUG Engine               - isProfilingEnabled: false
14:36:00.791 [FXGL Background Thread 3 ] DEBUG Engine               - isScaleAffectedOnResize: true
14:36:00.791 [FXGL Background Thread 3 ] DEBUG Engine               - isSingleStep: false
14:36:00.791 [FXGL Background Thread 3 ] DEBUG Engine               - isUserProfileEnabled: false
14:36:00.792 [FXGL Background Thread 3 ] DEBUG Engine               - isWindows: true
14:36:00.792 [FXGL Background Thread 3 ] DEBUG Engine               - language: ObjectProperty [value: ENGLISH]
14:36:00.792 [FXGL Background Thread 3 ] DEBUG Engine               - menuKey: ESCAPE
14:36:00.792 [FXGL Background Thread 3 ] DEBUG Engine               - notificationViewClass: class com.almasb.fxgl.notification.view.XboxNotificationView
14:36:00.792 [FXGL Background Thread 3 ] DEBUG Engine               - pixelsPerMeter: 50.0
14:36:00.793 [FXGL Background Thread 3 ] DEBUG Engine               - platform: WINDOWS
14:36:00.793 [FXGL Background Thread 3 ] DEBUG Engine               - prefHeightProperty: ReadOnlyDoubleProperty [value: 600.0]
14:36:00.793 [FXGL Background Thread 3 ] DEBUG Engine               - prefWidthProperty: ReadOnlyDoubleProperty [value: 800.0]
14:36:00.793 [FXGL Background Thread 3 ] DEBUG Engine               - profileDir: profiles/
14:36:00.793 [FXGL Background Thread 3 ] DEBUG Engine               - profileName: StringProperty [value: DEFAULT]
14:36:00.794 [FXGL Background Thread 3 ] DEBUG Engine               - randomSeed: -1
14:36:00.794 [FXGL Background Thread 3 ] DEBUG Engine               - runtimeInfo: RuntimeInfo(platform=WINDOWS, version=11.14, build=01.03.2021 16.59)
14:36:00.794 [FXGL Background Thread 3 ] DEBUG Engine               - saveFileExt: sav
14:36:00.794 [FXGL Background Thread 3 ] DEBUG Engine               - scaledHeightProp$fxgl: DoubleProperty [bound, value: 773.7313232421875]
14:36:00.795 [FXGL Background Thread 3 ] DEBUG Engine               - scaledWidthProp$fxgl: DoubleProperty [bound, value: 1375.5223388671875]
14:36:00.795 [FXGL Background Thread 3 ] DEBUG Engine               - sceneFactory: com.almasb.fxgl.app.scene.SceneFactory@3a4144b9
14:36:00.796 [FXGL Background Thread 3 ] DEBUG Engine               - secondsIn24h: 60
14:36:00.797 [FXGL Background Thread 3 ] DEBUG Engine               - soundMenuBack: menu/back.wav
14:36:00.798 [FXGL Background Thread 3 ] DEBUG Engine               - soundMenuPress: menu/press.wav
14:36:00.799 [FXGL Background Thread 3 ] DEBUG Engine               - soundMenuSelect: menu/select.wav
14:36:00.800 [FXGL Background Thread 3 ] DEBUG Engine               - soundNotification: core/notification.wav
14:36:00.800 [FXGL Background Thread 3 ] DEBUG Engine               - stageStyle: DECORATED
14:36:00.803 [FXGL Background Thread 3 ] DEBUG Engine               - supportedLanguages: [ENGLISH, FRENCH, GERMAN, HUNGARIAN, RUSSIAN]
14:36:00.804 [FXGL Background Thread 3 ] DEBUG Engine               - ticksPerSecond: -1
14:36:00.805 [FXGL Background Thread 3 ] DEBUG Engine               - title: Javatar Game
14:36:00.805 [FXGL Background Thread 3 ] DEBUG Engine               - urlGithub: https://github.com/AlmasB/FXGL
14:36:00.805 [FXGL Background Thread 3 ] DEBUG Engine               - urlLeaderboard: http://fxgl-top.herokuapp.com/
14:36:00.805 [FXGL Background Thread 3 ] DEBUG Engine               - urlPOM: https://raw.githubusercontent.com/AlmasB/FXGL/release/README.md
14:36:00.805 [FXGL Background Thread 3 ] DEBUG Engine               - userAppClass: class Game
14:36:00.806 [FXGL Background Thread 3 ] DEBUG Engine               - version: 1.0
14:36:00.806 [FXGL Background Thread 3 ] DEBUG Engine               - versionCheckDays: 7
14:36:00.806 [FXGL Background Thread 3 ] DEBUG Engine               - width: 800
14:36:00.806 [FXGL Background Thread 3 ] DEBUG Engine               - Logging services
14:36:00.807 [FXGL Background Thread 3 ] DEBUG Engine               - class com.almasb.fxgl.app.services.FXGLAssetLoaderService
14:36:00.807 [FXGL Background Thread 3 ] DEBUG Engine               - class com.almasb.fxgl.app.FXGLApplication$GameApplicationService
14:36:00.807 [FXGL Background Thread 3 ] DEBUG Engine               - class com.almasb.fxgl.app.services.FXGLDialogService
14:36:00.807 [FXGL Background Thread 3 ] DEBUG Engine               - class com.almasb.fxgl.app.services.IOTaskExecutorService
14:36:00.807 [FXGL Background Thread 3 ] DEBUG Engine               - class com.almasb.fxgl.event.EventBusService
14:36:00.807 [FXGL Background Thread 3 ] DEBUG Engine               - class com.almasb.fxgl.io.FileSystemService
14:36:00.807 [FXGL Background Thread 3 ] DEBUG Engine               - class com.almasb.fxgl.localization.LocalizationService
14:36:00.807 [FXGL Background Thread 3 ] DEBUG Engine               - class com.almasb.fxgl.app.services.SystemBundleService
14:36:00.807 [FXGL Background Thread 3 ] DEBUG Engine               - class com.almasb.fxgl.profile.SaveLoadService
14:36:00.807 [FXGL Background Thread 3 ] DEBUG Engine               - class com.almasb.fxgl.ui.FXGLUIFactoryServiceProvider
14:36:00.808 [FXGL Background Thread 3 ] DEBUG Engine               - class com.almasb.fxgl.ui.FXGLDialogFactoryServiceProvider
14:36:00.808 [FXGL Background Thread 3 ] DEBUG Engine               - class com.almasb.fxgl.audio.AudioPlayer
14:36:00.808 [FXGL Background Thread 3 ] DEBUG Engine               - class com.almasb.fxgl.notification.impl.NotificationServiceProvider
14:36:00.808 [FXGL Background Thread 3 ] DEBUG Engine               - class com.almasb.fxgl.achievement.AchievementService
14:36:00.808 [FXGL Background Thread 3 ] DEBUG Engine               - class com.almasb.fxgl.cutscene.CutsceneService
14:36:00.808 [FXGL Background Thread 3 ] DEBUG Engine               - class com.almasb.fxgl.minigames.MiniGameService
14:36:00.808 [FXGL Background Thread 3 ] DEBUG Engine               - class com.almasb.fxgl.net.NetService
14:36:00.809 [FXGL Background Thread 3 ] DEBUG Engine               - class com.almasb.fxgl.app.services.UpdaterService
14:36:00.809 [FXGL Background Thread 3 ] DEBUG Engine               - class com.almasb.fxgl.dev.DevService
14:36:08.626 [JavaFX Application Thread] DEBUG PrimaryStageWindow   - Push state: FXGLDefaultMenu
14:36:08.642 [JavaFX Application Thread] DEBUG Input                - Clearing active input actions
14:36:08.648 [JavaFX Application Thread] DEBUG GameApplicationServi - Removing overlay from GameScene and adding to FXGLDefaultMenu
14:36:08.649 [JavaFX Application Thread] DEBUG PrimaryStageWindow   - GameScene -> FXGLDefaultMenu
14:36:10.429 [JavaFX Application Thread] DEBUG Menu                 - fireExit()
14:36:10.436 [JavaFX Application Thread] DEBUG PrimaryStageWindow   - Push state: DialogSubScene
14:36:10.437 [JavaFX Application Thread] DEBUG Input                - Clearing active input actions
14:36:10.437 [JavaFX Application Thread] DEBUG GameApplicationServi - Removing overlay from FXGLDefaultMenu and adding to DialogSubScene
14:36:10.438 [JavaFX Application Thread] DEBUG PrimaryStageWindow   - FXGLDefaultMenu -> DialogSubScene
14:36:11.556 [JavaFX Application Thread] DEBUG PrimaryStageWindow   - Pop state: DialogSubScene
14:36:11.557 [JavaFX Application Thread] DEBUG Input                - Clearing active input actions
14:36:11.560 [JavaFX Application Thread] DEBUG GameApplicationServi - Removing overlay from DialogSubScene and adding to FXGLDefaultMenu
14:36:11.562 [JavaFX Application Thread] DEBUG PrimaryStageWindow   - FXGLDefaultMenu <- DialogSubScene
14:36:11.563 [JavaFX Application Thread] DEBUG FXGLApplication      - Exiting FXGL
14:36:11.563 [JavaFX Application Thread] DEBUG LoopRunner           - Stopping loop
14:36:11.564 [JavaFX Application Thread] DEBUG SystemBundleService  - Saving FXGL system data
14:36:11.572 [JavaFX Application Thread] DEBUG FileSystemAccess     - Writing to: C:\Users\Sander\IdeaProjects\demo\iposeGameProject\system\fxgl.bundle
14:36:11.577 [JavaFX Application Thread] DEBUG Async                - Shutting down background threads
14:36:11.579 [JavaFX Application Thread] DEBUG PrimaryStageWindow   - Closing main window
14:36:11.644 [JavaFX Application Thread] DEBUG Logger               - Closing Logger
