10:02:11.723 [main                     ] DEBUG Logger               - Configured Logger
10:02:11.749 [main                     ] DEBUG GameApplication      - Logging settings
Title: Javatar Game
Version: 1.0
Width: 800
Height: 600
Fullscreen: false
Intro: false
Profiling: false
Single step:false
App Mode: DEVELOPER
Menu Key: ESCAPE
Stage Style: DECORATED
Scene Factory: class com.almasb.fxgl.app.scene.SceneFactory

10:02:12.412 [JavaFX Application Thread] DEBUG FXGLApplication      - Initializing FXGL
10:02:12.417 [JavaFX Application Thread] INFO  Engine               - FXGL-11.14 (01.03.2021 16.59) on WINDOWS (J:15.0.2 FX:15)
10:02:12.418 [JavaFX Application Thread] DEBUG Engine               - JRE Vendor Name: Oracle Corporation
10:02:12.418 [JavaFX Application Thread] DEBUG Engine               - Running on OS: Windows 10 version 10.0
10:02:12.418 [JavaFX Application Thread] DEBUG Engine               - Architecture: amd64
10:02:12.419 [JavaFX Application Thread] INFO  Engine               - Source code and latest versions at: https://github.com/AlmasB/FXGL
10:02:12.419 [JavaFX Application Thread] INFO  Engine               -              Join the FXGL chat at: https://gitter.im/AlmasB/FXGL
10:02:12.667 [JavaFX Application Thread] DEBUG PrimaryStageWindow   - Creating a JavaFX scene
10:02:12.771 [JavaFX Application Thread] DEBUG PrimaryStageWindow   - Target settings size: 800.0 x 600.0
10:02:12.772 [JavaFX Application Thread] DEBUG PrimaryStageWindow   - Scaled scene size:    800.0 x 600.0
10:02:12.772 [JavaFX Application Thread] DEBUG PrimaryStageWindow   - Scaled ratio: (1.0, 1.0)
10:02:12.774 [JavaFX Application Thread] DEBUG PrimaryStageWindow   - Set initial scene to FXGLStartupScene
10:02:12.789 [JavaFX Application Thread] DEBUG PrimaryStageWindow   - Opening main window
10:02:12.970 [JavaFX Application Thread] DEBUG PrimaryStageWindow   - Window border size: (14.66668701171875, 37.33331298828125)
10:02:12.971 [JavaFX Application Thread] DEBUG PrimaryStageWindow   - Scaled size: 800.0 x 600.0
10:02:12.971 [JavaFX Application Thread] DEBUG PrimaryStageWindow   - Scaled ratio: (1.0, 1.0)
10:02:12.971 [JavaFX Application Thread] DEBUG PrimaryStageWindow   - Scene size: 800.0 x 600.0
10:02:12.972 [JavaFX Application Thread] DEBUG PrimaryStageWindow   - Stage size: 814.6666870117188 x 637.3333129882812
10:02:13.000 [FXGL Background Thread 1 ] DEBUG Engine               - Initializing environment variables
10:02:13.086 [FXGL Background Thread 1 ] DEBUG FXGLAssetLoaderServi - User app class for loading assets: class Game
10:02:13.087 [FXGL Background Thread 1 ] DEBUG GameApplicationServi - Applying CSS: fxgl_dark.css
10:02:13.088 [FXGL Background Thread 1 ] DEBUG FXGLAssetLoaderServi - Loading from file system: jar:file:/C:/Users/Joel/.m2/repository/com/github/almasb/fxgl/11.14/fxgl-11.14.jar!/fxglassets/ui/css/fxgl_dark.css
10:02:13.222 [FXGL Background Thread 1 ] DEBUG GameApplicationServi - Initializing application scenes
10:02:13.365 [FXGL Background Thread 1 ] DEBUG GameWorld            - Game world initialized
10:02:13.485 [FXGL Background Thread 1 ] DEBUG PhysicsWorld         - Physics world initialized: appHeight=600, physics.ppm=50.0
10:02:13.486 [FXGL Background Thread 1 ] DEBUG PhysicsWorld         - Using strategy: BRUTE_FORCE
10:02:13.491 [FXGL Background Thread 1 ] DEBUG GameScene            - Game scene initialized: 800x600
10:02:13.552 [FXGL Background Thread 1 ] DEBUG FXGLAssetLoaderServi - Loading from file system: jar:file:/C:/Users/Joel/.m2/repository/com/github/almasb/fxgl/11.14/fxgl-11.14.jar!/fxglassets/textures/particles/trace_horizontal.png
10:02:13.657 [FXGL Background Thread 1 ] DEBUG FXGL.DefaultMenu     - createMenuBodyGameMenu()
10:02:13.689 [FXGL Background Thread 1 ] DEBUG FXGL.DefaultMenu     - createOptionsMenu()
10:02:13.701 [FXGL Background Thread 1 ] DEBUG FXGLAssetLoaderServi - Loading from file system: jar:file:/C:/Users/Joel/.m2/repository/com/github/almasb/fxgl/11.14/fxgl-11.14.jar!/fxglassets/textures/particles/smoke.png
10:02:13.813 [FXGL Background Thread 1 ] DEBUG GameApplicationServi - Application scenes initialized
10:02:13.833 [FXGL Background Thread 1 ] DEBUG SystemBundleService  - Loading FXGL system data
10:02:13.840 [FXGL Background Thread 1 ] DEBUG FileSystemAccess     - Reading from: C:\Users\Joel\iposeGameProject\system\fxgl.bundle
10:02:13.851 [FXGL Background Thread 1 ] DEBUG SystemBundleService  - Bundle FXGL: {}
10:02:13.852 [FXGL Background Thread 1 ] DEBUG UpdaterService       - Checking for updates
10:02:13.860 [FXGL Background Thread 1 ] DEBUG FXGLApplication      - Loading default localization
10:02:13.861 [FXGL Background Thread 1 ] DEBUG FXGLAssetLoaderServi - Loading from file system: jar:file:/C:/Users/Joel/.m2/repository/com/github/almasb/fxgl/11.14/fxgl-11.14.jar!/fxglassets/languages/english.lang
10:02:13.901 [FXGL Background Thread 1 ] INFO  FXGLApplication      - FXGL initialization took: 0.900 sec
10:02:13.912 [FXGL Background Thread 4 ] DEBUG FXGLApplication      - Loading fonts
10:02:13.917 [JavaFX Application Thread] DEBUG Input                - Registered new binding: action0 - D
10:02:13.918 [JavaFX Application Thread] DEBUG Input                - Registered new binding: action1 - A
10:02:13.918 [JavaFX Application Thread] DEBUG Input                - Registered new binding: action2 - W
10:02:13.920 [FXGL Background Thread 4 ] DEBUG FXGLAssetLoaderServi - Loading from file system: jar:file:/C:/Users/Joel/.m2/repository/com/github/almasb/fxgl/11.14/fxgl-11.14.jar!/fxglassets/ui/fonts/VarelaRound-Regular.ttf
10:02:13.919 [JavaFX Application Thread] DEBUG Input                - Registered new binding: action3 - S
10:02:13.928 [JavaFX Application Thread] DEBUG FXGLAssetLoaderServi - Loading from file system: jar:file:/C:/Users/Joel/.m2/repository/com/github/almasb/fxgl/11.14/fxgl-11.14.jar!/fxglassets/textures/fxgl_icon.png
10:02:13.954 [JavaFX Application Thread] DEBUG FXGLAssetLoaderServi - Loading from file system: jar:file:/C:/Users/Joel/.m2/repository/com/github/almasb/fxgl/11.14/fxgl-11.14.jar!/fxglassets/ui/cursors/fxgl_default.png
10:02:13.957 [JavaFX Application Thread] DEBUG Input                - Registered new binding: Screenshot - P
10:02:13.957 [JavaFX Application Thread] DEBUG Input                - Registered new binding: System info dump - CTRL+9
10:02:13.958 [JavaFX Application Thread] DEBUG Input                - Registered new binding: Restart - CTRL+R
10:02:13.960 [JavaFX Application Thread] DEBUG Input                - Registered new binding: Toggle Debug Camera - CTRL+C
10:02:13.964 [JavaFX Application Thread] DEBUG LoopRunner           - Starting loop
10:02:13.964 [JavaFX Application Thread] DEBUG LoopRunner           - Initializing JavaFX AnimationTimerLoop
10:02:13.967 [JavaFX Application Thread] DEBUG GameApplicationServi - Starting new game
10:02:13.968 [JavaFX Application Thread] DEBUG Input                - Clearing active input actions
10:02:13.985 [JavaFX Application Thread] DEBUG GameApplicationServi - Removing overlay from FXGLStartupScene and adding to FXGLLoadingScene
10:02:13.986 [JavaFX Application Thread] DEBUG PrimaryStageWindow   - FXGLStartupScene -> FXGLLoadingScene
10:02:13.987 [JavaFX Application Thread] DEBUG GameApplicationServi - Clearing previous game
10:02:13.987 [JavaFX Application Thread] DEBUG GameScene            - Clearing game scene
10:02:13.987 [JavaFX Application Thread] DEBUG GameWorld            - Clearing game world
10:02:13.987 [JavaFX Application Thread] DEBUG PhysicsWorld         - Clearing physics world
10:02:13.990 [FXGL Background Thread 1 ] DEBUG FXGLApplication      - Initializing game
10:02:14.000 [FXGL Background Thread 1 ] INFO  FXGLApplication      - Game initialization took: 0.010 sec
10:02:14.053 [JavaFX Application Thread] DEBUG Input                - Clearing active input actions
10:02:14.065 [JavaFX Application Thread] DEBUG GameApplicationServi - Removing overlay from FXGLLoadingScene and adding to GameScene
10:02:14.065 [JavaFX Application Thread] DEBUG PrimaryStageWindow   - FXGLLoadingScene -> GameScene
10:02:14.345 [FXGL Background Thread 4 ] DEBUG FXGLAssetLoaderServi - Loading from file system: jar:file:/C:/Users/Joel/.m2/repository/com/github/almasb/fxgl/11.14/fxgl-11.14.jar!/fxglassets/ui/fonts/Abel-Regular.ttf
10:02:14.362 [FXGL Background Thread 4 ] DEBUG FXGLAssetLoaderServi - Loading from file system: jar:file:/C:/Users/Joel/.m2/repository/com/github/almasb/fxgl/11.14/fxgl-11.14.jar!/fxglassets/ui/fonts/lucida_console.ttf
10:02:14.370 [FXGL Background Thread 4 ] DEBUG FXGLAssetLoaderServi - Loading from file system: jar:file:/C:/Users/Joel/.m2/repository/com/github/almasb/fxgl/11.14/fxgl-11.14.jar!/fxglassets/ui/fonts/Courier-Prime.ttf
10:02:14.378 [JavaFX Application Thread] DEBUG FXGLApplication      - Registering font factories with UI factory
10:02:14.704 [FXGL Background Thread 2 ] INFO  UpdaterService       - Your current version:  11.14
10:02:14.705 [FXGL Background Thread 2 ] INFO  UpdaterService       - Latest stable version: 17.1
10:02:16.857 [FXGL Background Thread 3 ] DEBUG Engine               - Logging environment variables
10:02:16.864 [FXGL Background Thread 3 ] DEBUG Engine               - achievements: []
10:02:16.865 [FXGL Background Thread 3 ] DEBUG Engine               - actualHeight: 600.0
10:02:16.866 [FXGL Background Thread 3 ] DEBUG Engine               - actualHeightProperty: ReadOnlyDoubleProperty [value: 600.0]
10:02:16.867 [FXGL Background Thread 3 ] DEBUG Engine               - actualWidth: 800.0
10:02:16.867 [FXGL Background Thread 3 ] DEBUG Engine               - actualWidthProperty: ReadOnlyDoubleProperty [value: 800.0]
10:02:16.868 [FXGL Background Thread 3 ] DEBUG Engine               - appIcon: fxgl_icon.png
10:02:16.868 [FXGL Background Thread 3 ] DEBUG Engine               - applicationMode: DEVELOPER
10:02:16.869 [FXGL Background Thread 3 ] DEBUG Engine               - cSSList: [fxgl_dark.css]
10:02:16.870 [FXGL Background Thread 3 ] DEBUG Engine               - collisionDetectionStrategy: BRUTE_FORCE
10:02:16.871 [FXGL Background Thread 3 ] DEBUG Engine               - configClass: Optional.empty
10:02:16.873 [FXGL Background Thread 3 ] DEBUG Engine               - credits: []
10:02:16.882 [FXGL Background Thread 3 ] DEBUG Engine               - devBBoxColorProperty: ObjectProperty [value: 0xff0000ff]
10:02:16.884 [FXGL Background Thread 3 ] DEBUG Engine               - devEnableDebugCameraProperty: BooleanProperty [value: false]
10:02:16.885 [FXGL Background Thread 3 ] DEBUG Engine               - devSensorColorProperty: ObjectProperty [value: 0xffff00ff]
10:02:16.886 [FXGL Background Thread 3 ] DEBUG Engine               - devShowBBoxProperty: BooleanProperty [value: false]
10:02:16.887 [FXGL Background Thread 3 ] DEBUG Engine               - devShowPositionProperty: BooleanProperty [value: false]
10:02:16.888 [FXGL Background Thread 3 ] DEBUG Engine               - enabledMenuItems: []
10:02:16.889 [FXGL Background Thread 3 ] DEBUG Engine               - engineServices: [class com.almasb.fxgl.app.services.FXGLAssetLoaderService, class com.almasb.fxgl.app.FXGLApplication$GameApplicationService, class com.almasb.fxgl.app.services.FXGLDialogService, class com.almasb.fxgl.app.services.IOTaskExecutorService, class com.almasb.fxgl.event.EventBusService, class com.almasb.fxgl.io.FileSystemService, class com.almasb.fxgl.localization.LocalizationService, class com.almasb.fxgl.app.services.SystemBundleService, class com.almasb.fxgl.profile.SaveLoadService, class com.almasb.fxgl.ui.FXGLUIFactoryServiceProvider, class com.almasb.fxgl.ui.FXGLDialogFactoryServiceProvider, class com.almasb.fxgl.audio.AudioPlayer, class com.almasb.fxgl.notification.impl.NotificationServiceProvider, class com.almasb.fxgl.achievement.AchievementService, class com.almasb.fxgl.cutscene.CutsceneService, class com.almasb.fxgl.minigames.MiniGameService, class com.almasb.fxgl.net.NetService, class com.almasb.fxgl.app.services.UpdaterService, class com.almasb.fxgl.dev.DevService]
10:02:16.892 [FXGL Background Thread 3 ] DEBUG Engine               - fontGame: Abel-Regular.ttf
10:02:16.895 [FXGL Background Thread 3 ] DEBUG Engine               - fontMono: lucida_console.ttf
10:02:16.896 [FXGL Background Thread 3 ] DEBUG Engine               - fontText: Courier-Prime.ttf
10:02:16.897 [FXGL Background Thread 3 ] DEBUG Engine               - fontUI: VarelaRound-Regular.ttf
10:02:16.897 [FXGL Background Thread 3 ] DEBUG Engine               - fullScreen: BooleanProperty [value: false]
10:02:16.898 [FXGL Background Thread 3 ] DEBUG Engine               - gameDifficulty: MEDIUM
10:02:16.898 [FXGL Background Thread 3 ] DEBUG Engine               - gameDifficultyProperty: ObjectProperty [value: MEDIUM]
10:02:16.899 [FXGL Background Thread 3 ] DEBUG Engine               - globalMusicVolume: 0.5
10:02:16.900 [FXGL Background Thread 3 ] DEBUG Engine               - globalMusicVolumeProperty: DoubleProperty [value: 0.5]
10:02:16.901 [FXGL Background Thread 3 ] DEBUG Engine               - globalSoundVolume: 0.5
10:02:16.902 [FXGL Background Thread 3 ] DEBUG Engine               - globalSoundVolumeProperty: DoubleProperty [value: 0.5]
10:02:16.902 [FXGL Background Thread 3 ] DEBUG Engine               - height: 600
10:02:16.903 [FXGL Background Thread 3 ] DEBUG Engine               - isAndroid: false
10:02:16.903 [FXGL Background Thread 3 ] DEBUG Engine               - isBrowser: false
10:02:16.903 [FXGL Background Thread 3 ] DEBUG Engine               - isClickFeedbackEnabled: false
10:02:16.904 [FXGL Background Thread 3 ] DEBUG Engine               - isCloseConfirmation: false
10:02:16.904 [FXGL Background Thread 3 ] DEBUG Engine               - isDesktop: true
10:02:16.904 [FXGL Background Thread 3 ] DEBUG Engine               - isDeveloperMenuEnabled: false
10:02:16.905 [FXGL Background Thread 3 ] DEBUG Engine               - isEntityPreloadEnabled: true
10:02:16.905 [FXGL Background Thread 3 ] DEBUG Engine               - isExperimental3D: false
10:02:16.905 [FXGL Background Thread 3 ] DEBUG Engine               - isExperimentalNative: false
10:02:16.905 [FXGL Background Thread 3 ] DEBUG Engine               - isExperimentalTiledLargeMap: false
10:02:16.906 [FXGL Background Thread 3 ] DEBUG Engine               - isFileSystemWriteAllowed: true
10:02:16.906 [FXGL Background Thread 3 ] DEBUG Engine               - isFullScreenAllowed: false
10:02:16.909 [FXGL Background Thread 3 ] DEBUG Engine               - isFullScreenFromStart: false
10:02:16.911 [FXGL Background Thread 3 ] DEBUG Engine               - isGameMenuEnabled: true
10:02:16.911 [FXGL Background Thread 3 ] DEBUG Engine               - isIOS: false
10:02:16.912 [FXGL Background Thread 3 ] DEBUG Engine               - isIntroEnabled: false
10:02:16.912 [FXGL Background Thread 3 ] DEBUG Engine               - isLinux: false
10:02:16.913 [FXGL Background Thread 3 ] DEBUG Engine               - isMac: false
10:02:16.913 [FXGL Background Thread 3 ] DEBUG Engine               - isMainMenuEnabled: false
10:02:16.914 [FXGL Background Thread 3 ] DEBUG Engine               - isManualResizeEnabled: false
10:02:16.914 [FXGL Background Thread 3 ] DEBUG Engine               - isMobile: false
10:02:16.914 [FXGL Background Thread 3 ] DEBUG Engine               - isPreserveResizeRatio: false
10:02:16.915 [FXGL Background Thread 3 ] DEBUG Engine               - isProfilingEnabled: false
10:02:16.915 [FXGL Background Thread 3 ] DEBUG Engine               - isScaleAffectedOnResize: true
10:02:16.915 [FXGL Background Thread 3 ] DEBUG Engine               - isSingleStep: false
10:02:16.916 [FXGL Background Thread 3 ] DEBUG Engine               - isUserProfileEnabled: false
10:02:16.916 [FXGL Background Thread 3 ] DEBUG Engine               - isWindows: true
10:02:16.916 [FXGL Background Thread 3 ] DEBUG Engine               - language: ObjectProperty [value: ENGLISH]
10:02:16.917 [FXGL Background Thread 3 ] DEBUG Engine               - menuKey: ESCAPE
10:02:16.917 [FXGL Background Thread 3 ] DEBUG Engine               - notificationViewClass: class com.almasb.fxgl.notification.view.XboxNotificationView
10:02:16.917 [FXGL Background Thread 3 ] DEBUG Engine               - pixelsPerMeter: 50.0
10:02:16.917 [FXGL Background Thread 3 ] DEBUG Engine               - platform: WINDOWS
10:02:16.918 [FXGL Background Thread 3 ] DEBUG Engine               - prefHeightProperty: ReadOnlyDoubleProperty [value: 600.0]
10:02:16.918 [FXGL Background Thread 3 ] DEBUG Engine               - prefWidthProperty: ReadOnlyDoubleProperty [value: 800.0]
10:02:16.918 [FXGL Background Thread 3 ] DEBUG Engine               - profileDir: profiles/
10:02:16.918 [FXGL Background Thread 3 ] DEBUG Engine               - profileName: StringProperty [value: DEFAULT]
10:02:16.919 [FXGL Background Thread 3 ] DEBUG Engine               - randomSeed: -1
10:02:16.919 [FXGL Background Thread 3 ] DEBUG Engine               - runtimeInfo: RuntimeInfo(platform=WINDOWS, version=11.14, build=01.03.2021 16.59)
10:02:16.919 [FXGL Background Thread 3 ] DEBUG Engine               - saveFileExt: sav
10:02:16.919 [FXGL Background Thread 3 ] DEBUG Engine               - scaledHeightProp$fxgl: DoubleProperty [bound, value: 600.0]
10:02:16.920 [FXGL Background Thread 3 ] DEBUG Engine               - scaledWidthProp$fxgl: DoubleProperty [bound, value: 800.0]
10:02:16.920 [FXGL Background Thread 3 ] DEBUG Engine               - sceneFactory: com.almasb.fxgl.app.scene.SceneFactory@5e98e318
10:02:16.921 [FXGL Background Thread 3 ] DEBUG Engine               - secondsIn24h: 60
10:02:16.921 [FXGL Background Thread 3 ] DEBUG Engine               - soundMenuBack: menu/back.wav
10:02:16.921 [FXGL Background Thread 3 ] DEBUG Engine               - soundMenuPress: menu/press.wav
10:02:16.921 [FXGL Background Thread 3 ] DEBUG Engine               - soundMenuSelect: menu/select.wav
10:02:16.921 [FXGL Background Thread 3 ] DEBUG Engine               - soundNotification: core/notification.wav
10:02:16.922 [FXGL Background Thread 3 ] DEBUG Engine               - stageStyle: DECORATED
10:02:16.922 [FXGL Background Thread 3 ] DEBUG Engine               - supportedLanguages: [ENGLISH, FRENCH, GERMAN, HUNGARIAN, RUSSIAN]
10:02:16.922 [FXGL Background Thread 3 ] DEBUG Engine               - ticksPerSecond: -1
10:02:16.922 [FXGL Background Thread 3 ] DEBUG Engine               - title: Javatar Game
10:02:16.922 [FXGL Background Thread 3 ] DEBUG Engine               - urlGithub: https://github.com/AlmasB/FXGL
10:02:16.922 [FXGL Background Thread 3 ] DEBUG Engine               - urlLeaderboard: http://fxgl-top.herokuapp.com/
10:02:16.922 [FXGL Background Thread 3 ] DEBUG Engine               - urlPOM: https://raw.githubusercontent.com/AlmasB/FXGL/release/README.md
10:02:16.923 [FXGL Background Thread 3 ] DEBUG Engine               - userAppClass: class Game
10:02:16.923 [FXGL Background Thread 3 ] DEBUG Engine               - version: 1.0
10:02:16.924 [FXGL Background Thread 3 ] DEBUG Engine               - versionCheckDays: 7
10:02:16.925 [FXGL Background Thread 3 ] DEBUG Engine               - width: 800
10:02:16.926 [FXGL Background Thread 3 ] DEBUG Engine               - Logging services
10:02:16.927 [FXGL Background Thread 3 ] DEBUG Engine               - class com.almasb.fxgl.app.services.FXGLAssetLoaderService
10:02:16.928 [FXGL Background Thread 3 ] DEBUG Engine               - class com.almasb.fxgl.app.FXGLApplication$GameApplicationService
10:02:16.928 [FXGL Background Thread 3 ] DEBUG Engine               - class com.almasb.fxgl.app.services.FXGLDialogService
10:02:16.928 [FXGL Background Thread 3 ] DEBUG Engine               - class com.almasb.fxgl.app.services.IOTaskExecutorService
10:02:16.929 [FXGL Background Thread 3 ] DEBUG Engine               - class com.almasb.fxgl.event.EventBusService
10:02:16.929 [FXGL Background Thread 3 ] DEBUG Engine               - class com.almasb.fxgl.io.FileSystemService
10:02:16.929 [FXGL Background Thread 3 ] DEBUG Engine               - class com.almasb.fxgl.localization.LocalizationService
10:02:16.929 [FXGL Background Thread 3 ] DEBUG Engine               - class com.almasb.fxgl.app.services.SystemBundleService
10:02:16.929 [FXGL Background Thread 3 ] DEBUG Engine               - class com.almasb.fxgl.profile.SaveLoadService
10:02:16.929 [FXGL Background Thread 3 ] DEBUG Engine               - class com.almasb.fxgl.ui.FXGLUIFactoryServiceProvider
10:02:16.929 [FXGL Background Thread 3 ] DEBUG Engine               - class com.almasb.fxgl.ui.FXGLDialogFactoryServiceProvider
10:02:16.929 [FXGL Background Thread 3 ] DEBUG Engine               - class com.almasb.fxgl.audio.AudioPlayer
10:02:16.930 [FXGL Background Thread 3 ] DEBUG Engine               - class com.almasb.fxgl.notification.impl.NotificationServiceProvider
10:02:16.930 [FXGL Background Thread 3 ] DEBUG Engine               - class com.almasb.fxgl.achievement.AchievementService
10:02:16.930 [FXGL Background Thread 3 ] DEBUG Engine               - class com.almasb.fxgl.cutscene.CutsceneService
10:02:16.930 [FXGL Background Thread 3 ] DEBUG Engine               - class com.almasb.fxgl.minigames.MiniGameService
10:02:16.931 [FXGL Background Thread 3 ] DEBUG Engine               - class com.almasb.fxgl.net.NetService
10:02:16.931 [FXGL Background Thread 3 ] DEBUG Engine               - class com.almasb.fxgl.app.services.UpdaterService
10:02:16.931 [FXGL Background Thread 3 ] DEBUG Engine               - class com.almasb.fxgl.dev.DevService
10:02:18.904 [JavaFX Application Thread] DEBUG FXGLApplication      - Exiting FXGL
10:02:18.906 [JavaFX Application Thread] DEBUG LoopRunner           - Stopping loop
10:02:18.907 [JavaFX Application Thread] DEBUG SystemBundleService  - Saving FXGL system data
10:02:18.914 [JavaFX Application Thread] DEBUG FileSystemAccess     - Writing to: C:\Users\Joel\iposeGameProject\system\fxgl.bundle
10:02:18.920 [JavaFX Application Thread] DEBUG Async                - Shutting down background threads
10:02:18.921 [JavaFX Application Thread] DEBUG PrimaryStageWindow   - Closing main window
10:02:18.958 [JavaFX Application Thread] DEBUG Logger               - Closing Logger
